#
# A fatal error has been detected by the Java Runtime Environment:
#
#  SIGSEGV (0xb) at pc=0x000000012536d2fa, pid=55621, tid=91395
#
# JRE version: Java(TM) SE Runtime Environment (8.0_51-b16) (build 1.8.0_51-b16)
# Java VM: Java HotSpot(TM) 64-Bit Server VM (25.51-b03 mixed mode bsd-amd64 compressed oops)
# Problematic frame:
# C  [libjfxmedia_avf.dylib+0x72fa]  AVFKernelComponent::ProcessBufferLists(unsigned int&, AudioBufferList const&, AudioBufferList&, unsigned int)+0x26
#
# Failed to write core dump. Core dumps have been disabled. To enable core dumping, try "ulimit -c unlimited" before starting Java again
#
# If you would like to submit a bug report, please visit:
#   http://bugreport.java.com/bugreport/crash.jsp
#

---------------  T H R E A D  ---------------

Current thread is native thread

siginfo: si_signo: 11 (SIGSEGV), si_code: 0 (unknown), si_addr: 0x0000000000000000

Registers:
RAX=0x7000000000000000, RBX=0x00007fcd67fc2050, RCX=0x00007fcd67fc2020, RDX=0x00007fcd67fc2050
RSP=0x000070000cb39780, RBP=0x000070000cb39780, RSI=0x000070000cb39a54, RDI=0x00007fcd67f92f00
R8 =0x0000000000001000, R9 =0x000070000cb39587, R10=0x00007fcd6e478728, R11=0xffffffffffffffd0
R12=0x0000000000000000, R13=0x0000000000001000, R14=0x000000012536d2d4, R15=0x00007fcd67fc1e40
RIP=0x000000012536d2fa, EFLAGS=0x0000000000010206, ERR=0x0000000000000000
  TRAPNO=0x000000000000000d

Top of Stack: (sp=0x000070000cb39780)
0x000070000cb39780:   000070000cb397e0 0000000125375b9b
0x000070000cb39790:   0000000000000000 000070000cb39a54
0x000070000cb397a0:   0000000000000000 0000000000000000
0x000070000cb397b0:   0000000000000000 00007fcd67fcd800
0x000070000cb397c0:   000070000cb39a54 00007fcd67fc1e40
0x000070000cb397d0:   00007fcd67fea1b0 0000000000001000
0x000070000cb397e0:   000070000cb39830 0000000125370d51
0x000070000cb397f0:   0000000000000000 000070000cb39a78
0x000070000cb39800:   0000000000000000 0000000000000002
0x000070000cb39810:   00007fcd67fcd800 00007fcd67fea1b0
0x000070000cb39820:   00000000ffffffce 0000000000001000
0x000070000cb39830:   000070000cb398b0 000000012536f3d1
0x000070000cb39840:   00007fcd67fea1b0 00007fffc674d0be
0x000070000cb39850:   00009fe00cb398d0 000070000cb39a54
0x000070000cb39860:   00007fcd67fc1e40 000070000cb39a78
0x000070000cb39870:   0000000067fea100 00009fe067fea1b0
0x000070000cb39880:   0000700000009fe0 00000000ffffffce
0x000070000cb39890:   000070000cb39a54 0000000000000000
0x000070000cb398a0:   0000000000001000 000070000cb39a78
0x000070000cb398b0:   000070000cb398d0 0000000125373210
0x000070000cb398c0:   00000000fffffffc 00007fcd67fea070
0x000070000cb398d0:   000070000cb39910 000000012537215b
0x000070000cb398e0:   00007fcd67fea070 000070000cb39a78
0x000070000cb398f0:   00000000ffffd584 0000000000001000
0x000070000cb39900:   00007fcd6e4109a8 00007fcd67fe9e90
0x000070000cb39910:   000070000cb39970 0000000125375aad
0x000070000cb39920:   0000000000000000 000070000cb39a54
0x000070000cb39930:   0000000000000000 0000000000000000
0x000070000cb39940:   0000000000000000 00007fcd67fcd8c0
0x000070000cb39950:   000070000cb39a54 00007fcd67fe9e90
0x000070000cb39960:   00007fcd6e4109a8 0000000000001000
0x000070000cb39970:   000070000cb399c0 0000000125370d51 

Instructions: (pc=0x000000012536d2fa)
0x000000012536d2da:   d0 01 00 00 01 75 10 48 8b bf d8 01 00 00 48 85
0x000000012536d2ea:   ff 75 0a 31 c0 5d c3 5d e9 bd 89 00 00 48 8b 07
0x000000012536d2fa:   48 8b 40 28 5d ff e0 90 55 48 89 e5 b8 fc ff ff
0x000000012536d30a:   ff 5d c3 90 55 48 89 e5 b8 fc ff ff ff 5d c3 90 

Register to memory mapping:

RAX=0x7000000000000000 is an unknown value
RBX=0x00007fcd67fc2050 is an unknown value
RCX=0x00007fcd67fc2020 is an unknown value
RDX=0x00007fcd67fc2050 is an unknown value
RSP=0x000070000cb39780 is an unknown value
RBP=0x000070000cb39780 is an unknown value
RSI=0x000070000cb39a54 is an unknown value
RDI=0x00007fcd67f92f00 is an unknown value
R8 =0x0000000000001000 is an unknown value
R9 =0x000070000cb39587 is an unknown value
R10=0x00007fcd6e478728 is an unknown value
R11=0xffffffffffffffd0 is an unknown value
R12=0x0000000000000000 is an unknown value
R13=0x0000000000001000 is an unknown value
R14=0x000000012536d2d4: _ZN18AVFKernelComponent18ProcessBufferListsERjRK15AudioBufferListRS1_j+0 in /Library/Java/JavaVirtualMachines/jdk1.8.0_51.jdk/Contents/Home/jre/lib/libjfxmedia_avf.dylib at 0x0000000125366000
R15=0x00007fcd67fc1e40 is an unknown value


Stack: [0x000070000caba000,0x000070000cb3a000],  sp=0x000070000cb39780,  free space=509k
Native frames: (J=compiled Java code, j=interpreted, Vv=VM code, C=native code)
C  [libjfxmedia_avf.dylib+0x72fa]  AVFKernelComponent::ProcessBufferLists(unsigned int&, AudioBufferList const&, AudioBufferList&, unsigned int)+0x26
C  [libjfxmedia_avf.dylib+0xfb9b]  AUEffectBase::Render(unsigned int&, AudioTimeStamp const&, unsigned int)+0x151
C  [libjfxmedia_avf.dylib+0xad51]  AUBase::DoRenderBus(unsigned int&, AudioTimeStamp const&, unsigned int, AUOutputElement*, unsigned int, AudioBufferList&)+0x7f
C  [libjfxmedia_avf.dylib+0x93d1]  AUBase::DoRender(unsigned int&, AudioTimeStamp const&, unsigned int, unsigned int, AudioBufferList&)+0x203
C  [libjfxmedia_avf.dylib+0xd210]  AUMethodRender(void*, unsigned int*, AudioTimeStamp const*, unsigned int, unsigned int, AudioBufferList*)+0x2e
C  [libjfxmedia_avf.dylib+0xc15b]  AUInputElement::PullInput(unsigned int&, AudioTimeStamp const&, unsigned int, unsigned int)+0x8d
C  [libjfxmedia_avf.dylib+0xfaad]  AUEffectBase::Render(unsigned int&, AudioTimeStamp const&, unsigned int)+0x63
C  [libjfxmedia_avf.dylib+0xad51]  AUBase::DoRenderBus(unsigned int&, AudioTimeStamp const&, unsigned int, AUOutputElement*, unsigned int, AudioBufferList&)+0x7f
C  [libjfxmedia_avf.dylib+0x93d1]  AUBase::DoRender(unsigned int&, AudioTimeStamp const&, unsigned int, unsigned int, AudioBufferList&)+0x203
C  [libjfxmedia_avf.dylib+0xd210]  AUMethodRender(void*, unsigned int*, AudioTimeStamp const*, unsigned int, unsigned int, AudioBufferList*)+0x2e
C  [libjfxmedia_avf.dylib+0x4ea0]  ProcessAudioTap(void const*, long, unsigned int, AudioBufferList*, long*, unsigned int*)+0x65
C  [MediaToolbox+0x3713fd]  MTAudioProcessingTapGetSourceAudio+0x852
C  [AudioToolbox+0xe4159]  AQClientCallProcessingTap(void*, unsigned int, AudioTimeStamp*, unsigned int*, unsigned int*, AudioBufferList*, int, double, unsigned int, double, unsigned int, unsigned char const*, unsigned int)+0x5d
C  [AudioToolbox+0x16ae9e]  AQProcessingTap::DoCallout(unsigned int&, AudioTimeStamp&, unsigned int&, AudioBufferList&)+0xbc
C  [AudioToolbox+0x16ac9d]  AudioQueueObject::PerformTapInternal(AudioTimeStamp&, unsigned int&, unsigned int&)+0x85
C  [AudioToolbox+0x16aba3]  AudioQueueObject::PerformProcessingTap(int (*)(void*, unsigned int&, AudioTimeStamp const&, unsigned int, AudioBufferList&, double&, unsigned int&), void*, AudioTimeStamp&, unsigned int&, AudioBufferList&, unsigned int&)+0xc5
C  [AudioToolbox+0x1761b7]  MEMixerChannel::TapDownstream(void*, unsigned int*, AudioTimeStamp const*, unsigned int, unsigned int, AudioBufferList*)+0x81
C  [CoreAudio+0x10cef5]  AUInputElement::PullInput(unsigned int&, AudioTimeStamp const&, unsigned int, unsigned int)+0xb9
C  [CoreAudio+0x5f574]  AUDeferredRenderer::Produce()+0x240
C  [CoreAudio+0x5f2ab]  AUDeferredRenderer::ProducerThreadProc()+0x31
C  [CoreAudio+0x5ecab]  AUDeferredRenderer::ProducerThreadProc(void*)+0x1f
C  [CoreAudio+0x1236e5]  CAPThread::Entry(CAPThread*)+0x55
C  [libsystem_pthread.dylib+0x393b]  _pthread_body+0xb4
C  [libsystem_pthread.dylib+0x3887]  _pthread_body+0x0
C  [libsystem_pthread.dylib+0x308d]  thread_start+0xd


---------------  P R O C E S S  ---------------

VM state:at safepoint (normal execution)

VM Mutex/Monitor currently owned by a thread:  ([mutex/lock_event])
[0x00007fcd67f037a0] Threads_lock - owner thread: 0x00007fcd68021000
[0x00007fcd67f03ca0] Heap_lock - owner thread: 0x00007fcd6b07f800

Heap:
 PSYoungGen      total 76288K, used 37437K [0x000000076ab00000, 0x0000000770000000, 0x00000007c0000000)
  eden space 65536K, 50% used [0x000000076ab00000,0x000000076cb54998,0x000000076eb00000)
  from space 10752K, 40% used [0x000000076eb00000,0x000000076ef3aad0,0x000000076f580000)
  to   space 10752K, 0% used [0x000000076f580000,0x000000076f580000,0x0000000770000000)
 ParOldGen       total 175104K, used 40K [0x00000006c0000000, 0x00000006cab00000, 0x000000076ab00000)
  object space 175104K, 0% used [0x00000006c0000000,0x00000006c000a000,0x00000006cab00000)
 Metaspace       used 15728K, capacity 16406K, committed 16512K, reserved 1062912K
  class space    used 2195K, capacity 2378K, committed 2432K, reserved 1048576K

Card table byte_map: [0x0000000103f29000,0x000000010472a000] byte_map_base: 0x0000000100929000

Marking Bits: (ParMarkBitMap*) 0x00000001034c27a0
 Begin Bits: [0x0000000119d17000, 0x000000011dd17000)
 End Bits:   [0x000000011dd17000, 0x0000000121d17000)

Polling page: 0x0000000101a59000

CodeCache: size=245760Kb used=7008Kb max_used=7008Kb free=238751Kb
 bounds [0x000000010ad17000, 0x000000010b3f7000, 0x0000000119d17000]
 total_blobs=2879 nmethods=2239 adapters=552
 compilation: enabled

Compilation events (10 events):
Event: 14.260 Thread 0x00007fcd6b027800 2235       1       java.util.concurrent.atomic.AtomicInteger::incrementAndGet (14 bytes)
Event: 14.260 Thread 0x00007fcd6b027800 nmethod 2235 0x000000010b3f1390 code [0x000000010b3f14e0, 0x000000010b3f15f0]
Event: 14.360 Thread 0x00007fcd6b027800 2236       3       java.util.TaskQueue::getMin (7 bytes)
Event: 14.360 Thread 0x00007fcd6b027800 nmethod 2236 0x000000010b3f1650 code [0x000000010b3f17c0, 0x000000010b3f1950]
Event: 14.481 Thread 0x00007fcd6b027800 2238       3       java.lang.invoke.InnerClassLambdaMetafactory::getParameterSize (27 bytes)
Event: 14.481 Thread 0x00007fcd6b027800 nmethod 2238 0x000000010b3f1d90 code [0x000000010b3f1f00, 0x000000010b3f2130]
Event: 14.483 Thread 0x00007fcd6b027800 2239       3       java.lang.invoke.MethodHandleNatives::refKindHasReceiver (33 bytes)
Event: 14.483 Thread 0x00007fcd6b027800 nmethod 2239 0x000000010b3f2190 code [0x000000010b3f2300, 0x000000010b3f24b0]
Event: 14.493 Thread 0x00007fcd6b027800 2240       3       jdk.internal.org.objectweb.asm.MethodVisitor::visitVarInsn (17 bytes)
Event: 14.494 Thread 0x00007fcd6b027800 nmethod 2240 0x000000010b3f2510 code [0x000000010b3f2680, 0x000000010b3f28e8]

GC Heap History (6 events):
Event: 0.526 GC heap before
{Heap before GC invocations=1 (full 0):
 PSYoungGen      total 76288K, used 65536K [0x000000076ab00000, 0x0000000770000000, 0x00000007c0000000)
  eden space 65536K, 100% used [0x000000076ab00000,0x000000076eb00000,0x000000076eb00000)
  from space 10752K, 0% used [0x000000076f580000,0x000000076f580000,0x0000000770000000)
  to   space 10752K, 0% used [0x000000076eb00000,0x000000076eb00000,0x000000076f580000)
 ParOldGen       total 175104K, used 0K [0x00000006c0000000, 0x00000006cab00000, 0x000000076ab00000)
  object space 175104K, 0% used [0x00000006c0000000,0x00000006c0000000,0x00000006cab00000)
 Metaspace       used 8039K, capacity 8334K, committed 8576K, reserved 1056768K
  class space    used 974K, capacity 1092K, committed 1152K, reserved 1048576K
Event: 0.528 GC heap after
Heap after GC invocations=1 (full 0):
 PSYoungGen      total 76288K, used 1936K [0x000000076ab00000, 0x0000000770000000, 0x00000007c0000000)
  eden space 65536K, 0% used [0x000000076ab00000,0x000000076ab00000,0x000000076eb00000)
  from space 10752K, 18% used [0x000000076eb00000,0x000000076ece4030,0x000000076f580000)
  to   space 10752K, 0% used [0x000000076f580000,0x000000076f580000,0x0000000770000000)
 ParOldGen       total 175104K, used 8K [0x00000006c0000000, 0x00000006cab00000, 0x000000076ab00000)
  object space 175104K, 0% used [0x00000006c0000000,0x00000006c0002000,0x00000006cab00000)
 Metaspace       used 8039K, capacity 8334K, committed 8576K, reserved 1056768K
  class space    used 974K, capacity 1092K, committed 1152K, reserved 1048576K
}
Event: 4.390 GC heap before
{Heap before GC invocations=2 (full 0):
 PSYoungGen      total 76288K, used 67472K [0x000000076ab00000, 0x0000000770000000, 0x00000007c0000000)
  eden space 65536K, 100% used [0x000000076ab00000,0x000000076eb00000,0x000000076eb00000)
  from space 10752K, 18% used [0x000000076eb00000,0x000000076ece4030,0x000000076f580000)
  to   space 10752K, 0% used [0x000000076f580000,0x000000076f580000,0x0000000770000000)
 ParOldGen       total 175104K, used 8K [0x00000006c0000000, 0x00000006cab00000, 0x000000076ab00000)
  object space 175104K, 0% used [0x00000006c0000000,0x00000006c0002000,0x00000006cab00000)
 Metaspace       used 14542K, capacity 15090K, committed 15360K, reserved 1062912K
  class space    used 2069K, capacity 2220K, committed 2304K, reserved 1048576K
Event: 4.395 GC heap after
Heap after GC invocations=2 (full 0):
 PSYoungGen      total 76288K, used 4240K [0x000000076ab00000, 0x0000000770000000, 0x00000007c0000000)
  eden space 65536K, 0% used [0x000000076ab00000,0x000000076ab00000,0x000000076eb00000)
  from space 10752K, 39% used [0x000000076f580000,0x000000076f9a4030,0x0000000770000000)
  to   space 10752K, 0% used [0x000000076eb00000,0x000000076eb00000,0x000000076f580000)
 ParOldGen       total 175104K, used 24K [0x00000006c0000000, 0x00000006cab00000, 0x000000076ab00000)
  object space 175104K, 0% used [0x00000006c0000000,0x00000006c0006000,0x00000006cab00000)
 Metaspace       used 14542K, capacity 15090K, committed 15360K, reserved 1062912K
  class space    used 2069K, capacity 2220K, committed 2304K, reserved 1048576K
}
Event: 10.830 GC heap before
{Heap before GC invocations=3 (full 0):
 PSYoungGen      total 76288K, used 69776K [0x000000076ab00000, 0x0000000770000000, 0x00000007c0000000)
  eden space 65536K, 100% used [0x000000076ab00000,0x000000076eb00000,0x000000076eb00000)
  from space 10752K, 39% used [0x000000076f580000,0x000000076f9a4030,0x0000000770000000)
  to   space 10752K, 0% used [0x000000076eb00000,0x000000076eb00000,0x000000076f580000)
 ParOldGen       total 175104K, used 24K [0x00000006c0000000, 0x00000006cab00000, 0x000000076ab00000)
  object space 175104K, 0% used [0x00000006c0000000,0x00000006c0006000,0x00000006cab00000)
 Metaspace       used 15502K, capacity 16128K, committed 16256K, reserved 1062912K
  class space    used 2184K, capacity 2335K, committed 2432K, reserved 1048576K
Event: 10.835 GC heap after
Heap after GC invocations=3 (full 0):
 PSYoungGen      total 76288K, used 4330K [0x000000076ab00000, 0x0000000770000000, 0x00000007c0000000)
  eden space 65536K, 0% used [0x000000076ab00000,0x000000076ab00000,0x000000076eb00000)
  from space 10752K, 40% used [0x000000076eb00000,0x000000076ef3aad0,0x000000076f580000)
  to   space 10752K, 0% used [0x000000076f580000,0x000000076f580000,0x0000000770000000)
 ParOldGen       total 175104K, used 40K [0x00000006c0000000, 0x00000006cab00000, 0x000000076ab00000)
  object space 175104K, 0% used [0x00000006c0000000,0x00000006c000a000,0x00000006cab00000)
 Metaspace       used 15502K, capacity 16128K, committed 16256K, reserved 1062912K
  class space    used 2184K, capacity 2335K, committed 2432K, reserved 1048576K
}

Deoptimization events (10 events):
Event: 1.265 Thread 0x00007fcd680ec800 Uncommon trap: reason=unstable_if action=reinterpret pc=0x000000010b035080 method=java.util.HashMap.putVal(ILjava/lang/Object;Ljava/lang/Object;ZZ)Ljava/lang/Object; @ 193
Event: 7.759 Thread 0x00007fcd680ec800 Uncommon trap: reason=unstable_if action=reinterpret pc=0x000000010b05d634 method=jdk.internal.org.objectweb.asm.Type.getArgumentsAndReturnSizes(Ljava/lang/String;)I @ 47
Event: 7.778 Thread 0x00007fcd6b07f800 Uncommon trap: reason=unstable_if action=reinterpret pc=0x000000010b271c30 method=com.sun.prism.es2.GLContext.updateBoundTexture(I)V @ 5
Event: 11.904 Thread 0x00007fcd6b07f800 Uncommon trap: reason=unstable_if action=reinterpret pc=0x000000010b28ba64 method=com.sun.prism.es2.GLContext.updateViewportAndDepthTest(IIIIZ)V @ 30
Event: 11.915 Thread 0x00007fcd6b07f800 Uncommon trap: reason=unstable_if action=reinterpret pc=0x000000010b28fe2c method=com.sun.prism.es2.GLContext.updateViewportAndDepthTest(IIIIZ)V @ 30
Event: 12.126 Thread 0x00007fcd6b07f800 Uncommon trap: reason=unstable_if action=reinterpret pc=0x000000010b2f5510 method=com.sun.prism.impl.ps.BaseShaderContext.checkState(Lcom/sun/prism/impl/ps/BaseShaderGraphics;ILcom/sun/javafx/geom/transform/BaseTransform;Lcom/sun/prism/ps/Shader;)V @ 139
Event: 12.594 Thread 0x00007fcd6b07f800 Uncommon trap: reason=unstable_if action=reinterpret pc=0x000000010b35668c method=com.sun.javafx.geom.transform.AffineBase.translate(DD)V @ 528
Event: 12.594 Thread 0x00007fcd6b07f800 Uncommon trap: reason=unstable_if action=reinterpret pc=0x000000010b23fb78 method=com.sun.javafx.geom.transform.AffineBase.updateState2D()V @ 51
Event: 12.594 Thread 0x00007fcd6b07f800 Uncommon trap: reason=unstable_if action=reinterpret pc=0x000000010b23e5e0 method=com.sun.javafx.geom.transform.AffineBase.updateState2D()V @ 51
Event: 12.594 Thread 0x00007fcd6b07f800 Uncommon trap: reason=unstable_if action=reinterpret pc=0x000000010b2d6a18 method=com.sun.javafx.geom.transform.AffineBase.updateState2D()V @ 51

Internal exceptions (10 events):
Event: 0.130 Thread 0x00007fcd68002800 Exception <a 'java/lang/NoSuchFieldError': method resolution failed> (0x000000076af458a0) thrown at [/Users/java_re/workspace/8-2-build-macosx-x86_64/jdk8u51/3951/hotspot/src/share/vm/prims/methodHandles.cpp, line 1125]
Event: 0.131 Thread 0x00007fcd68002800 Exception <a 'java/lang/NoSuchFieldError': method resolution failed> (0x000000076af53f70) thrown at [/Users/java_re/workspace/8-2-build-macosx-x86_64/jdk8u51/3951/hotspot/src/share/vm/prims/methodHandles.cpp, line 1125]
Event: 0.146 Thread 0x00007fcd68002800 Exception <a 'java/security/PrivilegedActionException'> (0x000000076afe0458) thrown at [/Users/java_re/workspace/8-2-build-macosx-x86_64/jdk8u51/3951/hotspot/src/share/vm/prims/jvm.cpp, line 1382]
Event: 0.146 Thread 0x00007fcd68002800 Exception <a 'java/security/PrivilegedActionException'> (0x000000076afe0610) thrown at [/Users/java_re/workspace/8-2-build-macosx-x86_64/jdk8u51/3951/hotspot/src/share/vm/prims/jvm.cpp, line 1382]
Event: 0.146 Thread 0x00007fcd68002800 Exception <a 'java/security/PrivilegedActionException'> (0x000000076afe3800) thrown at [/Users/java_re/workspace/8-2-build-macosx-x86_64/jdk8u51/3951/hotspot/src/share/vm/prims/jvm.cpp, line 1382]
Event: 0.146 Thread 0x00007fcd68002800 Exception <a 'java/security/PrivilegedActionException'> (0x000000076afe39b8) thrown at [/Users/java_re/workspace/8-2-build-macosx-x86_64/jdk8u51/3951/hotspot/src/share/vm/prims/jvm.cpp, line 1382]
Event: 0.146 Thread 0x00007fcd68002800 Exception <a 'java/lang/NullPointerException'> (0x000000076afe42c0) thrown at [/Users/java_re/workspace/8-2-build-macosx-x86_64/jdk8u51/3951/hotspot/src/share/vm/interpreter/linkResolver.cpp, line 1178]
Event: 0.453 Thread 0x00007fcd680ec800 Exception <a 'java/lang/NullPointerException'> (0x000000076baf43d0) thrown at [/Users/java_re/workspace/8-2-build-macosx-x86_64/jdk8u51/3951/hotspot/src/share/vm/interpreter/linkResolver.cpp, line 1280]
Event: 0.644 Thread 0x00007fcd680ec800 Exception <a 'java/lang/NullPointerException'> (0x000000076c1114f0) thrown at [/Users/java_re/workspace/8-2-build-macosx-x86_64/jdk8u51/3951/hotspot/src/share/vm/interpreter/linkResolver.cpp, line 1178]
Event: 0.644 Thread 0x00007fcd680ec800 Exception <a 'java/lang/NullPointerException'> (0x000000076c1114f0) thrown at [/Users/java_re/workspace/8-2-build-macosx-x86_64/jdk8u51/3951/hotspot/src/share/vm/prims/jvm.cpp, line 1386]

Events (10 events):
Event: 14.497 Thread 0x00007fcd68002800 Thread exited: 0x00007fcd68002800
Event: 14.497 Thread 0x00007fcd680ec800 Thread exited: 0x00007fcd680ec800
Event: 14.497 Thread 0x00007fcd6b07f800 Thread added: 0x00007fcd6b07f800
Event: 14.497 loading class java/util/IdentityHashMap$KeySet
Event: 14.498 loading class java/util/IdentityHashMap$KeySet done
Event: 14.498 loading class java/util/IdentityHashMap$KeyIterator
Event: 14.498 loading class java/util/IdentityHashMap$IdentityHashMapIterator
Event: 14.498 loading class java/util/IdentityHashMap$IdentityHashMapIterator done
Event: 14.498 loading class java/util/IdentityHashMap$KeyIterator done
Event: 14.498 Thread 0x00007fcd6b07f800 Thread exited: 0x00007fcd6b07f800


Dynamic libraries:
0x0000000052580000 	/System/Library/Frameworks/Cocoa.framework/Versions/A/Cocoa
0x0000000052580000 	/System/Library/Frameworks/Security.framework/Versions/A/Security
0x0000000052580000 	/System/Library/Frameworks/ApplicationServices.framework/Versions/A/ApplicationServices
0x0000000052580000 	/usr/lib/libz.1.dylib
0x0000000052580000 	/usr/lib/libSystem.B.dylib
0x0000000052580000 	/usr/lib/libobjc.A.dylib
0x0000000052580000 	/System/Library/Frameworks/CoreFoundation.framework/Versions/A/CoreFoundation
0x0000000052580000 	/System/Library/Frameworks/Foundation.framework/Versions/C/Foundation
0x0000000052580000 	/System/Library/Frameworks/AppKit.framework/Versions/C/AppKit
0x0000000052580000 	/System/Library/Frameworks/CoreData.framework/Versions/A/CoreData
0x0000000052580000 	/System/Library/PrivateFrameworks/RemoteViewServices.framework/Versions/A/RemoteViewServices
0x0000000052580000 	/System/Library/PrivateFrameworks/UIFoundation.framework/Versions/A/UIFoundation
0x0000000052580000 	/System/Library/PrivateFrameworks/DFRFoundation.framework/Versions/A/DFRFoundation
0x0000000052580000 	/usr/lib/libenergytrace.dylib
0x0000000052580000 	/System/Library/PrivateFrameworks/SkyLight.framework/Versions/A/SkyLight
0x0000000052580000 	/System/Library/Frameworks/CoreGraphics.framework/Versions/A/CoreGraphics
0x0000000052580000 	/usr/lib/libScreenReader.dylib
0x0000000052580000 	/System/Library/Frameworks/Accelerate.framework/Versions/A/Accelerate
0x0000000052580000 	/System/Library/Frameworks/IOSurface.framework/Versions/A/IOSurface
0x0000000052580000 	/System/Library/Frameworks/AudioToolbox.framework/Versions/A/AudioToolbox
0x0000000052580000 	/System/Library/Frameworks/AudioUnit.framework/Versions/A/AudioUnit
0x0000000052580000 	/System/Library/PrivateFrameworks/DataDetectorsCore.framework/Versions/A/DataDetectorsCore
0x0000000052580000 	/System/Library/PrivateFrameworks/DesktopServicesPriv.framework/Versions/A/DesktopServicesPriv
0x0000000052580000 	/System/Library/Frameworks/Carbon.framework/Versions/A/Frameworks/HIToolbox.framework/Versions/A/HIToolbox
0x0000000052580000 	/usr/lib/libicucore.A.dylib
0x0000000052580000 	/System/Library/Frameworks/QuartzCore.framework/Versions/A/QuartzCore
0x0000000052580000 	/System/Library/Frameworks/Carbon.framework/Versions/A/Frameworks/SpeechRecognition.framework/Versions/A/SpeechRecognition
0x0000000052580000 	/usr/lib/libauto.dylib
0x0000000052580000 	/usr/lib/libxml2.2.dylib
0x0000000052580000 	/System/Library/PrivateFrameworks/CoreUI.framework/Versions/A/CoreUI
0x0000000052580000 	/System/Library/Frameworks/CoreAudio.framework/Versions/A/CoreAudio
0x0000000052580000 	/System/Library/Frameworks/DiskArbitration.framework/Versions/A/DiskArbitration
0x0000000052580000 	/usr/lib/liblangid.dylib
0x0000000052580000 	/System/Library/PrivateFrameworks/MultitouchSupport.framework/Versions/A/MultitouchSupport
0x0000000052580000 	/System/Library/Frameworks/IOKit.framework/Versions/A/IOKit
0x0000000052580000 	/usr/lib/libDiagnosticMessagesClient.dylib
0x0000000052580000 	/System/Library/Frameworks/CoreServices.framework/Versions/A/CoreServices
0x0000000052580000 	/System/Library/PrivateFrameworks/PerformanceAnalysis.framework/Versions/A/PerformanceAnalysis
0x0000000052580000 	/System/Library/PrivateFrameworks/GenerationalStorage.framework/Versions/A/GenerationalStorage
0x0000000052580000 	/System/Library/Frameworks/OpenGL.framework/Versions/A/OpenGL
0x0000000052580000 	/System/Library/Frameworks/CoreImage.framework/Versions/A/CoreImage
0x0000000052580000 	/System/Library/Frameworks/CoreText.framework/Versions/A/CoreText
0x0000000052580000 	/System/Library/Frameworks/ImageIO.framework/Versions/A/ImageIO
0x0000000052580000 	/System/Library/PrivateFrameworks/Backup.framework/Versions/A/Backup
0x0000000052580000 	/usr/lib/libarchive.2.dylib
0x0000000052580000 	/System/Library/Frameworks/CFNetwork.framework/Versions/A/CFNetwork
0x0000000052580000 	/System/Library/Frameworks/SystemConfiguration.framework/Versions/A/SystemConfiguration
0x0000000052580000 	/usr/lib/libCRFSuite.dylib
0x0000000052580000 	/usr/lib/libc++.1.dylib
0x0000000052580000 	/usr/lib/libc++abi.dylib
0x0000000052580000 	/usr/lib/system/libcache.dylib
0x0000000052580000 	/usr/lib/system/libcommonCrypto.dylib
0x0000000052580000 	/usr/lib/system/libcompiler_rt.dylib
0x0000000052580000 	/usr/lib/system/libcopyfile.dylib
0x0000000052580000 	/usr/lib/system/libcorecrypto.dylib
0x0000000052580000 	/usr/lib/system/libdispatch.dylib
0x0000000052580000 	/usr/lib/system/libdyld.dylib
0x0000000052580000 	/usr/lib/system/libkeymgr.dylib
0x0000000052580000 	/usr/lib/system/liblaunch.dylib
0x0000000052580000 	/usr/lib/system/libmacho.dylib
0x0000000052580000 	/usr/lib/system/libquarantine.dylib
0x0000000052580000 	/usr/lib/system/libremovefile.dylib
0x0000000052580000 	/usr/lib/system/libsystem_asl.dylib
0x0000000052580000 	/usr/lib/system/libsystem_blocks.dylib
0x0000000052580000 	/usr/lib/system/libsystem_c.dylib
0x0000000052580000 	/usr/lib/system/libsystem_configuration.dylib
0x0000000052580000 	/usr/lib/system/libsystem_coreservices.dylib
0x0000000052580000 	/usr/lib/system/libsystem_coretls.dylib
0x0000000052580000 	/usr/lib/system/libsystem_dnssd.dylib
0x0000000052580000 	/usr/lib/system/libsystem_info.dylib
0x0000000052580000 	/usr/lib/system/libsystem_kernel.dylib
0x0000000052580000 	/usr/lib/system/libsystem_m.dylib
0x0000000052580000 	/usr/lib/system/libsystem_malloc.dylib
0x0000000052580000 	/usr/lib/system/libsystem_network.dylib
0x0000000052580000 	/usr/lib/system/libsystem_networkextension.dylib
0x0000000052580000 	/usr/lib/system/libsystem_notify.dylib
0x0000000052580000 	/usr/lib/system/libsystem_platform.dylib
0x0000000052580000 	/usr/lib/system/libsystem_pthread.dylib
0x0000000052580000 	/usr/lib/system/libsystem_sandbox.dylib
0x0000000052580000 	/usr/lib/system/libsystem_secinit.dylib
0x0000000052580000 	/usr/lib/system/libsystem_symptoms.dylib
0x0000000052580000 	/usr/lib/system/libsystem_trace.dylib
0x0000000052580000 	/usr/lib/system/libunwind.dylib
0x0000000052580000 	/usr/lib/system/libxpc.dylib
0x0000000052580000 	/usr/lib/libbsm.0.dylib
0x0000000052580000 	/usr/lib/system/libkxld.dylib
0x0000000052580000 	/usr/lib/libcoretls.dylib
0x0000000052580000 	/usr/lib/libcoretls_cfhelpers.dylib
0x0000000052580000 	/usr/lib/libOpenScriptingUtil.dylib
0x0000000052580000 	/usr/lib/libpam.2.dylib
0x0000000052580000 	/usr/lib/libsqlite3.dylib
0x0000000052580000 	/usr/lib/libxar.1.dylib
0x0000000052580000 	/usr/lib/libbz2.1.0.dylib
0x0000000052580000 	/usr/lib/liblzma.5.dylib
0x0000000052580000 	/usr/lib/libnetwork.dylib
0x0000000052580000 	/usr/lib/libpcap.A.dylib
0x0000000052580000 	/System/Library/Frameworks/CoreServices.framework/Versions/A/Frameworks/FSEvents.framework/Versions/A/FSEvents
0x0000000052580000 	/System/Library/Frameworks/CoreServices.framework/Versions/A/Frameworks/CarbonCore.framework/Versions/A/CarbonCore
0x0000000052580000 	/System/Library/Frameworks/CoreServices.framework/Versions/A/Frameworks/Metadata.framework/Versions/A/Metadata
0x0000000052580000 	/System/Library/Frameworks/CoreServices.framework/Versions/A/Frameworks/OSServices.framework/Versions/A/OSServices
0x0000000052580000 	/System/Library/Frameworks/CoreServices.framework/Versions/A/Frameworks/SearchKit.framework/Versions/A/SearchKit
0x0000000052580000 	/System/Library/Frameworks/CoreServices.framework/Versions/A/Frameworks/AE.framework/Versions/A/AE
0x0000000052580000 	/System/Library/Frameworks/CoreServices.framework/Versions/A/Frameworks/LaunchServices.framework/Versions/A/LaunchServices
0x0000000052580000 	/System/Library/Frameworks/CoreServices.framework/Versions/A/Frameworks/DictionaryServices.framework/Versions/A/DictionaryServices
0x0000000052580000 	/System/Library/Frameworks/CoreServices.framework/Versions/A/Frameworks/SharedFileList.framework/Versions/A/SharedFileList
0x0000000052580000 	/System/Library/Frameworks/NetFS.framework/Versions/A/NetFS
0x0000000052580000 	/System/Library/PrivateFrameworks/NetAuth.framework/Versions/A/NetAuth
0x0000000052580000 	/System/Library/PrivateFrameworks/login.framework/Versions/A/Frameworks/loginsupport.framework/Versions/A/loginsupport
0x0000000052580000 	/System/Library/PrivateFrameworks/TCC.framework/Versions/A/TCC
0x0000000052580000 	/usr/lib/libmecabra.dylib
0x0000000052580000 	/System/Library/Frameworks/ApplicationServices.framework/Versions/A/Frameworks/ATS.framework/Versions/A/ATS
0x0000000052580000 	/System/Library/Frameworks/ApplicationServices.framework/Versions/A/Frameworks/ColorSync.framework/Versions/A/ColorSync
0x0000000052580000 	/System/Library/Frameworks/ApplicationServices.framework/Versions/A/Frameworks/HIServices.framework/Versions/A/HIServices
0x0000000052580000 	/System/Library/Frameworks/ApplicationServices.framework/Versions/A/Frameworks/LangAnalysis.framework/Versions/A/LangAnalysis
0x0000000052580000 	/System/Library/Frameworks/ApplicationServices.framework/Versions/A/Frameworks/PrintCore.framework/Versions/A/PrintCore
0x0000000052580000 	/System/Library/Frameworks/ApplicationServices.framework/Versions/A/Frameworks/QD.framework/Versions/A/QD
0x0000000052580000 	/System/Library/Frameworks/ApplicationServices.framework/Versions/A/Frameworks/SpeechSynthesis.framework/Versions/A/SpeechSynthesis
0x0000000052580000 	/System/Library/Frameworks/Accelerate.framework/Versions/A/Frameworks/vImage.framework/Versions/A/vImage
0x0000000052580000 	/System/Library/Frameworks/Accelerate.framework/Versions/A/Frameworks/vecLib.framework/Versions/A/vecLib
0x0000000052580000 	/System/Library/Frameworks/Accelerate.framework/Versions/A/Frameworks/vecLib.framework/Versions/A/libvDSP.dylib
0x0000000052580000 	/System/Library/Frameworks/Accelerate.framework/Versions/A/Frameworks/vecLib.framework/Versions/A/libBNNS.dylib
0x0000000052580000 	/System/Library/Frameworks/Accelerate.framework/Versions/A/Frameworks/vecLib.framework/Versions/A/libQuadrature.dylib
0x0000000052580000 	/System/Library/Frameworks/Accelerate.framework/Versions/A/Frameworks/vecLib.framework/Versions/A/libvMisc.dylib
0x0000000052580000 	/System/Library/Frameworks/Accelerate.framework/Versions/A/Frameworks/vecLib.framework/Versions/A/libLAPACK.dylib
0x0000000052580000 	/System/Library/Frameworks/Accelerate.framework/Versions/A/Frameworks/vecLib.framework/Versions/A/libBLAS.dylib
0x0000000052580000 	/System/Library/Frameworks/Accelerate.framework/Versions/A/Frameworks/vecLib.framework/Versions/A/libLinearAlgebra.dylib
0x0000000052580000 	/System/Library/Frameworks/Accelerate.framework/Versions/A/Frameworks/vecLib.framework/Versions/A/libSparseBLAS.dylib
0x0000000052580000 	/System/Library/Frameworks/ApplicationServices.framework/Versions/A/Frameworks/ATS.framework/Versions/A/Resources/libFontParser.dylib
0x0000000052580000 	/System/Library/Frameworks/ApplicationServices.framework/Versions/A/Frameworks/ATS.framework/Versions/A/Resources/libFontRegistry.dylib
0x0000000052580000 	/System/Library/Frameworks/ImageIO.framework/Versions/A/Resources/libJPEG.dylib
0x0000000052580000 	/System/Library/Frameworks/ImageIO.framework/Versions/A/Resources/libTIFF.dylib
0x0000000052580000 	/System/Library/Frameworks/ImageIO.framework/Versions/A/Resources/libPng.dylib
0x0000000052580000 	/System/Library/Frameworks/ImageIO.framework/Versions/A/Resources/libGIF.dylib
0x0000000052580000 	/System/Library/Frameworks/ImageIO.framework/Versions/A/Resources/libJP2.dylib
0x0000000052580000 	/System/Library/Frameworks/ImageIO.framework/Versions/A/Resources/libRadiance.dylib
0x0000000052580000 	/usr/lib/libcompression.dylib
0x0000000052580000 	/System/Library/PrivateFrameworks/AppleJPEG.framework/Versions/A/AppleJPEG
0x0000000052580000 	/usr/lib/libcups.2.dylib
0x0000000052580000 	/System/Library/Frameworks/Kerberos.framework/Versions/A/Kerberos
0x0000000052580000 	/System/Library/Frameworks/GSS.framework/Versions/A/GSS
0x0000000052580000 	/usr/lib/libresolv.9.dylib
0x0000000052580000 	/usr/lib/libiconv.2.dylib
0x0000000052580000 	/System/Library/PrivateFrameworks/Heimdal.framework/Versions/A/Heimdal
0x0000000052580000 	/usr/lib/libheimdal-asn1.dylib
0x0000000052580000 	/System/Library/Frameworks/OpenDirectory.framework/Versions/A/OpenDirectory
0x0000000052580000 	/System/Library/PrivateFrameworks/CommonAuth.framework/Versions/A/CommonAuth
0x0000000052580000 	/System/Library/Frameworks/OpenDirectory.framework/Versions/A/Frameworks/CFOpenDirectory.framework/Versions/A/CFOpenDirectory
0x0000000052580000 	/System/Library/Frameworks/SecurityFoundation.framework/Versions/A/SecurityFoundation
0x0000000052580000 	/System/Library/PrivateFrameworks/LanguageModeling.framework/Versions/A/LanguageModeling
0x0000000052580000 	/usr/lib/libmarisa.dylib
0x0000000052580000 	/usr/lib/libChineseTokenizer.dylib
0x0000000052580000 	/usr/lib/libcmph.dylib
0x0000000052580000 	/System/Library/PrivateFrameworks/CoreEmoji.framework/Versions/A/CoreEmoji
0x0000000052580000 	/System/Library/Frameworks/ServiceManagement.framework/Versions/A/ServiceManagement
0x0000000052580000 	/usr/lib/libxslt.1.dylib
0x0000000052580000 	/System/Library/Frameworks/Carbon.framework/Versions/A/Frameworks/Ink.framework/Versions/A/Ink
0x0000000052580000 	/System/Library/PrivateFrameworks/TextureIO.framework/Versions/A/TextureIO
0x0000000052580000 	/System/Library/Frameworks/Metal.framework/Versions/A/Metal
0x0000000052580000 	/usr/lib/libate.dylib
0x0000000052580000 	/System/Library/PrivateFrameworks/GPUCompiler.framework/libmetal_timestamp.dylib
0x0000000052580000 	/System/Library/Frameworks/OpenGL.framework/Versions/A/Libraries/libCoreFSCache.dylib
0x0000000052580000 	/System/Library/PrivateFrameworks/IOAccelerator.framework/Versions/A/IOAccelerator
0x0000000052580000 	/System/Library/Frameworks/CoreVideo.framework/Versions/A/CoreVideo
0x0000000052580000 	/usr/lib/libFosl_dynamic.dylib
0x0000000052580000 	/System/Library/PrivateFrameworks/MetalPerformanceShaders.framework/Versions/A/MetalPerformanceShaders
0x0000000052580000 	/System/Library/PrivateFrameworks/FaceCore.framework/Versions/A/FaceCore
0x0000000052580000 	/System/Library/Frameworks/OpenCL.framework/Versions/A/OpenCL
0x0000000052580000 	/System/Library/Frameworks/OpenGL.framework/Versions/A/Libraries/libGLU.dylib
0x0000000052580000 	/System/Library/Frameworks/OpenGL.framework/Versions/A/Libraries/libGFXShared.dylib
0x0000000052580000 	/System/Library/Frameworks/OpenGL.framework/Versions/A/Libraries/libGL.dylib
0x0000000052580000 	/System/Library/Frameworks/OpenGL.framework/Versions/A/Libraries/libGLImage.dylib
0x0000000052580000 	/System/Library/Frameworks/OpenGL.framework/Versions/A/Libraries/libCVMSPluginSupport.dylib
0x0000000052580000 	/System/Library/Frameworks/OpenGL.framework/Versions/A/Libraries/libCoreVMClient.dylib
0x0000000052580000 	/System/Library/PrivateFrameworks/CrashReporterSupport.framework/Versions/A/CrashReporterSupport
0x0000000052580000 	/System/Library/PrivateFrameworks/Sharing.framework/Versions/A/Sharing
0x0000000052580000 	/System/Library/PrivateFrameworks/IconServices.framework/Versions/A/IconServices
0x0000000052580000 	/System/Library/PrivateFrameworks/ProtocolBuffer.framework/Versions/A/ProtocolBuffer
0x0000000052580000 	/System/Library/PrivateFrameworks/Apple80211.framework/Versions/A/Apple80211
0x0000000052580000 	/System/Library/Frameworks/CoreWLAN.framework/Versions/A/CoreWLAN
0x0000000052580000 	/System/Library/PrivateFrameworks/CoreUtils.framework/Versions/A/CoreUtils
0x0000000052580000 	/System/Library/Frameworks/IOBluetooth.framework/Versions/A/IOBluetooth
0x0000000052580000 	/System/Library/PrivateFrameworks/CoreWiFi.framework/Versions/A/CoreWiFi
0x0000000052580000 	/System/Library/Frameworks/CoreBluetooth.framework/Versions/A/CoreBluetooth
0x0000000052580000 	/System/Library/Frameworks/CoreDisplay.framework/Versions/A/CoreDisplay
0x0000000052580000 	/System/Library/PrivateFrameworks/IOPresentment.framework/Versions/A/IOPresentment
0x0000000052580000 	/System/Library/PrivateFrameworks/DSExternalDisplay.framework/Versions/A/DSExternalDisplay
0x0000000052580000 	/System/Library/PrivateFrameworks/DebugSymbols.framework/Versions/A/DebugSymbols
0x0000000052580000 	/System/Library/PrivateFrameworks/CoreSymbolication.framework/Versions/A/CoreSymbolication
0x0000000052580000 	/System/Library/PrivateFrameworks/Symbolication.framework/Versions/A/Symbolication
0x0000000052580000 	/System/Library/PrivateFrameworks/AppleFSCompression.framework/Versions/A/AppleFSCompression
0x0000000052580000 	/System/Library/PrivateFrameworks/SpeechRecognitionCore.framework/Versions/A/SpeechRecognitionCore
0x0000000052580000 	/System/Library/PrivateFrameworks/ChunkingLibrary.framework/Versions/A/ChunkingLibrary
0x00000001019a0000 	/System/Library/CoreServices/Encodings/libSimplifiedChineseConverter.dylib
0x0000000102c00000 	/Library/Java/JavaVirtualMachines/jdk1.8.0_51.jdk/Contents/Home/jre/lib/server/libjvm.dylib
0x0000000052580000 	/usr/lib/libstdc++.6.dylib
0x0000000101a16000 	/Library/Java/JavaVirtualMachines/jdk1.8.0_51.jdk/Contents/Home/jre/lib/libverify.dylib
0x0000000101a24000 	/Library/Java/JavaVirtualMachines/jdk1.8.0_51.jdk/Contents/Home/jre/lib/libjava.dylib
0x0000000101a63000 	/Library/Java/JavaVirtualMachines/jdk1.8.0_51.jdk/Contents/Home/jre/lib/libzip.dylib
0x0000000107a65000 	/System/Library/Frameworks/JavaVM.framework/Frameworks/JavaRuntimeSupport.framework/JavaRuntimeSupport
0x0000000107a7f000 	/System/Library/Frameworks/JavaVM.framework/Versions/A/Frameworks/JavaNativeFoundation.framework/Versions/A/JavaNativeFoundation
0x0000000107a94000 	/System/Library/Frameworks/JavaVM.framework/Versions/A/JavaVM
0x0000000052580000 	/System/Library/Frameworks/Carbon.framework/Versions/A/Carbon
0x0000000107aa1000 	/System/Library/PrivateFrameworks/JavaLaunching.framework/Versions/A/JavaLaunching
0x0000000052580000 	/System/Library/Frameworks/Carbon.framework/Versions/A/Frameworks/CommonPanels.framework/Versions/A/CommonPanels
0x0000000052580000 	/System/Library/Frameworks/Carbon.framework/Versions/A/Frameworks/Help.framework/Versions/A/Help
0x0000000052580000 	/System/Library/Frameworks/Carbon.framework/Versions/A/Frameworks/ImageCapture.framework/Versions/A/ImageCapture
0x0000000052580000 	/System/Library/Frameworks/Carbon.framework/Versions/A/Frameworks/OpenScripting.framework/Versions/A/OpenScripting
0x0000000052580000 	/System/Library/Frameworks/Carbon.framework/Versions/A/Frameworks/Print.framework/Versions/A/Print
0x0000000052580000 	/System/Library/Frameworks/Carbon.framework/Versions/A/Frameworks/SecurityHI.framework/Versions/A/SecurityHI
0x0000000109450000 	/Library/Java/JavaVirtualMachines/jdk1.8.0_51.jdk/Contents/Home/jre/lib/libprism_es2.dylib
0x00000001094b6000 	/System/Library/Frameworks/OpenGL.framework/Resources/GLEngine.bundle/GLEngine
0x0000000052580000 	/System/Library/Frameworks/OpenGL.framework/Versions/A/Libraries/libGLProgrammability.dylib
0x000000010969b000 	/System/Library/Extensions/AppleIntelHD5000GraphicsGLDriver.bundle/Contents/MacOS/AppleIntelHD5000GraphicsGLDriver
0x0000000052580000 	/System/Library/PrivateFrameworks/GPUSupport.framework/Versions/A/Libraries/libGPUSupportMercury.dylib
0x0000000052580000 	/System/Library/Extensions/GeForceGLDriver.bundle/Contents/MacOS/GeForceGLDriver
0x0000000052580000 	/System/Library/Extensions/GeForceGLDriver.bundle/Contents/MacOS/libclh.dylib
0x0000000109e12000 	/System/Library/Frameworks/OpenGL.framework/Resources//GLRendererFloat.bundle/GLRendererFloat
0x0000000052580000 	/System/Library/Frameworks/OpenCL.framework/Versions/A/Libraries/libcldcpuengine.dylib
0x0000000052580000 	/usr/lib/libcrypto.0.9.8.dylib
0x0000000052580000 	/System/Library/PrivateFrameworks/TrustEvaluationAgent.framework/Versions/A/TrustEvaluationAgent
0x000000010a0ae000 	/Library/Java/JavaVirtualMachines/jdk1.8.0_51.jdk/Contents/Home/jre/lib/libglass.dylib
0x0000000052580000 	/System/Library/PrivateFrameworks/CoreServicesInternal.framework/Versions/A/CoreServicesInternal
0x0000000052580000 	/System/Library/CoreServices/RawCamera.bundle/Contents/MacOS/RawCamera
0x0000000052580000 	/System/Library/Frameworks/Accelerate.framework/Versions/A/Frameworks/vImage.framework/Versions/A/Libraries/libCGInterfaces.dylib
0x0000000052580000 	/System/Library/PrivateFrameworks/FamilyControls.framework/Versions/A/FamilyControls
0x0000000052580000 	/System/Library/PrivateFrameworks/CommerceKit.framework/Versions/A/Frameworks/CommerceCore.framework/Versions/A/CommerceCore
0x0000000052580000 	/System/Library/PrivateFrameworks/SystemAdministration.framework/Versions/A/SystemAdministration
0x0000000052580000 	/System/Library/PrivateFrameworks/AppContainer.framework/Versions/A/AppContainer
0x0000000052580000 	/System/Library/PrivateFrameworks/SecCodeWrapper.framework/Versions/A/SecCodeWrapper
0x0000000052580000 	/System/Library/Frameworks/DirectoryService.framework/Versions/A/DirectoryService
0x0000000052580000 	/System/Library/PrivateFrameworks/DiskImages.framework/Versions/A/DiskImages
0x0000000052580000 	/System/Library/PrivateFrameworks/LoginUIKit.framework/Versions/A/Frameworks/LoginUICore.framework/Versions/A/LoginUICore
0x0000000052580000 	/usr/lib/libCoreStorage.dylib
0x0000000052580000 	/usr/lib/libcsfde.dylib
0x0000000052580000 	/usr/lib/libodfde.dylib
0x0000000052580000 	/System/Library/Frameworks/DiscRecording.framework/Versions/A/DiscRecording
0x0000000052580000 	/usr/lib/libcurl.4.dylib
0x0000000052580000 	/System/Library/PrivateFrameworks/MediaKit.framework/Versions/A/MediaKit
0x0000000052580000 	/System/Library/PrivateFrameworks/ProtectedCloudStorage.framework/Versions/A/ProtectedCloudStorage
0x0000000052580000 	/System/Library/PrivateFrameworks/EFILogin.framework/Versions/A/EFILogin
0x0000000052580000 	/usr/lib/libutil.dylib
0x0000000052580000 	/System/Library/Frameworks/LDAP.framework/Versions/A/LDAP
0x0000000052580000 	/usr/lib/libsasl2.2.dylib
0x0000000052580000 	/System/Library/PrivateFrameworks/CoreDaemon.framework/Versions/B/CoreDaemon
0x0000000052580000 	/System/Library/PrivateFrameworks/AppleSRP.framework/Versions/A/AppleSRP
0x0000000052580000 	/System/Library/PrivateFrameworks/APFS.framework/Versions/A/APFS
0x000000012507c000 	/Library/Java/JavaVirtualMachines/jdk1.8.0_51.jdk/Contents/Home/jre/lib/libglib-lite.dylib
0x00000001251a2000 	/Library/Java/JavaVirtualMachines/jdk1.8.0_51.jdk/Contents/Home/jre/lib/libgstreamer-lite.dylib
0x0000000125325000 	/Library/Java/JavaVirtualMachines/jdk1.8.0_51.jdk/Contents/Home/jre/lib/libjfxmedia.dylib
0x0000000125366000 	/Library/Java/JavaVirtualMachines/jdk1.8.0_51.jdk/Contents/Home/jre/lib/libjfxmedia_avf.dylib
0x0000000052580000 	/System/Library/Frameworks/AVFoundation.framework/Versions/A/AVFoundation
0x0000000052580000 	/System/Library/Frameworks/CoreMedia.framework/Versions/A/CoreMedia
0x0000000052580000 	/System/Library/Frameworks/MediaToolbox.framework/Versions/A/MediaToolbox
0x0000000052580000 	/System/Library/Frameworks/AVFoundation.framework/Versions/A/Frameworks/AVFAudio.framework/Versions/A/AVFAudio
0x0000000052580000 	/System/Library/Frameworks/VideoToolbox.framework/Versions/A/VideoToolbox
0x0000000052580000 	/System/Library/PrivateFrameworks/IntlPreferences.framework/Versions/A/IntlPreferences
0x0000000052580000 	/System/Library/Frameworks/CoreMediaIO.framework/Versions/A/CoreMediaIO
0x0000000052580000 	/usr/lib/libspindump.dylib
0x0000000052580000 	/usr/lib/libdscsym.dylib
0x0000000052580000 	/System/Library/PrivateFrameworks/CoreAVCHD.framework/Versions/A/CoreAVCHD
0x0000000052580000 	/System/Library/Frameworks/MediaAccessibility.framework/Versions/A/MediaAccessibility
0x0000000052580000 	/System/Library/PrivateFrameworks/Mangrove.framework/Versions/A/Mangrove
0x0000000052580000 	/System/Library/PrivateFrameworks/CoreAUC.framework/Versions/A/CoreAUC
0x0000000052580000 	/System/Library/PrivateFrameworks/AppleVA.framework/Versions/A/AppleVA
0x0000000052580000 	/System/Library/PrivateFrameworks/XPCService.framework/Versions/A/XPCService
0x0000000052580000 	/System/Library/PrivateFrameworks/AppSandbox.framework/Versions/A/AppSandbox
0x0000000052580000 	/usr/lib/libsandbox.1.dylib
0x0000000052580000 	/usr/lib/libMatch.1.dylib
0x000000012539e000 	/Library/Java/JavaVirtualMachines/jdk1.8.0_51.jdk/Contents/Home/jre/lib/libjfxmedia_qtkit.dylib
0x0000000052580000 	/System/Library/Frameworks/QTKit.framework/Versions/A/QTKit
0x0000000052580000 	/System/Library/PrivateFrameworks/CoreMediaAuthoring.framework/Versions/A/CoreMediaAuthoring
0x00000001253ad000 	/Library/Java/JavaVirtualMachines/jdk1.8.0_51.jdk/Contents/Home/jre/lib/libfxplugins.dylib
0x00000001253d8000 	/System/Library/Frameworks/VideoDecodeAcceleration.framework/Versions/A/VideoDecodeAcceleration
0x00000001253de000 	/Library/Java/JavaVirtualMachines/jdk1.8.0_51.jdk/Contents/Home/jre/lib/libnet.dylib
0x000000012543d000 	/Library/Java/JavaVirtualMachines/jdk1.8.0_51.jdk/Contents/Home/jre/lib/libnio.dylib
0x000000012544d000 	/System/Library/Extensions/AppleHDA.kext/Contents/PlugIns/AppleHDAHALPlugIn.bundle/Contents/MacOS/AppleHDAHALPlugIn
0x0000000125484000 	/System/Library/Components/CoreAudio.component/Contents/MacOS/CoreAudio
0x0000000052580000 	/System/Library/PrivateFrameworks/AppleGVA.framework/Versions/A/AppleGVA
0x00000001257c4000 	/System/Library/Components/AudioCodecs.component/Contents/MacOS/AudioCodecs
0x0000000125e1a000 	/Library/Java/JavaVirtualMachines/jdk1.8.0_51.jdk/Contents/Home/jre/lib/libjavafx_font.dylib
0x0000000052580000 	/System/Library/Frameworks/ApplicationServices.framework/Versions/A/Frameworks/ATS.framework/Versions/A/Resources/libTrueTypeScaler.dylib
0x0000000052580000 	/System/Library/Extensions/GeForceMTLDriver.bundle/Contents/MacOS/GeForceMTLDriver
0x0000000127ffe000 	/System/Library/Extensions/AppleIntelHD5000GraphicsMTLDriver.bundle/Contents/MacOS/AppleIntelHD5000GraphicsMTLDriver
0x00000001283a3000 	/Library/Java/JavaVirtualMachines/jdk1.8.0_51.jdk/Contents/Home/jre/lib/libprism_common.dylib

VM Arguments:
jvm_args: -Dfile.encoding=UTF-8 
java_command: /Users/kaiyan/java/liang/ch16/MediaDemo/dist/run1390637306/MediaDemo.jar
java_class_path (initial): /Users/kaiyan/java/liang/ch16/MediaDemo/dist/run1390637306/MediaDemo.jar
Launcher Type: SUN_STANDARD

Environment Variables:
PATH=/usr/bin:/bin:/usr/sbin:/sbin
LD_LIBRARY_PATH=/Library/Java/JavaVirtualMachines/jdk1.8.0_51.jdk/Contents/Home/jre/lib/amd64:/Library/Java/JavaVirtualMachines/jdk1.8.0_51.jdk/Contents/Home/jre/lib/i386:
SHELL=/bin/bash
DISPLAY=/private/tmp/com.apple.launchd.MOdkoi3CV4/org.macosforge.xquartz:0

Signal Handlers:
SIGSEGV: [libjvm.dylib+0x58ef35], sa_mask[0]=11111111011111110111111111111111, sa_flags=SA_ONSTACK|SA_RESTART|SA_SIGINFO
SIGBUS: [libjvm.dylib+0x58ef35], sa_mask[0]=11111111011111110111111111111111, sa_flags=SA_RESTART|SA_SIGINFO
SIGFPE: [libjvm.dylib+0x46c028], sa_mask[0]=11111111011111110111111111111111, sa_flags=SA_RESTART|SA_SIGINFO
SIGPIPE: [libjvm.dylib+0x46c028], sa_mask[0]=11111111011111110111111111111111, sa_flags=SA_RESTART|SA_SIGINFO
SIGXFSZ: [libjvm.dylib+0x46c028], sa_mask[0]=11111111011111110111111111111111, sa_flags=SA_RESTART|SA_SIGINFO
SIGILL: [libjvm.dylib+0x46c028], sa_mask[0]=11111111011111110111111111111111, sa_flags=SA_RESTART|SA_SIGINFO
SIGUSR1: SIG_DFL, sa_mask[0]=00000000000000000000000000000000, sa_flags=none
SIGUSR2: [libjvm.dylib+0x46bb46], sa_mask[0]=00100000000000000000000000000000, sa_flags=SA_RESTART|SA_SIGINFO
SIGHUP: [libjvm.dylib+0x46a119], sa_mask[0]=11111111011111110111111111111111, sa_flags=SA_RESTART|SA_SIGINFO
SIGINT: SIG_IGN, sa_mask[0]=00000000000000000000000000000000, sa_flags=none
SIGTERM: [libjvm.dylib+0x46a119], sa_mask[0]=11111111011111110111111111111111, sa_flags=SA_RESTART|SA_SIGINFO
SIGQUIT: [libjvm.dylib+0x46a119], sa_mask[0]=11111111011111110111111111111111, sa_flags=SA_RESTART|SA_SIGINFO


---------------  S Y S T E M  ---------------

OS:Bsduname:Darwin 16.7.0 Darwin Kernel Version 16.7.0: Thu Jun 21 20:07:39 PDT 2018; root:xnu-3789.73.14~1/RELEASE_X86_64 x86_64
rlimit: STACK 8192k, CORE 0k, NPROC 709, NOFILE 10240, AS infinity
load average:2.12 1.79 1.68

CPU:total 8 (4 cores per cpu, 2 threads per core) family 6 model 70 stepping 1, cmov, cx8, fxsr, mmx, sse, sse2, sse3, ssse3, sse4.1, sse4.2, popcnt, avx, avx2, aes, clmul, erms, lzcnt, ht, tsc, tscinvbit, bmi1, bmi2

Memory: 4k page, physical 16777216k(4099932k free)

/proc/meminfo:


vm_info: Java HotSpot(TM) 64-Bit Server VM (25.51-b03) for bsd-amd64 JRE (1.8.0_51-b16), built on Jun  8 2015 18:01:11 by "java_re" with gcc 4.2.1 (Based on Apple Inc. build 5658) (LLVM build 2336.11.00)

time: Wed Sep 12 18:50:50 2018
elapsed time: 14 seconds (0d 0h 0m 14s)

