#
# A fatal error has been detected by the Java Runtime Environment:
#
#  SIGSEGV (0xb) at pc=0x00000001283a42fa, pid=55518, tid=92675
#
# JRE version: Java(TM) SE Runtime Environment (8.0_51-b16) (build 1.8.0_51-b16)
# Java VM: Java HotSpot(TM) 64-Bit Server VM (25.51-b03 mixed mode bsd-amd64 compressed oops)
# Problematic frame:
# C  [libjfxmedia_avf.dylib+0x72fa]  AVFKernelComponent::ProcessBufferLists(unsigned int&, AudioBufferList const&, AudioBufferList&, unsigned int)+0x26
#
# Failed to write core dump. Core dumps have been disabled. To enable core dumping, try "ulimit -c unlimited" before starting Java again
#
# If you would like to submit a bug report, please visit:
#   http://bugreport.java.com/bugreport/crash.jsp
#

---------------  T H R E A D  ---------------

Current thread is native thread

siginfo: si_signo: 11 (SIGSEGV), si_code: 0 (unknown), si_addr: 0x0000000000000000

Registers:
RAX=0x2000000000000000, RBX=0x00007f9904cfb050, RCX=0x00007f9904cfb020, RDX=0x00007f9904cfb050
RSP=0x00007000050da780, RBP=0x00007000050da780, RSI=0x00007000050daa54, RDI=0x00007f9904f8c690
R8 =0x0000000000001000, R9 =0x00007000050da587, R10=0x00007f990ab59f28, R11=0xffffffffffffffd0
R12=0x0000000000000000, R13=0x0000000000001000, R14=0x00000001283a42d4, R15=0x00007f9904cb6ad0
RIP=0x00000001283a42fa, EFLAGS=0x0000000000010206, ERR=0x0000000000000000
  TRAPNO=0x000000000000000d

Top of Stack: (sp=0x00007000050da780)
0x00007000050da780:   00007000050da7e0 00000001283acb9b
0x00007000050da790:   0000000000000000 00007000050daa54
0x00007000050da7a0:   0000000000000000 0000000000000000
0x00007000050da7b0:   0000000000000000 00007f9904cb6da0
0x00007000050da7c0:   00007000050daa54 00007f9904cb6ad0
0x00007000050da7d0:   00007f9904cb7ec0 0000000000001000
0x00007000050da7e0:   00007000050da830 00000001283a7d51
0x00007000050da7f0:   0000000000000000 00007000050daa78
0x00007000050da800:   0000000000000000 0000000000000002
0x00007000050da810:   00007f9904cb6da0 00007f9904cb7ec0
0x00007000050da820:   00000000ffffffce 0000000000001000
0x00007000050da830:   00007000050da8b0 00000001283a63d1
0x00007000050da840:   00007f9904cb7ec0 00007fffc674d0be
0x00007000050da850:   00009fe0050da8d0 00007000050daa54
0x00007000050da860:   00007f9904cb6ad0 00007000050daa78
0x00007000050da870:   0000000004cb7e00 00009fe004cb7ec0
0x00007000050da880:   0000700000009fe0 00000000ffffffce
0x00007000050da890:   00007000050daa54 0000000000000000
0x00007000050da8a0:   0000000000001000 00007000050daa78
0x00007000050da8b0:   00007000050da8d0 00000001283aa210
0x00007000050da8c0:   00000000fffffffc 00007f9904cb7cc0
0x00007000050da8d0:   00007000050da910 00000001283a915b
0x00007000050da8e0:   00007f9904cb7cc0 00007000050daa78
0x00007000050da8f0:   00000000ffffd584 0000000000001000
0x00007000050da900:   00007f990ad0e848 00007f9904cb6ea0
0x00007000050da910:   00007000050da970 00000001283acaad
0x00007000050da920:   0000000000000000 00007000050daa54
0x00007000050da930:   0000000000000000 0000000000000000
0x00007000050da940:   0000000000000000 00007f9904cb7db0
0x00007000050da950:   00007000050daa54 00007f9904cb6ea0
0x00007000050da960:   00007f990ad0e848 0000000000001000
0x00007000050da970:   00007000050da9c0 00000001283a7d51 

Instructions: (pc=0x00000001283a42fa)
0x00000001283a42da:   d0 01 00 00 01 75 10 48 8b bf d8 01 00 00 48 85
0x00000001283a42ea:   ff 75 0a 31 c0 5d c3 5d e9 bd 89 00 00 48 8b 07
0x00000001283a42fa:   48 8b 40 28 5d ff e0 90 55 48 89 e5 b8 fc ff ff
0x00000001283a430a:   ff 5d c3 90 55 48 89 e5 b8 fc ff ff ff 5d c3 90 

Register to memory mapping:

RAX=0x2000000000000000 is an unknown value
RBX=0x00007f9904cfb050 is an unknown value
RCX=0x00007f9904cfb020 is an unknown value
RDX=0x00007f9904cfb050 is an unknown value
RSP=0x00007000050da780 is an unknown value
RBP=0x00007000050da780 is an unknown value
RSI=0x00007000050daa54 is an unknown value
RDI=0x00007f9904f8c690 is an unknown value
R8 =0x0000000000001000 is an unknown value
R9 =0x00007000050da587 is an unknown value
R10=0x00007f990ab59f28 is an unknown value
R11=0xffffffffffffffd0 is an unknown value
R12=0x0000000000000000 is an unknown value
R13=0x0000000000001000 is an unknown value
R14=0x00000001283a42d4: _ZN18AVFKernelComponent18ProcessBufferListsERjRK15AudioBufferListRS1_j+0 in /Library/Java/JavaVirtualMachines/jdk1.8.0_51.jdk/Contents/Home/jre/lib/libjfxmedia_avf.dylib at 0x000000012839d000
R15=0x00007f9904cb6ad0 is an unknown value


Stack: [0x000070000505b000,0x00007000050db000],  sp=0x00007000050da780,  free space=509k
Native frames: (J=compiled Java code, j=interpreted, Vv=VM code, C=native code)
C  [libjfxmedia_avf.dylib+0x72fa]  AVFKernelComponent::ProcessBufferLists(unsigned int&, AudioBufferList const&, AudioBufferList&, unsigned int)+0x26
C  [libjfxmedia_avf.dylib+0xfb9b]  AUEffectBase::Render(unsigned int&, AudioTimeStamp const&, unsigned int)+0x151
C  [libjfxmedia_avf.dylib+0xad51]  AUBase::DoRenderBus(unsigned int&, AudioTimeStamp const&, unsigned int, AUOutputElement*, unsigned int, AudioBufferList&)+0x7f
C  [libjfxmedia_avf.dylib+0x93d1]  AUBase::DoRender(unsigned int&, AudioTimeStamp const&, unsigned int, unsigned int, AudioBufferList&)+0x203
C  [libjfxmedia_avf.dylib+0xd210]  AUMethodRender(void*, unsigned int*, AudioTimeStamp const*, unsigned int, unsigned int, AudioBufferList*)+0x2e
C  [libjfxmedia_avf.dylib+0xc15b]  AUInputElement::PullInput(unsigned int&, AudioTimeStamp const&, unsigned int, unsigned int)+0x8d
C  [libjfxmedia_avf.dylib+0xfaad]  AUEffectBase::Render(unsigned int&, AudioTimeStamp const&, unsigned int)+0x63
C  [libjfxmedia_avf.dylib+0xad51]  AUBase::DoRenderBus(unsigned int&, AudioTimeStamp const&, unsigned int, AUOutputElement*, unsigned int, AudioBufferList&)+0x7f
C  [libjfxmedia_avf.dylib+0x93d1]  AUBase::DoRender(unsigned int&, AudioTimeStamp const&, unsigned int, unsigned int, AudioBufferList&)+0x203
C  [libjfxmedia_avf.dylib+0xd210]  AUMethodRender(void*, unsigned int*, AudioTimeStamp const*, unsigned int, unsigned int, AudioBufferList*)+0x2e
C  [libjfxmedia_avf.dylib+0x4ea0]  ProcessAudioTap(void const*, long, unsigned int, AudioBufferList*, long*, unsigned int*)+0x65
C  [MediaToolbox+0x3713fd]  MTAudioProcessingTapGetSourceAudio+0x852
C  [AudioToolbox+0xe4159]  AQClientCallProcessingTap(void*, unsigned int, AudioTimeStamp*, unsigned int*, unsigned int*, AudioBufferList*, int, double, unsigned int, double, unsigned int, unsigned char const*, unsigned int)+0x5d
C  [AudioToolbox+0x16ae9e]  AQProcessingTap::DoCallout(unsigned int&, AudioTimeStamp&, unsigned int&, AudioBufferList&)+0xbc
C  [AudioToolbox+0x16ac9d]  AudioQueueObject::PerformTapInternal(AudioTimeStamp&, unsigned int&, unsigned int&)+0x85
C  [AudioToolbox+0x16aba3]  AudioQueueObject::PerformProcessingTap(int (*)(void*, unsigned int&, AudioTimeStamp const&, unsigned int, AudioBufferList&, double&, unsigned int&), void*, AudioTimeStamp&, unsigned int&, AudioBufferList&, unsigned int&)+0xc5
C  [AudioToolbox+0x1761b7]  MEMixerChannel::TapDownstream(void*, unsigned int*, AudioTimeStamp const*, unsigned int, unsigned int, AudioBufferList*)+0x81
C  [CoreAudio+0x10cef5]  AUInputElement::PullInput(unsigned int&, AudioTimeStamp const&, unsigned int, unsigned int)+0xb9
C  [CoreAudio+0x5f574]  AUDeferredRenderer::Produce()+0x240
C  [CoreAudio+0x5f2ab]  AUDeferredRenderer::ProducerThreadProc()+0x31
C  [CoreAudio+0x5ecab]  AUDeferredRenderer::ProducerThreadProc(void*)+0x1f
C  [CoreAudio+0x1236e5]  CAPThread::Entry(CAPThread*)+0x55
C  [libsystem_pthread.dylib+0x393b]  _pthread_body+0xb4
C  [libsystem_pthread.dylib+0x3887]  _pthread_body+0x0
C  [libsystem_pthread.dylib+0x308d]  thread_start+0xd


---------------  P R O C E S S  ---------------

VM state:at safepoint (normal execution)

VM Mutex/Monitor currently owned by a thread:  ([mutex/lock_event])
[0x00007f99070040a0] Threads_lock - owner thread: 0x00007f990683f000
[0x00007f99070045a0] Heap_lock - owner thread: 0x00007f9905012800

Heap:
 PSYoungGen      total 76288K, used 22054K [0x000000076ab00000, 0x0000000770000000, 0x00000007c0000000)
  eden space 65536K, 25% used [0x000000076ab00000,0x000000076bb36ea8,0x000000076eb00000)
  from space 10752K, 50% used [0x000000076f580000,0x000000076fad2ad0,0x0000000770000000)
  to   space 10752K, 0% used [0x000000076eb00000,0x000000076eb00000,0x000000076f580000)
 ParOldGen       total 175104K, used 32K [0x00000006c0000000, 0x00000006cab00000, 0x000000076ab00000)
  object space 175104K, 0% used [0x00000006c0000000,0x00000006c0008000,0x00000006cab00000)
 Metaspace       used 15802K, capacity 16520K, committed 16768K, reserved 1062912K
  class space    used 2230K, capacity 2423K, committed 2432K, reserved 1048576K

Card table byte_map: [0x0000000116329000,0x0000000116b2a000] byte_map_base: 0x0000000112d29000

Marking Bits: (ParMarkBitMap*) 0x00000001068c27a0
 Begin Bits: [0x0000000117080000, 0x000000011b080000)
 End Bits:   [0x000000011b080000, 0x000000011f080000)

Polling page: 0x0000000104a8f000

CodeCache: size=245760Kb used=6307Kb max_used=6307Kb free=239452Kb
 bounds [0x0000000106f69000, 0x0000000107599000, 0x0000000115f69000]
 total_blobs=2714 nmethods=2067 adapters=560
 compilation: enabled

Compilation events (10 events):
Event: 20.644 Thread 0x00007f9905000000 2064       3       com.sun.javafx.geom.transform.GeneralTransform3D::transform (29 bytes)
Event: 20.645 Thread 0x00007f9905000000 nmethod 2064 0x0000000107590290 code [0x0000000107590420, 0x0000000107590728]
Event: 20.645 Thread 0x00007f9905000000 2065       3       com.sun.javafx.geom.transform.TransformHelper::general3dBoundsTransform (937 bytes)
Event: 20.647 Thread 0x00007f9905000000 nmethod 2065 0x0000000107590dd0 code [0x00000001075910e0, 0x00000001075936c8]
Event: 20.845 Thread 0x00007f9905000000 2066       3       com.sun.javafx.geom.transform.GeneralTransform3D::scale (173 bytes)
Event: 20.845 Thread 0x00007f9905000000 nmethod 2066 0x000000010758f7d0 code [0x000000010758f9a0, 0x000000010758fec8]
Event: 20.984 Thread 0x00007f9905000000 2067       3       java.lang.Class::getReflectionFactory (26 bytes)
Event: 20.984 Thread 0x00007f9905000000 nmethod 2067 0x000000010758f150 code [0x000000010758f2e0, 0x000000010758f6c8]
Event: 20.984 Thread 0x00007f9905000000 2068       3       sun.reflect.ReflectionFactory::langReflectAccess (15 bytes)
Event: 20.984 Thread 0x00007f9905000000 nmethod 2068 0x000000010758ed50 code [0x000000010758eec0, 0x000000010758f0d0]

GC Heap History (8 events):
Event: 0.566 GC heap before
{Heap before GC invocations=1 (full 0):
 PSYoungGen      total 76288K, used 65536K [0x000000076ab00000, 0x0000000770000000, 0x00000007c0000000)
  eden space 65536K, 100% used [0x000000076ab00000,0x000000076eb00000,0x000000076eb00000)
  from space 10752K, 0% used [0x000000076f580000,0x000000076f580000,0x0000000770000000)
  to   space 10752K, 0% used [0x000000076eb00000,0x000000076eb00000,0x000000076f580000)
 ParOldGen       total 175104K, used 0K [0x00000006c0000000, 0x00000006cab00000, 0x000000076ab00000)
  object space 175104K, 0% used [0x00000006c0000000,0x00000006c0000000,0x00000006cab00000)
 Metaspace       used 8049K, capacity 8398K, committed 8576K, reserved 1056768K
  class space    used 975K, capacity 1092K, committed 1152K, reserved 1048576K
Event: 0.569 GC heap after
Heap after GC invocations=1 (full 0):
 PSYoungGen      total 76288K, used 1904K [0x000000076ab00000, 0x0000000770000000, 0x00000007c0000000)
  eden space 65536K, 0% used [0x000000076ab00000,0x000000076ab00000,0x000000076eb00000)
  from space 10752K, 17% used [0x000000076eb00000,0x000000076ecdc030,0x000000076f580000)
  to   space 10752K, 0% used [0x000000076f580000,0x000000076f580000,0x0000000770000000)
 ParOldGen       total 175104K, used 8K [0x00000006c0000000, 0x00000006cab00000, 0x000000076ab00000)
  object space 175104K, 0% used [0x00000006c0000000,0x00000006c0002000,0x00000006cab00000)
 Metaspace       used 8049K, capacity 8398K, committed 8576K, reserved 1056768K
  class space    used 975K, capacity 1092K, committed 1152K, reserved 1048576K
}
Event: 4.264 GC heap before
{Heap before GC invocations=2 (full 0):
 PSYoungGen      total 76288K, used 67440K [0x000000076ab00000, 0x0000000770000000, 0x00000007c0000000)
  eden space 65536K, 100% used [0x000000076ab00000,0x000000076eb00000,0x000000076eb00000)
  from space 10752K, 17% used [0x000000076eb00000,0x000000076ecdc030,0x000000076f580000)
  to   space 10752K, 0% used [0x000000076f580000,0x000000076f580000,0x0000000770000000)
 ParOldGen       total 175104K, used 8K [0x00000006c0000000, 0x00000006cab00000, 0x000000076ab00000)
  object space 175104K, 0% used [0x00000006c0000000,0x00000006c0002000,0x00000006cab00000)
 Metaspace       used 14770K, capacity 15406K, committed 15488K, reserved 1062912K
  class space    used 2165K, capacity 2360K, committed 2432K, reserved 1048576K
Event: 4.269 GC heap after
Heap after GC invocations=2 (full 0):
 PSYoungGen      total 76288K, used 5416K [0x000000076ab00000, 0x0000000770000000, 0x00000007c0000000)
  eden space 65536K, 0% used [0x000000076ab00000,0x000000076ab00000,0x000000076eb00000)
  from space 10752K, 50% used [0x000000076f580000,0x000000076faca060,0x0000000770000000)
  to   space 10752K, 0% used [0x000000076eb00000,0x000000076eb00000,0x000000076f580000)
 ParOldGen       total 175104K, used 16K [0x00000006c0000000, 0x00000006cab00000, 0x000000076ab00000)
  object space 175104K, 0% used [0x00000006c0000000,0x00000006c0004000,0x00000006cab00000)
 Metaspace       used 14770K, capacity 15406K, committed 15488K, reserved 1062912K
  class space    used 2165K, capacity 2360K, committed 2432K, reserved 1048576K
}
Event: 11.044 GC heap before
{Heap before GC invocations=3 (full 0):
 PSYoungGen      total 76288K, used 70952K [0x000000076ab00000, 0x0000000770000000, 0x00000007c0000000)
  eden space 65536K, 100% used [0x000000076ab00000,0x000000076eb00000,0x000000076eb00000)
  from space 10752K, 50% used [0x000000076f580000,0x000000076faca060,0x0000000770000000)
  to   space 10752K, 0% used [0x000000076eb00000,0x000000076eb00000,0x000000076f580000)
 ParOldGen       total 175104K, used 16K [0x00000006c0000000, 0x00000006cab00000, 0x000000076ab00000)
  object space 175104K, 0% used [0x00000006c0000000,0x00000006c0004000,0x00000006cab00000)
 Metaspace       used 15121K, capacity 15750K, committed 16000K, reserved 1062912K
  class space    used 2167K, capacity 2362K, committed 2432K, reserved 1048576K
Event: 11.050 GC heap after
Heap after GC invocations=3 (full 0):
 PSYoungGen      total 76288K, used 5421K [0x000000076ab00000, 0x0000000770000000, 0x00000007c0000000)
  eden space 65536K, 0% used [0x000000076ab00000,0x000000076ab00000,0x000000076eb00000)
  from space 10752K, 50% used [0x000000076eb00000,0x000000076f04b560,0x000000076f580000)
  to   space 10752K, 0% used [0x000000076f580000,0x000000076f580000,0x0000000770000000)
 ParOldGen       total 175104K, used 24K [0x00000006c0000000, 0x00000006cab00000, 0x000000076ab00000)
  object space 175104K, 0% used [0x00000006c0000000,0x00000006c0006000,0x00000006cab00000)
 Metaspace       used 15121K, capacity 15750K, committed 16000K, reserved 1062912K
  class space    used 2167K, capacity 2362K, committed 2432K, reserved 1048576K
}
Event: 19.160 GC heap before
{Heap before GC invocations=4 (full 0):
 PSYoungGen      total 76288K, used 70957K [0x000000076ab00000, 0x0000000770000000, 0x00000007c0000000)
  eden space 65536K, 100% used [0x000000076ab00000,0x000000076eb00000,0x000000076eb00000)
  from space 10752K, 50% used [0x000000076eb00000,0x000000076f04b560,0x000000076f580000)
  to   space 10752K, 0% used [0x000000076f580000,0x000000076f580000,0x0000000770000000)
 ParOldGen       total 175104K, used 24K [0x00000006c0000000, 0x00000006cab00000, 0x000000076ab00000)
  object space 175104K, 0% used [0x00000006c0000000,0x00000006c0006000,0x00000006cab00000)
 Metaspace       used 15652K, capacity 16272K, committed 16512K, reserved 1062912K
  class space    used 2212K, capacity 2411K, committed 2432K, reserved 1048576K
Event: 19.166 GC heap after
Heap after GC invocations=4 (full 0):
 PSYoungGen      total 76288K, used 5450K [0x000000076ab00000, 0x0000000770000000, 0x00000007c0000000)
  eden space 65536K, 0% used [0x000000076ab00000,0x000000076ab00000,0x000000076eb00000)
  from space 10752K, 50% used [0x000000076f580000,0x000000076fad2ad0,0x0000000770000000)
  to   space 10752K, 0% used [0x000000076eb00000,0x000000076eb00000,0x000000076f580000)
 ParOldGen       total 175104K, used 32K [0x00000006c0000000, 0x00000006cab00000, 0x000000076ab00000)
  object space 175104K, 0% used [0x00000006c0000000,0x00000006c0008000,0x00000006cab00000)
 Metaspace       used 15652K, capacity 16272K, committed 16512K, reserved 1062912K
  class space    used 2212K, capacity 2411K, committed 2432K, reserved 1048576K
}

Deoptimization events (10 events):
Event: 0.878 Thread 0x00007f9906108800 Uncommon trap: reason=class_check action=maybe_recompile pc=0x000000010708a19c method=java.lang.String.equals(Ljava/lang/Object;)Z @ 8
Event: 0.878 Thread 0x00007f9906108800 Uncommon trap: reason=class_check action=maybe_recompile pc=0x000000010708a19c method=java.lang.String.equals(Ljava/lang/Object;)Z @ 8
Event: 0.878 Thread 0x00007f9906108800 Uncommon trap: reason=class_check action=maybe_recompile pc=0x000000010708a19c method=java.lang.String.equals(Ljava/lang/Object;)Z @ 8
Event: 0.880 Thread 0x00007f9906108800 Uncommon trap: reason=class_check action=maybe_recompile pc=0x000000010708a19c method=java.lang.String.equals(Ljava/lang/Object;)Z @ 8
Event: 1.244 Thread 0x00007f9906108800 Uncommon trap: reason=unstable_if action=reinterpret pc=0x000000010719e220 method=java.lang.CharacterData.of(I)Ljava/lang/CharacterData; @ 4
Event: 1.282 Thread 0x00007f9906108800 Uncommon trap: reason=unstable_if action=reinterpret pc=0x0000000107284ed4 method=java.util.HashMap.putVal(ILjava/lang/Object;Ljava/lang/Object;ZZ)Ljava/lang/Object; @ 193
Event: 1.282 Thread 0x00007f9906108800 Uncommon trap: reason=unstable_if action=reinterpret pc=0x000000010727ef80 method=java.util.HashMap.putVal(ILjava/lang/Object;Ljava/lang/Object;ZZ)Ljava/lang/Object; @ 193
Event: 1.803 Thread 0x00007f9906108800 Uncommon trap: reason=unstable_if action=reinterpret pc=0x00000001072809f4 method=jdk.internal.org.objectweb.asm.Type.getArgumentsAndReturnSizes(Ljava/lang/String;)I @ 47
Event: 8.443 Thread 0x00007f9906108800 Uncommon trap: reason=unstable_if action=reinterpret pc=0x00000001073daeb4 method=java.util.WeakHashMap.expungeStaleEntries()V @ 9
Event: 20.988 Thread 0x00007f9906108800 Uncommon trap: reason=unstable_if action=reinterpret pc=0x000000010750de24 method=java.util.concurrent.locks.ReentrantLock$Sync.tryRelease(I)Z @ 28

Internal exceptions (10 events):
Event: 0.135 Thread 0x00007f9906800000 Exception <a 'java/lang/NoSuchFieldError': method resolution failed> (0x000000076af45850) thrown at [/Users/java_re/workspace/8-2-build-macosx-x86_64/jdk8u51/3951/hotspot/src/share/vm/prims/methodHandles.cpp, line 1125]
Event: 0.136 Thread 0x00007f9906800000 Exception <a 'java/lang/NoSuchFieldError': method resolution failed> (0x000000076af53f20) thrown at [/Users/java_re/workspace/8-2-build-macosx-x86_64/jdk8u51/3951/hotspot/src/share/vm/prims/methodHandles.cpp, line 1125]
Event: 0.152 Thread 0x00007f9906800000 Exception <a 'java/security/PrivilegedActionException'> (0x000000076afe0408) thrown at [/Users/java_re/workspace/8-2-build-macosx-x86_64/jdk8u51/3951/hotspot/src/share/vm/prims/jvm.cpp, line 1382]
Event: 0.152 Thread 0x00007f9906800000 Exception <a 'java/security/PrivilegedActionException'> (0x000000076afe05c0) thrown at [/Users/java_re/workspace/8-2-build-macosx-x86_64/jdk8u51/3951/hotspot/src/share/vm/prims/jvm.cpp, line 1382]
Event: 0.152 Thread 0x00007f9906800000 Exception <a 'java/security/PrivilegedActionException'> (0x000000076afe37b0) thrown at [/Users/java_re/workspace/8-2-build-macosx-x86_64/jdk8u51/3951/hotspot/src/share/vm/prims/jvm.cpp, line 1382]
Event: 0.152 Thread 0x00007f9906800000 Exception <a 'java/security/PrivilegedActionException'> (0x000000076afe3968) thrown at [/Users/java_re/workspace/8-2-build-macosx-x86_64/jdk8u51/3951/hotspot/src/share/vm/prims/jvm.cpp, line 1382]
Event: 0.152 Thread 0x00007f9906800000 Exception <a 'java/lang/NullPointerException'> (0x000000076afe4270) thrown at [/Users/java_re/workspace/8-2-build-macosx-x86_64/jdk8u51/3951/hotspot/src/share/vm/interpreter/linkResolver.cpp, line 1178]
Event: 0.480 Thread 0x00007f9906108800 Exception <a 'java/lang/NullPointerException'> (0x000000076baf4400) thrown at [/Users/java_re/workspace/8-2-build-macosx-x86_64/jdk8u51/3951/hotspot/src/share/vm/interpreter/linkResolver.cpp, line 1280]
Event: 0.683 Thread 0x00007f9906108800 Exception <a 'java/lang/NullPointerException'> (0x000000076c1114f0) thrown at [/Users/java_re/workspace/8-2-build-macosx-x86_64/jdk8u51/3951/hotspot/src/share/vm/interpreter/linkResolver.cpp, line 1178]
Event: 0.683 Thread 0x00007f9906108800 Exception <a 'java/lang/NullPointerException'> (0x000000076c1114f0) thrown at [/Users/java_re/workspace/8-2-build-macosx-x86_64/jdk8u51/3951/hotspot/src/share/vm/prims/jvm.cpp, line 1386]

Events (10 events):
Event: 20.988 Thread 0x00007f9906108800 Thread exited: 0x00007f9906108800
Event: 20.988 Thread 0x00007f9905012800 Thread added: 0x00007f9905012800
Event: 20.988 loading class java/util/IdentityHashMap$KeySet
Event: 20.988 loading class java/util/IdentityHashMap$KeySet done
Event: 20.988 loading class java/util/IdentityHashMap$KeyIterator
Event: 20.988 loading class java/util/IdentityHashMap$IdentityHashMapIterator
Event: 20.988 loading class java/util/IdentityHashMap$IdentityHashMapIterator done
Event: 20.988 loading class java/util/IdentityHashMap$KeyIterator done
Event: 20.988 Thread 0x00007f9905012800 Thread exited: 0x00007f9905012800
Event: 20.988 Thread 0x00007f9907814000 Thread exited: 0x00007f9907814000


Dynamic libraries:
0x0000000052580000 	/System/Library/Frameworks/Cocoa.framework/Versions/A/Cocoa
0x0000000052580000 	/System/Library/Frameworks/Security.framework/Versions/A/Security
0x0000000052580000 	/System/Library/Frameworks/ApplicationServices.framework/Versions/A/ApplicationServices
0x0000000052580000 	/usr/lib/libz.1.dylib
0x0000000052580000 	/usr/lib/libSystem.B.dylib
0x0000000052580000 	/usr/lib/libobjc.A.dylib
0x0000000052580000 	/System/Library/Frameworks/CoreFoundation.framework/Versions/A/CoreFoundation
0x0000000052580000 	/System/Library/Frameworks/Foundation.framework/Versions/C/Foundation
0x0000000052580000 	/System/Library/Frameworks/AppKit.framework/Versions/C/AppKit
0x0000000052580000 	/System/Library/Frameworks/CoreData.framework/Versions/A/CoreData
0x0000000052580000 	/System/Library/PrivateFrameworks/RemoteViewServices.framework/Versions/A/RemoteViewServices
0x0000000052580000 	/System/Library/PrivateFrameworks/UIFoundation.framework/Versions/A/UIFoundation
0x0000000052580000 	/System/Library/PrivateFrameworks/DFRFoundation.framework/Versions/A/DFRFoundation
0x0000000052580000 	/usr/lib/libenergytrace.dylib
0x0000000052580000 	/System/Library/PrivateFrameworks/SkyLight.framework/Versions/A/SkyLight
0x0000000052580000 	/System/Library/Frameworks/CoreGraphics.framework/Versions/A/CoreGraphics
0x0000000052580000 	/usr/lib/libScreenReader.dylib
0x0000000052580000 	/System/Library/Frameworks/Accelerate.framework/Versions/A/Accelerate
0x0000000052580000 	/System/Library/Frameworks/IOSurface.framework/Versions/A/IOSurface
0x0000000052580000 	/System/Library/Frameworks/AudioToolbox.framework/Versions/A/AudioToolbox
0x0000000052580000 	/System/Library/Frameworks/AudioUnit.framework/Versions/A/AudioUnit
0x0000000052580000 	/System/Library/PrivateFrameworks/DataDetectorsCore.framework/Versions/A/DataDetectorsCore
0x0000000052580000 	/System/Library/PrivateFrameworks/DesktopServicesPriv.framework/Versions/A/DesktopServicesPriv
0x0000000052580000 	/System/Library/Frameworks/Carbon.framework/Versions/A/Frameworks/HIToolbox.framework/Versions/A/HIToolbox
0x0000000052580000 	/usr/lib/libicucore.A.dylib
0x0000000052580000 	/System/Library/Frameworks/QuartzCore.framework/Versions/A/QuartzCore
0x0000000052580000 	/System/Library/Frameworks/Carbon.framework/Versions/A/Frameworks/SpeechRecognition.framework/Versions/A/SpeechRecognition
0x0000000052580000 	/usr/lib/libauto.dylib
0x0000000052580000 	/usr/lib/libxml2.2.dylib
0x0000000052580000 	/System/Library/PrivateFrameworks/CoreUI.framework/Versions/A/CoreUI
0x0000000052580000 	/System/Library/Frameworks/CoreAudio.framework/Versions/A/CoreAudio
0x0000000052580000 	/System/Library/Frameworks/DiskArbitration.framework/Versions/A/DiskArbitration
0x0000000052580000 	/usr/lib/liblangid.dylib
0x0000000052580000 	/System/Library/PrivateFrameworks/MultitouchSupport.framework/Versions/A/MultitouchSupport
0x0000000052580000 	/System/Library/Frameworks/IOKit.framework/Versions/A/IOKit
0x0000000052580000 	/usr/lib/libDiagnosticMessagesClient.dylib
0x0000000052580000 	/System/Library/Frameworks/CoreServices.framework/Versions/A/CoreServices
0x0000000052580000 	/System/Library/PrivateFrameworks/PerformanceAnalysis.framework/Versions/A/PerformanceAnalysis
0x0000000052580000 	/System/Library/PrivateFrameworks/GenerationalStorage.framework/Versions/A/GenerationalStorage
0x0000000052580000 	/System/Library/Frameworks/OpenGL.framework/Versions/A/OpenGL
0x0000000052580000 	/System/Library/Frameworks/CoreImage.framework/Versions/A/CoreImage
0x0000000052580000 	/System/Library/Frameworks/CoreText.framework/Versions/A/CoreText
0x0000000052580000 	/System/Library/Frameworks/ImageIO.framework/Versions/A/ImageIO
0x0000000052580000 	/System/Library/PrivateFrameworks/Backup.framework/Versions/A/Backup
0x0000000052580000 	/usr/lib/libarchive.2.dylib
0x0000000052580000 	/System/Library/Frameworks/CFNetwork.framework/Versions/A/CFNetwork
0x0000000052580000 	/System/Library/Frameworks/SystemConfiguration.framework/Versions/A/SystemConfiguration
0x0000000052580000 	/usr/lib/libCRFSuite.dylib
0x0000000052580000 	/usr/lib/libc++.1.dylib
0x0000000052580000 	/usr/lib/libc++abi.dylib
0x0000000052580000 	/usr/lib/system/libcache.dylib
0x0000000052580000 	/usr/lib/system/libcommonCrypto.dylib
0x0000000052580000 	/usr/lib/system/libcompiler_rt.dylib
0x0000000052580000 	/usr/lib/system/libcopyfile.dylib
0x0000000052580000 	/usr/lib/system/libcorecrypto.dylib
0x0000000052580000 	/usr/lib/system/libdispatch.dylib
0x0000000052580000 	/usr/lib/system/libdyld.dylib
0x0000000052580000 	/usr/lib/system/libkeymgr.dylib
0x0000000052580000 	/usr/lib/system/liblaunch.dylib
0x0000000052580000 	/usr/lib/system/libmacho.dylib
0x0000000052580000 	/usr/lib/system/libquarantine.dylib
0x0000000052580000 	/usr/lib/system/libremovefile.dylib
0x0000000052580000 	/usr/lib/system/libsystem_asl.dylib
0x0000000052580000 	/usr/lib/system/libsystem_blocks.dylib
0x0000000052580000 	/usr/lib/system/libsystem_c.dylib
0x0000000052580000 	/usr/lib/system/libsystem_configuration.dylib
0x0000000052580000 	/usr/lib/system/libsystem_coreservices.dylib
0x0000000052580000 	/usr/lib/system/libsystem_coretls.dylib
0x0000000052580000 	/usr/lib/system/libsystem_dnssd.dylib
0x0000000052580000 	/usr/lib/system/libsystem_info.dylib
0x0000000052580000 	/usr/lib/system/libsystem_kernel.dylib
0x0000000052580000 	/usr/lib/system/libsystem_m.dylib
0x0000000052580000 	/usr/lib/system/libsystem_malloc.dylib
0x0000000052580000 	/usr/lib/system/libsystem_network.dylib
0x0000000052580000 	/usr/lib/system/libsystem_networkextension.dylib
0x0000000052580000 	/usr/lib/system/libsystem_notify.dylib
0x0000000052580000 	/usr/lib/system/libsystem_platform.dylib
0x0000000052580000 	/usr/lib/system/libsystem_pthread.dylib
0x0000000052580000 	/usr/lib/system/libsystem_sandbox.dylib
0x0000000052580000 	/usr/lib/system/libsystem_secinit.dylib
0x0000000052580000 	/usr/lib/system/libsystem_symptoms.dylib
0x0000000052580000 	/usr/lib/system/libsystem_trace.dylib
0x0000000052580000 	/usr/lib/system/libunwind.dylib
0x0000000052580000 	/usr/lib/system/libxpc.dylib
0x0000000052580000 	/usr/lib/libbsm.0.dylib
0x0000000052580000 	/usr/lib/system/libkxld.dylib
0x0000000052580000 	/usr/lib/libcoretls.dylib
0x0000000052580000 	/usr/lib/libcoretls_cfhelpers.dylib
0x0000000052580000 	/usr/lib/libOpenScriptingUtil.dylib
0x0000000052580000 	/usr/lib/libpam.2.dylib
0x0000000052580000 	/usr/lib/libsqlite3.dylib
0x0000000052580000 	/usr/lib/libxar.1.dylib
0x0000000052580000 	/usr/lib/libbz2.1.0.dylib
0x0000000052580000 	/usr/lib/liblzma.5.dylib
0x0000000052580000 	/usr/lib/libnetwork.dylib
0x0000000052580000 	/usr/lib/libpcap.A.dylib
0x0000000052580000 	/System/Library/Frameworks/CoreServices.framework/Versions/A/Frameworks/FSEvents.framework/Versions/A/FSEvents
0x0000000052580000 	/System/Library/Frameworks/CoreServices.framework/Versions/A/Frameworks/CarbonCore.framework/Versions/A/CarbonCore
0x0000000052580000 	/System/Library/Frameworks/CoreServices.framework/Versions/A/Frameworks/Metadata.framework/Versions/A/Metadata
0x0000000052580000 	/System/Library/Frameworks/CoreServices.framework/Versions/A/Frameworks/OSServices.framework/Versions/A/OSServices
0x0000000052580000 	/System/Library/Frameworks/CoreServices.framework/Versions/A/Frameworks/SearchKit.framework/Versions/A/SearchKit
0x0000000052580000 	/System/Library/Frameworks/CoreServices.framework/Versions/A/Frameworks/AE.framework/Versions/A/AE
0x0000000052580000 	/System/Library/Frameworks/CoreServices.framework/Versions/A/Frameworks/LaunchServices.framework/Versions/A/LaunchServices
0x0000000052580000 	/System/Library/Frameworks/CoreServices.framework/Versions/A/Frameworks/DictionaryServices.framework/Versions/A/DictionaryServices
0x0000000052580000 	/System/Library/Frameworks/CoreServices.framework/Versions/A/Frameworks/SharedFileList.framework/Versions/A/SharedFileList
0x0000000052580000 	/System/Library/Frameworks/NetFS.framework/Versions/A/NetFS
0x0000000052580000 	/System/Library/PrivateFrameworks/NetAuth.framework/Versions/A/NetAuth
0x0000000052580000 	/System/Library/PrivateFrameworks/login.framework/Versions/A/Frameworks/loginsupport.framework/Versions/A/loginsupport
0x0000000052580000 	/System/Library/PrivateFrameworks/TCC.framework/Versions/A/TCC
0x0000000052580000 	/usr/lib/libmecabra.dylib
0x0000000052580000 	/System/Library/Frameworks/ApplicationServices.framework/Versions/A/Frameworks/ATS.framework/Versions/A/ATS
0x0000000052580000 	/System/Library/Frameworks/ApplicationServices.framework/Versions/A/Frameworks/ColorSync.framework/Versions/A/ColorSync
0x0000000052580000 	/System/Library/Frameworks/ApplicationServices.framework/Versions/A/Frameworks/HIServices.framework/Versions/A/HIServices
0x0000000052580000 	/System/Library/Frameworks/ApplicationServices.framework/Versions/A/Frameworks/LangAnalysis.framework/Versions/A/LangAnalysis
0x0000000052580000 	/System/Library/Frameworks/ApplicationServices.framework/Versions/A/Frameworks/PrintCore.framework/Versions/A/PrintCore
0x0000000052580000 	/System/Library/Frameworks/ApplicationServices.framework/Versions/A/Frameworks/QD.framework/Versions/A/QD
0x0000000052580000 	/System/Library/Frameworks/ApplicationServices.framework/Versions/A/Frameworks/SpeechSynthesis.framework/Versions/A/SpeechSynthesis
0x0000000052580000 	/System/Library/Frameworks/Accelerate.framework/Versions/A/Frameworks/vImage.framework/Versions/A/vImage
0x0000000052580000 	/System/Library/Frameworks/Accelerate.framework/Versions/A/Frameworks/vecLib.framework/Versions/A/vecLib
0x0000000052580000 	/System/Library/Frameworks/Accelerate.framework/Versions/A/Frameworks/vecLib.framework/Versions/A/libvDSP.dylib
0x0000000052580000 	/System/Library/Frameworks/Accelerate.framework/Versions/A/Frameworks/vecLib.framework/Versions/A/libBNNS.dylib
0x0000000052580000 	/System/Library/Frameworks/Accelerate.framework/Versions/A/Frameworks/vecLib.framework/Versions/A/libQuadrature.dylib
0x0000000052580000 	/System/Library/Frameworks/Accelerate.framework/Versions/A/Frameworks/vecLib.framework/Versions/A/libvMisc.dylib
0x0000000052580000 	/System/Library/Frameworks/Accelerate.framework/Versions/A/Frameworks/vecLib.framework/Versions/A/libLAPACK.dylib
0x0000000052580000 	/System/Library/Frameworks/Accelerate.framework/Versions/A/Frameworks/vecLib.framework/Versions/A/libBLAS.dylib
0x0000000052580000 	/System/Library/Frameworks/Accelerate.framework/Versions/A/Frameworks/vecLib.framework/Versions/A/libLinearAlgebra.dylib
0x0000000052580000 	/System/Library/Frameworks/Accelerate.framework/Versions/A/Frameworks/vecLib.framework/Versions/A/libSparseBLAS.dylib
0x0000000052580000 	/System/Library/Frameworks/ApplicationServices.framework/Versions/A/Frameworks/ATS.framework/Versions/A/Resources/libFontParser.dylib
0x0000000052580000 	/System/Library/Frameworks/ApplicationServices.framework/Versions/A/Frameworks/ATS.framework/Versions/A/Resources/libFontRegistry.dylib
0x0000000052580000 	/System/Library/Frameworks/ImageIO.framework/Versions/A/Resources/libJPEG.dylib
0x0000000052580000 	/System/Library/Frameworks/ImageIO.framework/Versions/A/Resources/libTIFF.dylib
0x0000000052580000 	/System/Library/Frameworks/ImageIO.framework/Versions/A/Resources/libPng.dylib
0x0000000052580000 	/System/Library/Frameworks/ImageIO.framework/Versions/A/Resources/libGIF.dylib
0x0000000052580000 	/System/Library/Frameworks/ImageIO.framework/Versions/A/Resources/libJP2.dylib
0x0000000052580000 	/System/Library/Frameworks/ImageIO.framework/Versions/A/Resources/libRadiance.dylib
0x0000000052580000 	/usr/lib/libcompression.dylib
0x0000000052580000 	/System/Library/PrivateFrameworks/AppleJPEG.framework/Versions/A/AppleJPEG
0x0000000052580000 	/usr/lib/libcups.2.dylib
0x0000000052580000 	/System/Library/Frameworks/Kerberos.framework/Versions/A/Kerberos
0x0000000052580000 	/System/Library/Frameworks/GSS.framework/Versions/A/GSS
0x0000000052580000 	/usr/lib/libresolv.9.dylib
0x0000000052580000 	/usr/lib/libiconv.2.dylib
0x0000000052580000 	/System/Library/PrivateFrameworks/Heimdal.framework/Versions/A/Heimdal
0x0000000052580000 	/usr/lib/libheimdal-asn1.dylib
0x0000000052580000 	/System/Library/Frameworks/OpenDirectory.framework/Versions/A/OpenDirectory
0x0000000052580000 	/System/Library/PrivateFrameworks/CommonAuth.framework/Versions/A/CommonAuth
0x0000000052580000 	/System/Library/Frameworks/OpenDirectory.framework/Versions/A/Frameworks/CFOpenDirectory.framework/Versions/A/CFOpenDirectory
0x0000000052580000 	/System/Library/Frameworks/SecurityFoundation.framework/Versions/A/SecurityFoundation
0x0000000052580000 	/System/Library/PrivateFrameworks/LanguageModeling.framework/Versions/A/LanguageModeling
0x0000000052580000 	/usr/lib/libmarisa.dylib
0x0000000052580000 	/usr/lib/libChineseTokenizer.dylib
0x0000000052580000 	/usr/lib/libcmph.dylib
0x0000000052580000 	/System/Library/PrivateFrameworks/CoreEmoji.framework/Versions/A/CoreEmoji
0x0000000052580000 	/System/Library/Frameworks/ServiceManagement.framework/Versions/A/ServiceManagement
0x0000000052580000 	/usr/lib/libxslt.1.dylib
0x0000000052580000 	/System/Library/Frameworks/Carbon.framework/Versions/A/Frameworks/Ink.framework/Versions/A/Ink
0x0000000052580000 	/System/Library/PrivateFrameworks/TextureIO.framework/Versions/A/TextureIO
0x0000000052580000 	/System/Library/Frameworks/Metal.framework/Versions/A/Metal
0x0000000052580000 	/usr/lib/libate.dylib
0x0000000052580000 	/System/Library/PrivateFrameworks/GPUCompiler.framework/libmetal_timestamp.dylib
0x0000000052580000 	/System/Library/Frameworks/OpenGL.framework/Versions/A/Libraries/libCoreFSCache.dylib
0x0000000052580000 	/System/Library/PrivateFrameworks/IOAccelerator.framework/Versions/A/IOAccelerator
0x0000000052580000 	/System/Library/Frameworks/CoreVideo.framework/Versions/A/CoreVideo
0x0000000052580000 	/usr/lib/libFosl_dynamic.dylib
0x0000000052580000 	/System/Library/PrivateFrameworks/MetalPerformanceShaders.framework/Versions/A/MetalPerformanceShaders
0x0000000052580000 	/System/Library/PrivateFrameworks/FaceCore.framework/Versions/A/FaceCore
0x0000000052580000 	/System/Library/Frameworks/OpenCL.framework/Versions/A/OpenCL
0x0000000052580000 	/System/Library/Frameworks/OpenGL.framework/Versions/A/Libraries/libGLU.dylib
0x0000000052580000 	/System/Library/Frameworks/OpenGL.framework/Versions/A/Libraries/libGFXShared.dylib
0x0000000052580000 	/System/Library/Frameworks/OpenGL.framework/Versions/A/Libraries/libGL.dylib
0x0000000052580000 	/System/Library/Frameworks/OpenGL.framework/Versions/A/Libraries/libGLImage.dylib
0x0000000052580000 	/System/Library/Frameworks/OpenGL.framework/Versions/A/Libraries/libCVMSPluginSupport.dylib
0x0000000052580000 	/System/Library/Frameworks/OpenGL.framework/Versions/A/Libraries/libCoreVMClient.dylib
0x0000000052580000 	/System/Library/PrivateFrameworks/CrashReporterSupport.framework/Versions/A/CrashReporterSupport
0x0000000052580000 	/System/Library/PrivateFrameworks/Sharing.framework/Versions/A/Sharing
0x0000000052580000 	/System/Library/PrivateFrameworks/IconServices.framework/Versions/A/IconServices
0x0000000052580000 	/System/Library/PrivateFrameworks/ProtocolBuffer.framework/Versions/A/ProtocolBuffer
0x0000000052580000 	/System/Library/PrivateFrameworks/Apple80211.framework/Versions/A/Apple80211
0x0000000052580000 	/System/Library/Frameworks/CoreWLAN.framework/Versions/A/CoreWLAN
0x0000000052580000 	/System/Library/PrivateFrameworks/CoreUtils.framework/Versions/A/CoreUtils
0x0000000052580000 	/System/Library/Frameworks/IOBluetooth.framework/Versions/A/IOBluetooth
0x0000000052580000 	/System/Library/PrivateFrameworks/CoreWiFi.framework/Versions/A/CoreWiFi
0x0000000052580000 	/System/Library/Frameworks/CoreBluetooth.framework/Versions/A/CoreBluetooth
0x0000000052580000 	/System/Library/Frameworks/CoreDisplay.framework/Versions/A/CoreDisplay
0x0000000052580000 	/System/Library/PrivateFrameworks/IOPresentment.framework/Versions/A/IOPresentment
0x0000000052580000 	/System/Library/PrivateFrameworks/DSExternalDisplay.framework/Versions/A/DSExternalDisplay
0x0000000052580000 	/System/Library/PrivateFrameworks/DebugSymbols.framework/Versions/A/DebugSymbols
0x0000000052580000 	/System/Library/PrivateFrameworks/CoreSymbolication.framework/Versions/A/CoreSymbolication
0x0000000052580000 	/System/Library/PrivateFrameworks/Symbolication.framework/Versions/A/Symbolication
0x0000000052580000 	/System/Library/PrivateFrameworks/AppleFSCompression.framework/Versions/A/AppleFSCompression
0x0000000052580000 	/System/Library/PrivateFrameworks/SpeechRecognitionCore.framework/Versions/A/SpeechRecognitionCore
0x0000000052580000 	/System/Library/PrivateFrameworks/ChunkingLibrary.framework/Versions/A/ChunkingLibrary
0x00000001049d6000 	/System/Library/CoreServices/Encodings/libSimplifiedChineseConverter.dylib
0x0000000106000000 	/Library/Java/JavaVirtualMachines/jdk1.8.0_51.jdk/Contents/Home/jre/lib/server/libjvm.dylib
0x0000000052580000 	/usr/lib/libstdc++.6.dylib
0x0000000104a4c000 	/Library/Java/JavaVirtualMachines/jdk1.8.0_51.jdk/Contents/Home/jre/lib/libverify.dylib
0x0000000104a5a000 	/Library/Java/JavaVirtualMachines/jdk1.8.0_51.jdk/Contents/Home/jre/lib/libjava.dylib
0x0000000104a99000 	/Library/Java/JavaVirtualMachines/jdk1.8.0_51.jdk/Contents/Home/jre/lib/libzip.dylib
0x0000000121b40000 	/System/Library/Frameworks/JavaVM.framework/Frameworks/JavaRuntimeSupport.framework/JavaRuntimeSupport
0x0000000121b5a000 	/System/Library/Frameworks/JavaVM.framework/Versions/A/Frameworks/JavaNativeFoundation.framework/Versions/A/JavaNativeFoundation
0x0000000104fef000 	/System/Library/Frameworks/JavaVM.framework/Versions/A/JavaVM
0x0000000052580000 	/System/Library/Frameworks/Carbon.framework/Versions/A/Carbon
0x0000000121b6f000 	/System/Library/PrivateFrameworks/JavaLaunching.framework/Versions/A/JavaLaunching
0x0000000052580000 	/System/Library/Frameworks/Carbon.framework/Versions/A/Frameworks/CommonPanels.framework/Versions/A/CommonPanels
0x0000000052580000 	/System/Library/Frameworks/Carbon.framework/Versions/A/Frameworks/Help.framework/Versions/A/Help
0x0000000052580000 	/System/Library/Frameworks/Carbon.framework/Versions/A/Frameworks/ImageCapture.framework/Versions/A/ImageCapture
0x0000000052580000 	/System/Library/Frameworks/Carbon.framework/Versions/A/Frameworks/OpenScripting.framework/Versions/A/OpenScripting
0x0000000052580000 	/System/Library/Frameworks/Carbon.framework/Versions/A/Frameworks/Print.framework/Versions/A/Print
0x0000000052580000 	/System/Library/Frameworks/Carbon.framework/Versions/A/Frameworks/SecurityHI.framework/Versions/A/SecurityHI
0x0000000123515000 	/Library/Java/JavaVirtualMachines/jdk1.8.0_51.jdk/Contents/Home/jre/lib/libprism_es2.dylib
0x0000000123577000 	/System/Library/Frameworks/OpenGL.framework/Resources/GLEngine.bundle/GLEngine
0x0000000052580000 	/System/Library/Frameworks/OpenGL.framework/Versions/A/Libraries/libGLProgrammability.dylib
0x000000012375c000 	/System/Library/Extensions/AppleIntelHD5000GraphicsGLDriver.bundle/Contents/MacOS/AppleIntelHD5000GraphicsGLDriver
0x0000000052580000 	/System/Library/PrivateFrameworks/GPUSupport.framework/Versions/A/Libraries/libGPUSupportMercury.dylib
0x0000000052580000 	/System/Library/Extensions/GeForceGLDriver.bundle/Contents/MacOS/GeForceGLDriver
0x0000000052580000 	/System/Library/Extensions/GeForceGLDriver.bundle/Contents/MacOS/libclh.dylib
0x0000000123ed3000 	/System/Library/Frameworks/OpenGL.framework/Resources//GLRendererFloat.bundle/GLRendererFloat
0x0000000052580000 	/System/Library/Frameworks/OpenCL.framework/Versions/A/Libraries/libcldcpuengine.dylib
0x0000000052580000 	/usr/lib/libcrypto.0.9.8.dylib
0x0000000052580000 	/System/Library/PrivateFrameworks/TrustEvaluationAgent.framework/Versions/A/TrustEvaluationAgent
0x000000012416f000 	/Library/Java/JavaVirtualMachines/jdk1.8.0_51.jdk/Contents/Home/jre/lib/libglass.dylib
0x0000000052580000 	/System/Library/PrivateFrameworks/CoreServicesInternal.framework/Versions/A/CoreServicesInternal
0x0000000052580000 	/System/Library/CoreServices/RawCamera.bundle/Contents/MacOS/RawCamera
0x0000000052580000 	/System/Library/Frameworks/Accelerate.framework/Versions/A/Frameworks/vImage.framework/Versions/A/Libraries/libCGInterfaces.dylib
0x0000000052580000 	/System/Library/PrivateFrameworks/FamilyControls.framework/Versions/A/FamilyControls
0x0000000052580000 	/System/Library/PrivateFrameworks/CommerceKit.framework/Versions/A/Frameworks/CommerceCore.framework/Versions/A/CommerceCore
0x0000000052580000 	/System/Library/PrivateFrameworks/SystemAdministration.framework/Versions/A/SystemAdministration
0x0000000052580000 	/System/Library/PrivateFrameworks/AppContainer.framework/Versions/A/AppContainer
0x0000000052580000 	/System/Library/PrivateFrameworks/SecCodeWrapper.framework/Versions/A/SecCodeWrapper
0x0000000052580000 	/System/Library/Frameworks/DirectoryService.framework/Versions/A/DirectoryService
0x0000000052580000 	/System/Library/PrivateFrameworks/DiskImages.framework/Versions/A/DiskImages
0x0000000052580000 	/System/Library/PrivateFrameworks/LoginUIKit.framework/Versions/A/Frameworks/LoginUICore.framework/Versions/A/LoginUICore
0x0000000052580000 	/usr/lib/libCoreStorage.dylib
0x0000000052580000 	/usr/lib/libcsfde.dylib
0x0000000052580000 	/usr/lib/libodfde.dylib
0x0000000052580000 	/System/Library/Frameworks/DiscRecording.framework/Versions/A/DiscRecording
0x0000000052580000 	/usr/lib/libcurl.4.dylib
0x0000000052580000 	/System/Library/PrivateFrameworks/MediaKit.framework/Versions/A/MediaKit
0x0000000052580000 	/System/Library/PrivateFrameworks/ProtectedCloudStorage.framework/Versions/A/ProtectedCloudStorage
0x0000000052580000 	/System/Library/PrivateFrameworks/EFILogin.framework/Versions/A/EFILogin
0x0000000052580000 	/usr/lib/libutil.dylib
0x0000000052580000 	/System/Library/Frameworks/LDAP.framework/Versions/A/LDAP
0x0000000052580000 	/usr/lib/libsasl2.2.dylib
0x0000000052580000 	/System/Library/PrivateFrameworks/CoreDaemon.framework/Versions/B/CoreDaemon
0x0000000052580000 	/System/Library/PrivateFrameworks/AppleSRP.framework/Versions/A/AppleSRP
0x0000000052580000 	/System/Library/PrivateFrameworks/APFS.framework/Versions/A/APFS
0x00000001280b3000 	/Library/Java/JavaVirtualMachines/jdk1.8.0_51.jdk/Contents/Home/jre/lib/libglib-lite.dylib
0x00000001281d9000 	/Library/Java/JavaVirtualMachines/jdk1.8.0_51.jdk/Contents/Home/jre/lib/libgstreamer-lite.dylib
0x000000012835c000 	/Library/Java/JavaVirtualMachines/jdk1.8.0_51.jdk/Contents/Home/jre/lib/libjfxmedia.dylib
0x000000012839d000 	/Library/Java/JavaVirtualMachines/jdk1.8.0_51.jdk/Contents/Home/jre/lib/libjfxmedia_avf.dylib
0x0000000052580000 	/System/Library/Frameworks/AVFoundation.framework/Versions/A/AVFoundation
0x0000000052580000 	/System/Library/Frameworks/CoreMedia.framework/Versions/A/CoreMedia
0x0000000052580000 	/System/Library/Frameworks/MediaToolbox.framework/Versions/A/MediaToolbox
0x0000000052580000 	/System/Library/Frameworks/AVFoundation.framework/Versions/A/Frameworks/AVFAudio.framework/Versions/A/AVFAudio
0x0000000052580000 	/System/Library/Frameworks/VideoToolbox.framework/Versions/A/VideoToolbox
0x0000000052580000 	/System/Library/PrivateFrameworks/IntlPreferences.framework/Versions/A/IntlPreferences
0x0000000052580000 	/System/Library/Frameworks/CoreMediaIO.framework/Versions/A/CoreMediaIO
0x0000000052580000 	/usr/lib/libspindump.dylib
0x0000000052580000 	/usr/lib/libdscsym.dylib
0x0000000052580000 	/System/Library/PrivateFrameworks/CoreAVCHD.framework/Versions/A/CoreAVCHD
0x0000000052580000 	/System/Library/Frameworks/MediaAccessibility.framework/Versions/A/MediaAccessibility
0x0000000052580000 	/System/Library/PrivateFrameworks/Mangrove.framework/Versions/A/Mangrove
0x0000000052580000 	/System/Library/PrivateFrameworks/CoreAUC.framework/Versions/A/CoreAUC
0x0000000052580000 	/System/Library/PrivateFrameworks/AppleVA.framework/Versions/A/AppleVA
0x0000000052580000 	/System/Library/PrivateFrameworks/XPCService.framework/Versions/A/XPCService
0x0000000052580000 	/System/Library/PrivateFrameworks/AppSandbox.framework/Versions/A/AppSandbox
0x0000000052580000 	/usr/lib/libsandbox.1.dylib
0x0000000052580000 	/usr/lib/libMatch.1.dylib
0x00000001283d5000 	/Library/Java/JavaVirtualMachines/jdk1.8.0_51.jdk/Contents/Home/jre/lib/libjfxmedia_qtkit.dylib
0x0000000052580000 	/System/Library/Frameworks/QTKit.framework/Versions/A/QTKit
0x0000000052580000 	/System/Library/PrivateFrameworks/CoreMediaAuthoring.framework/Versions/A/CoreMediaAuthoring
0x00000001283e4000 	/Library/Java/JavaVirtualMachines/jdk1.8.0_51.jdk/Contents/Home/jre/lib/libfxplugins.dylib
0x000000012840f000 	/System/Library/Frameworks/VideoDecodeAcceleration.framework/Versions/A/VideoDecodeAcceleration
0x0000000128415000 	/Library/Java/JavaVirtualMachines/jdk1.8.0_51.jdk/Contents/Home/jre/lib/libnet.dylib
0x0000000128474000 	/Library/Java/JavaVirtualMachines/jdk1.8.0_51.jdk/Contents/Home/jre/lib/libnio.dylib
0x0000000128484000 	/System/Library/Extensions/AppleHDA.kext/Contents/PlugIns/AppleHDAHALPlugIn.bundle/Contents/MacOS/AppleHDAHALPlugIn
0x00000001284ba000 	/System/Library/Components/CoreAudio.component/Contents/MacOS/CoreAudio
0x0000000052580000 	/System/Library/PrivateFrameworks/AppleGVA.framework/Versions/A/AppleGVA
0x00000001287fa000 	/System/Library/Components/AudioCodecs.component/Contents/MacOS/AudioCodecs
0x0000000128e50000 	/Library/Java/JavaVirtualMachines/jdk1.8.0_51.jdk/Contents/Home/jre/lib/libjavafx_font.dylib
0x0000000052580000 	/System/Library/Frameworks/ApplicationServices.framework/Versions/A/Frameworks/ATS.framework/Versions/A/Resources/libTrueTypeScaler.dylib
0x0000000052580000 	/System/Library/Extensions/GeForceMTLDriver.bundle/Contents/MacOS/GeForceMTLDriver
0x000000012b5fd000 	/System/Library/Extensions/AppleIntelHD5000GraphicsMTLDriver.bundle/Contents/MacOS/AppleIntelHD5000GraphicsMTLDriver
0x000000012b5d8000 	/Library/Java/JavaVirtualMachines/jdk1.8.0_51.jdk/Contents/Home/jre/lib/libprism_common.dylib

VM Arguments:
jvm_args: -Dfile.encoding=UTF-8 
java_command: /Users/kaiyan/java/liang/ch16/MediaDemo/dist/run1542925523/MediaDemo.jar
java_class_path (initial): /Users/kaiyan/java/liang/ch16/MediaDemo/dist/run1542925523/MediaDemo.jar
Launcher Type: SUN_STANDARD

Environment Variables:
PATH=/usr/bin:/bin:/usr/sbin:/sbin
LD_LIBRARY_PATH=/Library/Java/JavaVirtualMachines/jdk1.8.0_51.jdk/Contents/Home/jre/lib/amd64:/Library/Java/JavaVirtualMachines/jdk1.8.0_51.jdk/Contents/Home/jre/lib/i386:
SHELL=/bin/bash
DISPLAY=/private/tmp/com.apple.launchd.MOdkoi3CV4/org.macosforge.xquartz:0

Signal Handlers:
SIGSEGV: [libjvm.dylib+0x58ef35], sa_mask[0]=11111111011111110111111111111111, sa_flags=SA_ONSTACK|SA_RESTART|SA_SIGINFO
SIGBUS: [libjvm.dylib+0x58ef35], sa_mask[0]=11111111011111110111111111111111, sa_flags=SA_RESTART|SA_SIGINFO
SIGFPE: [libjvm.dylib+0x46c028], sa_mask[0]=11111111011111110111111111111111, sa_flags=SA_RESTART|SA_SIGINFO
SIGPIPE: [libjvm.dylib+0x46c028], sa_mask[0]=11111111011111110111111111111111, sa_flags=SA_RESTART|SA_SIGINFO
SIGXFSZ: [libjvm.dylib+0x46c028], sa_mask[0]=11111111011111110111111111111111, sa_flags=SA_RESTART|SA_SIGINFO
SIGILL: [libjvm.dylib+0x46c028], sa_mask[0]=11111111011111110111111111111111, sa_flags=SA_RESTART|SA_SIGINFO
SIGUSR1: SIG_DFL, sa_mask[0]=00000000000000000000000000000000, sa_flags=none
SIGUSR2: [libjvm.dylib+0x46bb46], sa_mask[0]=00100000000000000000000000000000, sa_flags=SA_RESTART|SA_SIGINFO
SIGHUP: [libjvm.dylib+0x46a119], sa_mask[0]=11111111011111110111111111111111, sa_flags=SA_RESTART|SA_SIGINFO
SIGINT: SIG_IGN, sa_mask[0]=00000000000000000000000000000000, sa_flags=none
SIGTERM: [libjvm.dylib+0x46a119], sa_mask[0]=11111111011111110111111111111111, sa_flags=SA_RESTART|SA_SIGINFO
SIGQUIT: [libjvm.dylib+0x46a119], sa_mask[0]=11111111011111110111111111111111, sa_flags=SA_RESTART|SA_SIGINFO


---------------  S Y S T E M  ---------------

OS:Bsduname:Darwin 16.7.0 Darwin Kernel Version 16.7.0: Thu Jun 21 20:07:39 PDT 2018; root:xnu-3789.73.14~1/RELEASE_X86_64 x86_64
rlimit: STACK 8192k, CORE 0k, NPROC 709, NOFILE 10240, AS infinity
load average:1.72 1.73 1.66

CPU:total 8 (4 cores per cpu, 2 threads per core) family 6 model 70 stepping 1, cmov, cx8, fxsr, mmx, sse, sse2, sse3, ssse3, sse4.1, sse4.2, popcnt, avx, avx2, aes, clmul, erms, lzcnt, ht, tsc, tscinvbit, bmi1, bmi2

Memory: 4k page, physical 16777216k(65400k free)

/proc/meminfo:


vm_info: Java HotSpot(TM) 64-Bit Server VM (25.51-b03) for bsd-amd64 JRE (1.8.0_51-b16), built on Jun  8 2015 18:01:11 by "java_re" with gcc 4.2.1 (Based on Apple Inc. build 5658) (LLVM build 2336.11.00)

time: Wed Sep 12 17:52:51 2018
elapsed time: 21 seconds (0d 0h 0m 21s)

