#
# A fatal error has been detected by the Java Runtime Environment:
#
#  SIGSEGV (0xb) at pc=0x000000012da352fa, pid=55183, tid=80139
#
# JRE version: Java(TM) SE Runtime Environment (8.0_51-b16) (build 1.8.0_51-b16)
# Java VM: Java HotSpot(TM) 64-Bit Server VM (25.51-b03 mixed mode bsd-amd64 compressed oops)
# Problematic frame:
# C  [libjfxmedia_avf.dylib+0x72fa]  _ZN18AVFKernelComponent18ProcessBufferListsERjRK15AudioBufferListRS1_j+0x26
#
# Failed to write core dump. Core dumps have been disabled. To enable core dumping, try "ulimit -c unlimited" before starting Java again
#
# If you would like to submit a bug report, please visit:
#   http://bugreport.java.com/bugreport/crash.jsp
#

---------------  T H R E A D  ---------------

Current thread is native thread

siginfo: si_signo: 11 (SIGSEGV), si_code: 0 (unknown), si_addr: 0x0000000000000000

Registers:
RAX=0x2000000000000000, RBX=0x00007fb6a408dfe0, RCX=0x00007fb6a403b9e0, RDX=0x00007fb6a408dfe0
RSP=0x00007000119ae780, RBP=0x00007000119ae780, RSI=0x00007000119aea54, RDI=0x00007fb69d4ca8d0
R8 =0x0000000000001000, R9 =0x00007000119ae587, R10=0x00007fb6a4634d38, R11=0xfffffffffffada00
R12=0x0000000000000000, R13=0x0000000000001000, R14=0x000000012da352d4, R15=0x00007fb6a406bde0
RIP=0x000000012da352fa, EFLAGS=0x0000000000010202, ERR=0x0000000000000000
  TRAPNO=0x000000000000000d

Top of Stack: (sp=0x00007000119ae780)
0x00007000119ae780:   00007000119ae7e0 000000012da3db9b
0x00007000119ae790:   0000000000000000 00007000119aea54
0x00007000119ae7a0:   0000000000000000 0000000000000000
0x00007000119ae7b0:   0000000000000000 00007fb6a406bfc0
0x00007000119ae7c0:   00007000119aea54 00007fb6a406bde0
0x00007000119ae7d0:   00007fb69d5eca70 0000000000001000
0x00007000119ae7e0:   00007000119ae830 000000012da38d51
0x00007000119ae7f0:   0000000000000000 00007000119aea78
0x00007000119ae800:   0000000000000003 0000000000000002
0x00007000119ae810:   00007fb6a406bfc0 00007fb69d5eca70
0x00007000119ae820:   00000000ffffffce 0000000000001000
0x00007000119ae830:   00007000119ae8b0 000000012da373d1
0x00007000119ae840:   00007fb69d5eca70 00007fffc674d0be
0x00007000119ae850:   00009fe0119ae8d0 00007000119aea54
0x00007000119ae860:   00007fb6a406bde0 00007000119aea78
0x00007000119ae870:   000000009d560300 00009fe09d5eca70
0x00007000119ae880:   0000700000009fe0 00000000ffffffce
0x00007000119ae890:   00007000119aea54 0000000000000000
0x00007000119ae8a0:   0000000000001000 00007000119aea78
0x00007000119ae8b0:   00007000119ae8d0 000000012da3b210
0x00007000119ae8c0:   00000000fffffffc 00007fb6a406d180
0x00007000119ae8d0:   00007000119ae910 000000012da3a15b
0x00007000119ae8e0:   00007fb6a406d180 00007000119aea78
0x00007000119ae8f0:   00000000ffffd584 0000000000001000
0x00007000119ae900:   00007fb6a4608768 00007fb6a406c0c0
0x00007000119ae910:   00007000119ae970 000000012da3daad
0x00007000119ae920:   0000000000000000 00007000119aea54
0x00007000119ae930:   0000000000000000 0000000000000000
0x00007000119ae940:   0000000000000000 00007fb6a406d8a0
0x00007000119ae950:   00007000119aea54 00007fb6a406c0c0
0x00007000119ae960:   00007fb6a4608768 0000000000001000
0x00007000119ae970:   00007000119ae9c0 000000012da38d51 

Instructions: (pc=0x000000012da352fa)
0x000000012da352da:   d0 01 00 00 01 75 10 48 8b bf d8 01 00 00 48 85
0x000000012da352ea:   ff 75 0a 31 c0 5d c3 5d e9 bd 89 00 00 48 8b 07
0x000000012da352fa:   48 8b 40 28 5d ff e0 90 55 48 89 e5 b8 fc ff ff
0x000000012da3530a:   ff 5d c3 90 55 48 89 e5 b8 fc ff ff ff 5d c3 90 

Register to memory mapping:

RAX=0x2000000000000000 is an unknown value
RBX=0x00007fb6a408dfe0 is an unknown value
RCX=0x00007fb6a403b9e0 is an unknown value
RDX=0x00007fb6a408dfe0 is an unknown value
RSP=0x00007000119ae780 is an unknown value
RBP=0x00007000119ae780 is an unknown value
RSI=0x00007000119aea54 is an unknown value
RDI=0x00007fb69d4ca8d0 is an unknown value
R8 =0x0000000000001000 is an unknown value
R9 =0x00007000119ae587 is an unknown value
R10=0x00007fb6a4634d38 is an unknown value
R11=0xfffffffffffada00 is an unknown value
R12=0x0000000000000000 is an unknown value
R13=0x0000000000001000 is an unknown value
R14=0x000000012da352d4: _ZN18AVFKernelComponent18ProcessBufferListsERjRK15AudioBufferListRS1_j+0 in /Library/Java/JavaVirtualMachines/jdk1.8.0_51.jdk/Contents/Home/jre/lib/libjfxmedia_avf.dylib at 0x000000012da2e000
R15=0x00007fb6a406bde0 is an unknown value


Stack: [0x000070001192f000,0x00007000119af000],  sp=0x00007000119ae780,  free space=509k
Native frames: (J=compiled Java code, j=interpreted, Vv=VM code, C=native code)
C  [libjfxmedia_avf.dylib+0x72fa]  _ZN18AVFKernelComponent18ProcessBufferListsERjRK15AudioBufferListRS1_j+0x26
C  [libjfxmedia_avf.dylib+0xfb9b]  _ZN12AUEffectBase6RenderERjRK14AudioTimeStampj+0x151
C  [libjfxmedia_avf.dylib+0xad51]  _ZN6AUBase11DoRenderBusERjRK14AudioTimeStampjP15AUOutputElementjR15AudioBufferList+0x7f
C  [libjfxmedia_avf.dylib+0x93d1]  _ZN6AUBase8DoRenderERjRK14AudioTimeStampjjR15AudioBufferList+0x203
C  [libjfxmedia_avf.dylib+0xd210]  _ZL14AUMethodRenderPvPjPK14AudioTimeStampjjP15AudioBufferList+0x2e
C  [libjfxmedia_avf.dylib+0xc15b]  _ZN14AUInputElement9PullInputERjRK14AudioTimeStampjj+0x8d
C  [libjfxmedia_avf.dylib+0xfaad]  _ZN12AUEffectBase6RenderERjRK14AudioTimeStampj+0x63
C  [libjfxmedia_avf.dylib+0xad51]  _ZN6AUBase11DoRenderBusERjRK14AudioTimeStampjP15AUOutputElementjR15AudioBufferList+0x7f
C  [libjfxmedia_avf.dylib+0x93d1]  _ZN6AUBase8DoRenderERjRK14AudioTimeStampjjR15AudioBufferList+0x203
C  [libjfxmedia_avf.dylib+0xd210]  _ZL14AUMethodRenderPvPjPK14AudioTimeStampjjP15AudioBufferList+0x2e
C  [libjfxmedia_avf.dylib+0x4ea0]  _ZL15ProcessAudioTapPKvljP15AudioBufferListPlPj+0x65
C  [MediaToolbox+0x3713fd]  MTAudioProcessingTapGetSourceAudio+0x852
C  [AudioToolbox+0xe4159]  _Z25AQClientCallProcessingTapPvjP14AudioTimeStampPjS2_P15AudioBufferListidjdjPKhj+0x5d
C  [AudioToolbox+0x16ae9e]  _ZN15AQProcessingTap9DoCalloutERjR14AudioTimeStampS0_R15AudioBufferList+0xbc
C  [AudioToolbox+0x16ac9d]  _ZN16AudioQueueObject18PerformTapInternalER14AudioTimeStampRjS2_+0x85
C  [AudioToolbox+0x16aba3]  _ZN16AudioQueueObject20PerformProcessingTapEPFiPvRjRK14AudioTimeStampjR15AudioBufferListRdS1_ES0_RS2_S1_S6_S1_+0xc5
C  [AudioToolbox+0x1761b7]  _ZN14MEMixerChannel13TapDownstreamEPvPjPK14AudioTimeStampjjP15AudioBufferList+0x81
C  [CoreAudio+0x10cef5]  _ZN14AUInputElement9PullInputERjRK14AudioTimeStampjj+0xb9
C  [CoreAudio+0x5f574]  _ZN18AUDeferredRenderer7ProduceEv+0x240
C  [CoreAudio+0x5f2ab]  _ZN18AUDeferredRenderer18ProducerThreadProcEv+0x31
C  [CoreAudio+0x5ecab]  _ZN18AUDeferredRenderer18ProducerThreadProcEPv+0x1f
C  [CoreAudio+0x1236e5]  _ZN9CAPThread5EntryEPS_+0x55
C  [libsystem_pthread.dylib+0x393b]  _pthread_body+0xb4
C  [libsystem_pthread.dylib+0x3887]  _pthread_body+0x0
C  [libsystem_pthread.dylib+0x308d]  thread_start+0xd


---------------  P R O C E S S  ---------------

VM state:at safepoint (normal execution)

VM Mutex/Monitor currently owned by a thread:  ([mutex/lock_event])
[0x00007fb69d6021d0] Threads_lock - owner thread: 0x00007fb69f054800
[0x00007fb69d6026d0] Heap_lock - owner thread: 0x00007fb69e163000

Heap:
 PSYoungGen      total 71680K, used 34167K [0x000000076ab00000, 0x000000076fd00000, 0x00000007c0000000)
  eden space 61440K, 55% used [0x000000076ab00000,0x000000076cc1dcb0,0x000000076e700000)
  from space 10240K, 2% used [0x000000076e800000,0x000000076e840000,0x000000076f200000)
  to   space 11264K, 0% used [0x000000076f200000,0x000000076f200000,0x000000076fd00000)
 ParOldGen       total 175104K, used 7026K [0x00000006c0000000, 0x00000006cab00000, 0x000000076ab00000)
  object space 175104K, 4% used [0x00000006c0000000,0x00000006c06dc938,0x00000006cab00000)
 Metaspace       used 16089K, capacity 16788K, committed 16896K, reserved 1062912K
  class space    used 2249K, capacity 2469K, committed 2560K, reserved 1048576K

Card table byte_map: [0x000000010c529000,0x000000010cd2a000] byte_map_base: 0x0000000108f29000

Marking Bits: (ParMarkBitMap*) 0x000000010bac27a0
 Begin Bits: [0x000000010d280000, 0x0000000111280000)
 End Bits:   [0x0000000111280000, 0x0000000115280000)

Polling page: 0x000000010a114000

CodeCache: size=245760Kb used=6992Kb max_used=6992Kb free=238768Kb
 bounds [0x0000000115d9f000, 0x000000011647f000, 0x0000000124d9f000]
 total_blobs=2955 nmethods=2303 adapters=564
 compilation: enabled

Compilation events (10 events):
Event: 61.248 Thread 0x00007fb69e83b000 2320       3       java.lang.Class::getReflectionFactory (26 bytes)
Event: 61.248 Thread 0x00007fb69e83b000 nmethod 2320 0x00000001164778d0 code [0x0000000116477a60, 0x0000000116477e48]
Event: 61.248 Thread 0x00007fb69e83b000 2321       3       sun.reflect.ReflectionFactory::langReflectAccess (15 bytes)
Event: 61.248 Thread 0x00007fb69e83b000 nmethod 2321 0x00000001164719d0 code [0x0000000116471b40, 0x0000000116471d50]
Event: 61.249 Thread 0x00007fb69e83b000 2322       3       sun.invoke.util.BytecodeDescriptor::unparseMethod (68 bytes)
Event: 61.250 Thread 0x00007fb69e83b000 nmethod 2322 0x0000000116475fd0 code [0x0000000116476220, 0x00000001164770f8]
Event: 61.268 Thread 0x00007fb69e83b000 2323       3       java.lang.Class::checkInitted (19 bytes)
Event: 61.268 Thread 0x00007fb69e83b000 nmethod 2323 0x0000000116475a90 code [0x0000000116475c20, 0x0000000116475ee8]
Event: 61.268 Thread 0x00007fb69e83b000 2324       3       java.lang.Class::reflectionData (49 bytes)
Event: 61.268 Thread 0x00007fb69e83b000 nmethod 2324 0x0000000116475290 code [0x0000000116475420, 0x0000000116475928]

GC Heap History (10 events):
Event: 21.426 GC heap before
{Heap before GC invocations=3 (full 0):
 PSYoungGen      total 76288K, used 72709K [0x000000076ab00000, 0x0000000770000000, 0x00000007c0000000)
  eden space 65536K, 100% used [0x000000076ab00000,0x000000076eb00000,0x000000076eb00000)
  from space 10752K, 66% used [0x000000076f580000,0x000000076fc81570,0x0000000770000000)
  to   space 10752K, 0% used [0x000000076eb00000,0x000000076eb00000,0x000000076f580000)
 ParOldGen       total 175104K, used 16K [0x00000006c0000000, 0x00000006cab00000, 0x000000076ab00000)
  object space 175104K, 0% used [0x00000006c0000000,0x00000006c0004000,0x00000006cab00000)
 Metaspace       used 15348K, capacity 15984K, committed 16256K, reserved 1062912K
  class space    used 2199K, capacity 2379K, committed 2432K, reserved 1048576K
Event: 21.431 GC heap after
Heap after GC invocations=3 (full 0):
 PSYoungGen      total 76288K, used 7074K [0x000000076ab00000, 0x0000000770000000, 0x00000007c0000000)
  eden space 65536K, 0% used [0x000000076ab00000,0x000000076ab00000,0x000000076eb00000)
  from space 10752K, 65% used [0x000000076eb00000,0x000000076f1e8ae0,0x000000076f580000)
  to   space 10752K, 0% used [0x000000076f580000,0x000000076f580000,0x0000000770000000)
 ParOldGen       total 175104K, used 24K [0x00000006c0000000, 0x00000006cab00000, 0x000000076ab00000)
  object space 175104K, 0% used [0x00000006c0000000,0x00000006c0006000,0x00000006cab00000)
 Metaspace       used 15348K, capacity 15984K, committed 16256K, reserved 1062912K
  class space    used 2199K, capacity 2379K, committed 2432K, reserved 1048576K
}
Event: 29.600 GC heap before
{Heap before GC invocations=4 (full 0):
 PSYoungGen      total 76288K, used 72610K [0x000000076ab00000, 0x0000000770000000, 0x00000007c0000000)
  eden space 65536K, 100% used [0x000000076ab00000,0x000000076eb00000,0x000000076eb00000)
  from space 10752K, 65% used [0x000000076eb00000,0x000000076f1e8ae0,0x000000076f580000)
  to   space 10752K, 0% used [0x000000076f580000,0x000000076f580000,0x0000000770000000)
 ParOldGen       total 175104K, used 24K [0x00000006c0000000, 0x00000006cab00000, 0x000000076ab00000)
  object space 175104K, 0% used [0x00000006c0000000,0x00000006c0006000,0x00000006cab00000)
 Metaspace       used 15757K, capacity 16438K, committed 16512K, reserved 1062912K
  class space    used 2213K, capacity 2380K, committed 2432K, reserved 1048576K
Event: 29.605 GC heap after
Heap after GC invocations=4 (full 0):
 PSYoungGen      total 76288K, used 7125K [0x000000076ab00000, 0x0000000770000000, 0x00000007c0000000)
  eden space 65536K, 0% used [0x000000076ab00000,0x000000076ab00000,0x000000076eb00000)
  from space 10752K, 66% used [0x000000076f580000,0x000000076fc75560,0x0000000770000000)
  to   space 10752K, 0% used [0x000000076eb00000,0x000000076eb00000,0x000000076f580000)
 ParOldGen       total 175104K, used 32K [0x00000006c0000000, 0x00000006cab00000, 0x000000076ab00000)
  object space 175104K, 0% used [0x00000006c0000000,0x00000006c0008000,0x00000006cab00000)
 Metaspace       used 15757K, capacity 16438K, committed 16512K, reserved 1062912K
  class space    used 2213K, capacity 2380K, committed 2432K, reserved 1048576K
}
Event: 37.866 GC heap before
{Heap before GC invocations=5 (full 0):
 PSYoungGen      total 76288K, used 72661K [0x000000076ab00000, 0x0000000770000000, 0x00000007c0000000)
  eden space 65536K, 100% used [0x000000076ab00000,0x000000076eb00000,0x000000076eb00000)
  from space 10752K, 66% used [0x000000076f580000,0x000000076fc75560,0x0000000770000000)
  to   space 10752K, 0% used [0x000000076eb00000,0x000000076eb00000,0x000000076f580000)
 ParOldGen       total 175104K, used 32K [0x00000006c0000000, 0x00000006cab00000, 0x000000076ab00000)
  object space 175104K, 0% used [0x00000006c0000000,0x00000006c0008000,0x00000006cab00000)
 Metaspace       used 16016K, capacity 16734K, committed 16896K, reserved 1062912K
  class space    used 2239K, capacity 2458K, committed 2560K, reserved 1048576K
Event: 37.871 GC heap after
Heap after GC invocations=5 (full 0):
 PSYoungGen      total 71680K, used 7173K [0x000000076ab00000, 0x000000076fd80000, 0x00000007c0000000)
  eden space 64000K, 0% used [0x000000076ab00000,0x000000076ab00000,0x000000076e980000)
  from space 7680K, 93% used [0x000000076eb00000,0x000000076f201550,0x000000076f280000)
  to   space 10240K, 0% used [0x000000076f380000,0x000000076f380000,0x000000076fd80000)
 ParOldGen       total 175104K, used 40K [0x00000006c0000000, 0x00000006cab00000, 0x000000076ab00000)
  object space 175104K, 0% used [0x00000006c0000000,0x00000006c000a000,0x00000006cab00000)
 Metaspace       used 16016K, capacity 16734K, committed 16896K, reserved 1062912K
  class space    used 2239K, capacity 2458K, committed 2560K, reserved 1048576K
}
Event: 46.225 GC heap before
{Heap before GC invocations=6 (full 0):
 PSYoungGen      total 71680K, used 71173K [0x000000076ab00000, 0x000000076fd80000, 0x00000007c0000000)
  eden space 64000K, 100% used [0x000000076ab00000,0x000000076e980000,0x000000076e980000)
  from space 7680K, 93% used [0x000000076eb00000,0x000000076f201550,0x000000076f280000)
  to   space 10240K, 0% used [0x000000076f380000,0x000000076f380000,0x000000076fd80000)
 ParOldGen       total 175104K, used 40K [0x00000006c0000000, 0x00000006cab00000, 0x000000076ab00000)
  object space 175104K, 0% used [0x00000006c0000000,0x00000006c000a000,0x00000006cab00000)
 Metaspace       used 16034K, capacity 16738K, committed 16896K, reserved 1062912K
  class space    used 2239K, capacity 2458K, committed 2560K, reserved 1048576K
Event: 46.231 GC heap after
Heap after GC invocations=6 (full 0):
 PSYoungGen      total 71168K, used 7077K [0x000000076ab00000, 0x000000076fc00000, 0x00000007c0000000)
  eden space 62464K, 0% used [0x000000076ab00000,0x000000076ab00000,0x000000076e800000)
  from space 8704K, 81% used [0x000000076f380000,0x000000076fa69550,0x000000076fc00000)
  to   space 10240K, 0% used [0x000000076e800000,0x000000076e800000,0x000000076f200000)
 ParOldGen       total 175104K, used 48K [0x00000006c0000000, 0x00000006cab00000, 0x000000076ab00000)
  object space 175104K, 0% used [0x00000006c0000000,0x00000006c000c000,0x00000006cab00000)
 Metaspace       used 16034K, capacity 16738K, committed 16896K, reserved 1062912K
  class space    used 2239K, capacity 2458K, committed 2560K, reserved 1048576K
}
Event: 55.977 GC heap before
{Heap before GC invocations=7 (full 0):
 PSYoungGen      total 71168K, used 69541K [0x000000076ab00000, 0x000000076fc00000, 0x00000007c0000000)
  eden space 62464K, 100% used [0x000000076ab00000,0x000000076e800000,0x000000076e800000)
  from space 8704K, 81% used [0x000000076f380000,0x000000076fa69550,0x000000076fc00000)
  to   space 10240K, 0% used [0x000000076e800000,0x000000076e800000,0x000000076f200000)
 ParOldGen       total 175104K, used 48K [0x00000006c0000000, 0x00000006cab00000, 0x000000076ab00000)
  object space 175104K, 0% used [0x00000006c0000000,0x00000006c000c000,0x00000006cab00000)
 Metaspace       used 16042K, capacity 16738K, committed 16896K, reserved 1062912K
  class space    used 2239K, capacity 2458K, committed 2560K, reserved 1048576K
Event: 55.984 GC heap after
Heap after GC invocations=7 (full 0):
 PSYoungGen      total 71680K, used 256K [0x000000076ab00000, 0x000000076fd00000, 0x00000007c0000000)
  eden space 61440K, 0% used [0x000000076ab00000,0x000000076ab00000,0x000000076e700000)
  from space 10240K, 2% used [0x000000076e800000,0x000000076e840000,0x000000076f200000)
  to   space 11264K, 0% used [0x000000076f200000,0x000000076f200000,0x000000076fd00000)
 ParOldGen       total 175104K, used 7026K [0x00000006c0000000, 0x00000006cab00000, 0x000000076ab00000)
  object space 175104K, 4% used [0x00000006c0000000,0x00000006c06dc938,0x00000006cab00000)
 Metaspace       used 16042K, capacity 16738K, committed 16896K, reserved 1062912K
  class space    used 2239K, capacity 2458K, committed 2560K, reserved 1048576K
}

Deoptimization events (10 events):
Event: 1.324 Thread 0x00007fb69f0eb800 Uncommon trap: reason=class_check action=maybe_recompile pc=0x0000000115ec089c method=java.lang.String.equals(Ljava/lang/Object;)Z @ 8
Event: 1.325 Thread 0x00007fb69f0eb800 Uncommon trap: reason=class_check action=maybe_recompile pc=0x0000000115ec089c method=java.lang.String.equals(Ljava/lang/Object;)Z @ 8
Event: 1.707 Thread 0x00007fb69f0eb800 Uncommon trap: reason=unstable_if action=reinterpret pc=0x0000000115fdf5a0 method=java.lang.CharacterData.of(I)Ljava/lang/CharacterData; @ 4
Event: 1.867 Thread 0x00007fb69f0eb800 Uncommon trap: reason=unstable_if action=reinterpret pc=0x00000001160bd4f8 method=java.util.HashMap.putVal(ILjava/lang/Object;Ljava/lang/Object;ZZ)Ljava/lang/Object; @ 193
Event: 1.867 Thread 0x00007fb69f0eb800 Uncommon trap: reason=unstable_if action=reinterpret pc=0x00000001160bff44 method=java.util.HashMap.putVal(ILjava/lang/Object;Ljava/lang/Object;ZZ)Ljava/lang/Object; @ 193
Event: 12.106 Thread 0x00007fb69f0eb800 Uncommon trap: reason=unstable_if action=reinterpret pc=0x00000001161011bc method=jdk.internal.org.objectweb.asm.Type.getArgumentsAndReturnSizes(Ljava/lang/String;)I @ 47
Event: 24.089 Thread 0x00007fb69f0eb800 Uncommon trap: reason=unstable_if action=reinterpret pc=0x000000011623a208 method=java.util.WeakHashMap.expungeStaleEntries()V @ 9
Event: 25.043 Thread 0x00007fb69f0eb800 Uncommon trap: reason=unstable_if action=reinterpret pc=0x00000001162f2b34 method=javafx.scene.Node.updateLocalToParentTransform()V @ 4
Event: 37.213 Thread 0x00007fb69f0eb800 Uncommon trap: reason=unstable_if action=reinterpret pc=0x00000001162f1d70 method=java.util.HashMap.isEmpty()Z @ 4
Event: 61.269 Thread 0x00007fb69f0eb800 Uncommon trap: reason=unstable_if action=reinterpret pc=0x0000000116394524 method=java.util.concurrent.locks.ReentrantLock$Sync.tryRelease(I)Z @ 28

Internal exceptions (10 events):
Event: 0.133 Thread 0x00007fb69e802000 Exception <a 'java/lang/NoSuchFieldError': method resolution failed> (0x000000076af45698) thrown at [/Users/java_re/workspace/8-2-build-macosx-x86_64/jdk8u51/3951/hotspot/src/share/vm/prims/methodHandles.cpp, line 1125]
Event: 0.134 Thread 0x00007fb69e802000 Exception <a 'java/lang/NoSuchFieldError': method resolution failed> (0x000000076af53d68) thrown at [/Users/java_re/workspace/8-2-build-macosx-x86_64/jdk8u51/3951/hotspot/src/share/vm/prims/methodHandles.cpp, line 1125]
Event: 0.149 Thread 0x00007fb69e802000 Exception <a 'java/security/PrivilegedActionException'> (0x000000076afe0250) thrown at [/Users/java_re/workspace/8-2-build-macosx-x86_64/jdk8u51/3951/hotspot/src/share/vm/prims/jvm.cpp, line 1382]
Event: 0.149 Thread 0x00007fb69e802000 Exception <a 'java/security/PrivilegedActionException'> (0x000000076afe0408) thrown at [/Users/java_re/workspace/8-2-build-macosx-x86_64/jdk8u51/3951/hotspot/src/share/vm/prims/jvm.cpp, line 1382]
Event: 0.150 Thread 0x00007fb69e802000 Exception <a 'java/security/PrivilegedActionException'> (0x000000076afe35f8) thrown at [/Users/java_re/workspace/8-2-build-macosx-x86_64/jdk8u51/3951/hotspot/src/share/vm/prims/jvm.cpp, line 1382]
Event: 0.150 Thread 0x00007fb69e802000 Exception <a 'java/security/PrivilegedActionException'> (0x000000076afe37b0) thrown at [/Users/java_re/workspace/8-2-build-macosx-x86_64/jdk8u51/3951/hotspot/src/share/vm/prims/jvm.cpp, line 1382]
Event: 0.150 Thread 0x00007fb69e802000 Exception <a 'java/lang/NullPointerException'> (0x000000076afe40b8) thrown at [/Users/java_re/workspace/8-2-build-macosx-x86_64/jdk8u51/3951/hotspot/src/share/vm/interpreter/linkResolver.cpp, line 1178]
Event: 0.599 Thread 0x00007fb69f0eb800 Exception <a 'java/lang/NullPointerException'> (0x000000076bb036f0) thrown at [/Users/java_re/workspace/8-2-build-macosx-x86_64/jdk8u51/3951/hotspot/src/share/vm/interpreter/linkResolver.cpp, line 1280]
Event: 1.023 Thread 0x00007fb69f0eb800 Exception <a 'java/lang/NullPointerException'> (0x000000076c1029c0) thrown at [/Users/java_re/workspace/8-2-build-macosx-x86_64/jdk8u51/3951/hotspot/src/share/vm/interpreter/linkResolver.cpp, line 1178]
Event: 1.023 Thread 0x00007fb69f0eb800 Exception <a 'java/lang/NullPointerException'> (0x000000076c1029c0) thrown at [/Users/java_re/workspace/8-2-build-macosx-x86_64/jdk8u51/3951/hotspot/src/share/vm/prims/jvm.cpp, line 1386]

Events (10 events):
Event: 61.269 Thread 0x00007fb69e802000 Thread exited: 0x00007fb69e802000
Event: 61.269 Thread 0x00007fb69f0eb800 Thread exited: 0x00007fb69f0eb800
Event: 61.269 Thread 0x00007fb69e163000 Thread added: 0x00007fb69e163000
Event: 61.269 loading class java/util/IdentityHashMap$KeySet
Event: 61.269 loading class java/util/IdentityHashMap$KeySet done
Event: 61.269 loading class java/util/IdentityHashMap$KeyIterator
Event: 61.269 loading class java/util/IdentityHashMap$IdentityHashMapIterator
Event: 61.269 loading class java/util/IdentityHashMap$IdentityHashMapIterator done
Event: 61.269 loading class java/util/IdentityHashMap$KeyIterator done
Event: 61.269 Thread 0x00007fb69e163000 Thread exited: 0x00007fb69e163000


Dynamic libraries:
0x0000000052580000 	/System/Library/Frameworks/Cocoa.framework/Versions/A/Cocoa
0x0000000052580000 	/System/Library/Frameworks/Security.framework/Versions/A/Security
0x0000000052580000 	/System/Library/Frameworks/ApplicationServices.framework/Versions/A/ApplicationServices
0x0000000052580000 	/usr/lib/libz.1.dylib
0x0000000052580000 	/usr/lib/libSystem.B.dylib
0x0000000052580000 	/usr/lib/libobjc.A.dylib
0x0000000052580000 	/System/Library/Frameworks/CoreFoundation.framework/Versions/A/CoreFoundation
0x0000000052580000 	/System/Library/Frameworks/Foundation.framework/Versions/C/Foundation
0x0000000052580000 	/System/Library/Frameworks/AppKit.framework/Versions/C/AppKit
0x0000000052580000 	/System/Library/Frameworks/CoreData.framework/Versions/A/CoreData
0x0000000052580000 	/System/Library/PrivateFrameworks/RemoteViewServices.framework/Versions/A/RemoteViewServices
0x0000000052580000 	/System/Library/PrivateFrameworks/UIFoundation.framework/Versions/A/UIFoundation
0x0000000052580000 	/System/Library/PrivateFrameworks/DFRFoundation.framework/Versions/A/DFRFoundation
0x0000000052580000 	/usr/lib/libenergytrace.dylib
0x0000000052580000 	/System/Library/PrivateFrameworks/SkyLight.framework/Versions/A/SkyLight
0x0000000052580000 	/System/Library/Frameworks/CoreGraphics.framework/Versions/A/CoreGraphics
0x0000000052580000 	/usr/lib/libScreenReader.dylib
0x0000000052580000 	/System/Library/Frameworks/Accelerate.framework/Versions/A/Accelerate
0x0000000052580000 	/System/Library/Frameworks/IOSurface.framework/Versions/A/IOSurface
0x0000000052580000 	/System/Library/Frameworks/AudioToolbox.framework/Versions/A/AudioToolbox
0x0000000052580000 	/System/Library/Frameworks/AudioUnit.framework/Versions/A/AudioUnit
0x0000000052580000 	/System/Library/PrivateFrameworks/DataDetectorsCore.framework/Versions/A/DataDetectorsCore
0x0000000052580000 	/System/Library/PrivateFrameworks/DesktopServicesPriv.framework/Versions/A/DesktopServicesPriv
0x0000000052580000 	/System/Library/Frameworks/Carbon.framework/Versions/A/Frameworks/HIToolbox.framework/Versions/A/HIToolbox
0x0000000052580000 	/usr/lib/libicucore.A.dylib
0x0000000052580000 	/System/Library/Frameworks/QuartzCore.framework/Versions/A/QuartzCore
0x0000000052580000 	/System/Library/Frameworks/Carbon.framework/Versions/A/Frameworks/SpeechRecognition.framework/Versions/A/SpeechRecognition
0x0000000052580000 	/usr/lib/libauto.dylib
0x0000000052580000 	/usr/lib/libxml2.2.dylib
0x0000000052580000 	/System/Library/PrivateFrameworks/CoreUI.framework/Versions/A/CoreUI
0x0000000052580000 	/System/Library/Frameworks/CoreAudio.framework/Versions/A/CoreAudio
0x0000000052580000 	/System/Library/Frameworks/DiskArbitration.framework/Versions/A/DiskArbitration
0x0000000052580000 	/usr/lib/liblangid.dylib
0x0000000052580000 	/System/Library/PrivateFrameworks/MultitouchSupport.framework/Versions/A/MultitouchSupport
0x0000000052580000 	/System/Library/Frameworks/IOKit.framework/Versions/A/IOKit
0x0000000052580000 	/usr/lib/libDiagnosticMessagesClient.dylib
0x0000000052580000 	/System/Library/Frameworks/CoreServices.framework/Versions/A/CoreServices
0x0000000052580000 	/System/Library/PrivateFrameworks/PerformanceAnalysis.framework/Versions/A/PerformanceAnalysis
0x0000000052580000 	/System/Library/PrivateFrameworks/GenerationalStorage.framework/Versions/A/GenerationalStorage
0x0000000052580000 	/System/Library/Frameworks/OpenGL.framework/Versions/A/OpenGL
0x0000000052580000 	/System/Library/Frameworks/CoreImage.framework/Versions/A/CoreImage
0x0000000052580000 	/System/Library/Frameworks/CoreText.framework/Versions/A/CoreText
0x0000000052580000 	/System/Library/Frameworks/ImageIO.framework/Versions/A/ImageIO
0x0000000052580000 	/System/Library/PrivateFrameworks/Backup.framework/Versions/A/Backup
0x0000000052580000 	/usr/lib/libarchive.2.dylib
0x0000000052580000 	/System/Library/Frameworks/CFNetwork.framework/Versions/A/CFNetwork
0x0000000052580000 	/System/Library/Frameworks/SystemConfiguration.framework/Versions/A/SystemConfiguration
0x0000000052580000 	/usr/lib/libCRFSuite.dylib
0x0000000052580000 	/usr/lib/libc++.1.dylib
0x0000000052580000 	/usr/lib/libc++abi.dylib
0x0000000052580000 	/usr/lib/system/libcache.dylib
0x0000000052580000 	/usr/lib/system/libcommonCrypto.dylib
0x0000000052580000 	/usr/lib/system/libcompiler_rt.dylib
0x0000000052580000 	/usr/lib/system/libcopyfile.dylib
0x0000000052580000 	/usr/lib/system/libcorecrypto.dylib
0x0000000052580000 	/usr/lib/system/libdispatch.dylib
0x0000000052580000 	/usr/lib/system/libdyld.dylib
0x0000000052580000 	/usr/lib/system/libkeymgr.dylib
0x0000000052580000 	/usr/lib/system/liblaunch.dylib
0x0000000052580000 	/usr/lib/system/libmacho.dylib
0x0000000052580000 	/usr/lib/system/libquarantine.dylib
0x0000000052580000 	/usr/lib/system/libremovefile.dylib
0x0000000052580000 	/usr/lib/system/libsystem_asl.dylib
0x0000000052580000 	/usr/lib/system/libsystem_blocks.dylib
0x0000000052580000 	/usr/lib/system/libsystem_c.dylib
0x0000000052580000 	/usr/lib/system/libsystem_configuration.dylib
0x0000000052580000 	/usr/lib/system/libsystem_coreservices.dylib
0x0000000052580000 	/usr/lib/system/libsystem_coretls.dylib
0x0000000052580000 	/usr/lib/system/libsystem_dnssd.dylib
0x0000000052580000 	/usr/lib/system/libsystem_info.dylib
0x0000000052580000 	/usr/lib/system/libsystem_kernel.dylib
0x0000000052580000 	/usr/lib/system/libsystem_m.dylib
0x0000000052580000 	/usr/lib/system/libsystem_malloc.dylib
0x0000000052580000 	/usr/lib/system/libsystem_network.dylib
0x0000000052580000 	/usr/lib/system/libsystem_networkextension.dylib
0x0000000052580000 	/usr/lib/system/libsystem_notify.dylib
0x0000000052580000 	/usr/lib/system/libsystem_platform.dylib
0x0000000052580000 	/usr/lib/system/libsystem_pthread.dylib
0x0000000052580000 	/usr/lib/system/libsystem_sandbox.dylib
0x0000000052580000 	/usr/lib/system/libsystem_secinit.dylib
0x0000000052580000 	/usr/lib/system/libsystem_symptoms.dylib
0x0000000052580000 	/usr/lib/system/libsystem_trace.dylib
0x0000000052580000 	/usr/lib/system/libunwind.dylib
0x0000000052580000 	/usr/lib/system/libxpc.dylib
0x0000000052580000 	/usr/lib/libbsm.0.dylib
0x0000000052580000 	/usr/lib/system/libkxld.dylib
0x0000000052580000 	/usr/lib/libcoretls.dylib
0x0000000052580000 	/usr/lib/libcoretls_cfhelpers.dylib
0x0000000052580000 	/usr/lib/libOpenScriptingUtil.dylib
0x0000000052580000 	/usr/lib/libpam.2.dylib
0x0000000052580000 	/usr/lib/libsqlite3.dylib
0x0000000052580000 	/usr/lib/libxar.1.dylib
0x0000000052580000 	/usr/lib/libbz2.1.0.dylib
0x0000000052580000 	/usr/lib/liblzma.5.dylib
0x0000000052580000 	/usr/lib/libnetwork.dylib
0x0000000052580000 	/usr/lib/libpcap.A.dylib
0x0000000052580000 	/System/Library/Frameworks/CoreServices.framework/Versions/A/Frameworks/FSEvents.framework/Versions/A/FSEvents
0x0000000052580000 	/System/Library/Frameworks/CoreServices.framework/Versions/A/Frameworks/CarbonCore.framework/Versions/A/CarbonCore
0x0000000052580000 	/System/Library/Frameworks/CoreServices.framework/Versions/A/Frameworks/Metadata.framework/Versions/A/Metadata
0x0000000052580000 	/System/Library/Frameworks/CoreServices.framework/Versions/A/Frameworks/OSServices.framework/Versions/A/OSServices
0x0000000052580000 	/System/Library/Frameworks/CoreServices.framework/Versions/A/Frameworks/SearchKit.framework/Versions/A/SearchKit
0x0000000052580000 	/System/Library/Frameworks/CoreServices.framework/Versions/A/Frameworks/AE.framework/Versions/A/AE
0x0000000052580000 	/System/Library/Frameworks/CoreServices.framework/Versions/A/Frameworks/LaunchServices.framework/Versions/A/LaunchServices
0x0000000052580000 	/System/Library/Frameworks/CoreServices.framework/Versions/A/Frameworks/DictionaryServices.framework/Versions/A/DictionaryServices
0x0000000052580000 	/System/Library/Frameworks/CoreServices.framework/Versions/A/Frameworks/SharedFileList.framework/Versions/A/SharedFileList
0x0000000052580000 	/System/Library/Frameworks/NetFS.framework/Versions/A/NetFS
0x0000000052580000 	/System/Library/PrivateFrameworks/NetAuth.framework/Versions/A/NetAuth
0x0000000052580000 	/System/Library/PrivateFrameworks/login.framework/Versions/A/Frameworks/loginsupport.framework/Versions/A/loginsupport
0x0000000052580000 	/System/Library/PrivateFrameworks/TCC.framework/Versions/A/TCC
0x0000000052580000 	/usr/lib/libmecabra.dylib
0x0000000052580000 	/System/Library/Frameworks/ApplicationServices.framework/Versions/A/Frameworks/ATS.framework/Versions/A/ATS
0x0000000052580000 	/System/Library/Frameworks/ApplicationServices.framework/Versions/A/Frameworks/ColorSync.framework/Versions/A/ColorSync
0x0000000052580000 	/System/Library/Frameworks/ApplicationServices.framework/Versions/A/Frameworks/HIServices.framework/Versions/A/HIServices
0x0000000052580000 	/System/Library/Frameworks/ApplicationServices.framework/Versions/A/Frameworks/LangAnalysis.framework/Versions/A/LangAnalysis
0x0000000052580000 	/System/Library/Frameworks/ApplicationServices.framework/Versions/A/Frameworks/PrintCore.framework/Versions/A/PrintCore
0x0000000052580000 	/System/Library/Frameworks/ApplicationServices.framework/Versions/A/Frameworks/QD.framework/Versions/A/QD
0x0000000052580000 	/System/Library/Frameworks/ApplicationServices.framework/Versions/A/Frameworks/SpeechSynthesis.framework/Versions/A/SpeechSynthesis
0x0000000052580000 	/System/Library/Frameworks/Accelerate.framework/Versions/A/Frameworks/vImage.framework/Versions/A/vImage
0x0000000052580000 	/System/Library/Frameworks/Accelerate.framework/Versions/A/Frameworks/vecLib.framework/Versions/A/vecLib
0x0000000052580000 	/System/Library/Frameworks/Accelerate.framework/Versions/A/Frameworks/vecLib.framework/Versions/A/libvDSP.dylib
0x0000000052580000 	/System/Library/Frameworks/Accelerate.framework/Versions/A/Frameworks/vecLib.framework/Versions/A/libBNNS.dylib
0x0000000052580000 	/System/Library/Frameworks/Accelerate.framework/Versions/A/Frameworks/vecLib.framework/Versions/A/libQuadrature.dylib
0x0000000052580000 	/System/Library/Frameworks/Accelerate.framework/Versions/A/Frameworks/vecLib.framework/Versions/A/libvMisc.dylib
0x0000000052580000 	/System/Library/Frameworks/Accelerate.framework/Versions/A/Frameworks/vecLib.framework/Versions/A/libLAPACK.dylib
0x0000000052580000 	/System/Library/Frameworks/Accelerate.framework/Versions/A/Frameworks/vecLib.framework/Versions/A/libBLAS.dylib
0x0000000052580000 	/System/Library/Frameworks/Accelerate.framework/Versions/A/Frameworks/vecLib.framework/Versions/A/libLinearAlgebra.dylib
0x0000000052580000 	/System/Library/Frameworks/Accelerate.framework/Versions/A/Frameworks/vecLib.framework/Versions/A/libSparseBLAS.dylib
0x0000000052580000 	/System/Library/Frameworks/ApplicationServices.framework/Versions/A/Frameworks/ATS.framework/Versions/A/Resources/libFontParser.dylib
0x0000000052580000 	/System/Library/Frameworks/ApplicationServices.framework/Versions/A/Frameworks/ATS.framework/Versions/A/Resources/libFontRegistry.dylib
0x0000000052580000 	/System/Library/Frameworks/ImageIO.framework/Versions/A/Resources/libJPEG.dylib
0x0000000052580000 	/System/Library/Frameworks/ImageIO.framework/Versions/A/Resources/libTIFF.dylib
0x0000000052580000 	/System/Library/Frameworks/ImageIO.framework/Versions/A/Resources/libPng.dylib
0x0000000052580000 	/System/Library/Frameworks/ImageIO.framework/Versions/A/Resources/libGIF.dylib
0x0000000052580000 	/System/Library/Frameworks/ImageIO.framework/Versions/A/Resources/libJP2.dylib
0x0000000052580000 	/System/Library/Frameworks/ImageIO.framework/Versions/A/Resources/libRadiance.dylib
0x0000000052580000 	/usr/lib/libcompression.dylib
0x0000000052580000 	/System/Library/PrivateFrameworks/AppleJPEG.framework/Versions/A/AppleJPEG
0x0000000052580000 	/usr/lib/libcups.2.dylib
0x0000000052580000 	/System/Library/Frameworks/Kerberos.framework/Versions/A/Kerberos
0x0000000052580000 	/System/Library/Frameworks/GSS.framework/Versions/A/GSS
0x0000000052580000 	/usr/lib/libresolv.9.dylib
0x0000000052580000 	/usr/lib/libiconv.2.dylib
0x0000000052580000 	/System/Library/PrivateFrameworks/Heimdal.framework/Versions/A/Heimdal
0x0000000052580000 	/usr/lib/libheimdal-asn1.dylib
0x0000000052580000 	/System/Library/Frameworks/OpenDirectory.framework/Versions/A/OpenDirectory
0x0000000052580000 	/System/Library/PrivateFrameworks/CommonAuth.framework/Versions/A/CommonAuth
0x0000000052580000 	/System/Library/Frameworks/OpenDirectory.framework/Versions/A/Frameworks/CFOpenDirectory.framework/Versions/A/CFOpenDirectory
0x0000000052580000 	/System/Library/Frameworks/SecurityFoundation.framework/Versions/A/SecurityFoundation
0x0000000052580000 	/System/Library/PrivateFrameworks/LanguageModeling.framework/Versions/A/LanguageModeling
0x0000000052580000 	/usr/lib/libmarisa.dylib
0x0000000052580000 	/usr/lib/libChineseTokenizer.dylib
0x0000000052580000 	/usr/lib/libcmph.dylib
0x0000000052580000 	/System/Library/PrivateFrameworks/CoreEmoji.framework/Versions/A/CoreEmoji
0x0000000052580000 	/System/Library/Frameworks/ServiceManagement.framework/Versions/A/ServiceManagement
0x0000000052580000 	/usr/lib/libxslt.1.dylib
0x0000000052580000 	/System/Library/Frameworks/Carbon.framework/Versions/A/Frameworks/Ink.framework/Versions/A/Ink
0x0000000052580000 	/System/Library/PrivateFrameworks/TextureIO.framework/Versions/A/TextureIO
0x0000000052580000 	/System/Library/Frameworks/Metal.framework/Versions/A/Metal
0x0000000052580000 	/usr/lib/libate.dylib
0x0000000052580000 	/System/Library/PrivateFrameworks/GPUCompiler.framework/libmetal_timestamp.dylib
0x0000000052580000 	/System/Library/Frameworks/OpenGL.framework/Versions/A/Libraries/libCoreFSCache.dylib
0x0000000052580000 	/System/Library/PrivateFrameworks/IOAccelerator.framework/Versions/A/IOAccelerator
0x0000000052580000 	/System/Library/Frameworks/CoreVideo.framework/Versions/A/CoreVideo
0x0000000052580000 	/usr/lib/libFosl_dynamic.dylib
0x0000000052580000 	/System/Library/PrivateFrameworks/MetalPerformanceShaders.framework/Versions/A/MetalPerformanceShaders
0x0000000052580000 	/System/Library/PrivateFrameworks/FaceCore.framework/Versions/A/FaceCore
0x0000000052580000 	/System/Library/Frameworks/OpenCL.framework/Versions/A/OpenCL
0x0000000052580000 	/System/Library/Frameworks/OpenGL.framework/Versions/A/Libraries/libGLU.dylib
0x0000000052580000 	/System/Library/Frameworks/OpenGL.framework/Versions/A/Libraries/libGFXShared.dylib
0x0000000052580000 	/System/Library/Frameworks/OpenGL.framework/Versions/A/Libraries/libGL.dylib
0x0000000052580000 	/System/Library/Frameworks/OpenGL.framework/Versions/A/Libraries/libGLImage.dylib
0x0000000052580000 	/System/Library/Frameworks/OpenGL.framework/Versions/A/Libraries/libCVMSPluginSupport.dylib
0x0000000052580000 	/System/Library/Frameworks/OpenGL.framework/Versions/A/Libraries/libCoreVMClient.dylib
0x0000000052580000 	/System/Library/PrivateFrameworks/CrashReporterSupport.framework/Versions/A/CrashReporterSupport
0x0000000052580000 	/System/Library/PrivateFrameworks/Sharing.framework/Versions/A/Sharing
0x0000000052580000 	/System/Library/PrivateFrameworks/IconServices.framework/Versions/A/IconServices
0x0000000052580000 	/System/Library/PrivateFrameworks/ProtocolBuffer.framework/Versions/A/ProtocolBuffer
0x0000000052580000 	/System/Library/PrivateFrameworks/Apple80211.framework/Versions/A/Apple80211
0x0000000052580000 	/System/Library/Frameworks/CoreWLAN.framework/Versions/A/CoreWLAN
0x0000000052580000 	/System/Library/PrivateFrameworks/CoreUtils.framework/Versions/A/CoreUtils
0x0000000052580000 	/System/Library/Frameworks/IOBluetooth.framework/Versions/A/IOBluetooth
0x0000000052580000 	/System/Library/PrivateFrameworks/CoreWiFi.framework/Versions/A/CoreWiFi
0x0000000052580000 	/System/Library/Frameworks/CoreBluetooth.framework/Versions/A/CoreBluetooth
0x0000000052580000 	/System/Library/Frameworks/CoreDisplay.framework/Versions/A/CoreDisplay
0x0000000052580000 	/System/Library/PrivateFrameworks/IOPresentment.framework/Versions/A/IOPresentment
0x0000000052580000 	/System/Library/PrivateFrameworks/DSExternalDisplay.framework/Versions/A/DSExternalDisplay
0x0000000052580000 	/System/Library/PrivateFrameworks/DebugSymbols.framework/Versions/A/DebugSymbols
0x0000000052580000 	/System/Library/PrivateFrameworks/CoreSymbolication.framework/Versions/A/CoreSymbolication
0x0000000052580000 	/System/Library/PrivateFrameworks/Symbolication.framework/Versions/A/Symbolication
0x0000000052580000 	/System/Library/PrivateFrameworks/AppleFSCompression.framework/Versions/A/AppleFSCompression
0x0000000052580000 	/System/Library/PrivateFrameworks/SpeechRecognitionCore.framework/Versions/A/SpeechRecognitionCore
0x0000000052580000 	/System/Library/PrivateFrameworks/ChunkingLibrary.framework/Versions/A/ChunkingLibrary
0x000000010a05b000 	/System/Library/CoreServices/Encodings/libSimplifiedChineseConverter.dylib
0x000000010b200000 	/Library/Java/JavaVirtualMachines/jdk1.8.0_51.jdk/Contents/Home/jre/lib/server/libjvm.dylib
0x0000000052580000 	/usr/lib/libstdc++.6.dylib
0x000000010a0d1000 	/Library/Java/JavaVirtualMachines/jdk1.8.0_51.jdk/Contents/Home/jre/lib/libverify.dylib
0x000000010a0df000 	/Library/Java/JavaVirtualMachines/jdk1.8.0_51.jdk/Contents/Home/jre/lib/libjava.dylib
0x000000010a11e000 	/Library/Java/JavaVirtualMachines/jdk1.8.0_51.jdk/Contents/Home/jre/lib/libzip.dylib
0x00000001271d0000 	/System/Library/Frameworks/JavaVM.framework/Frameworks/JavaRuntimeSupport.framework/JavaRuntimeSupport
0x0000000115cfb000 	/System/Library/Frameworks/JavaVM.framework/Versions/A/Frameworks/JavaNativeFoundation.framework/Versions/A/JavaNativeFoundation
0x000000010a1f2000 	/System/Library/Frameworks/JavaVM.framework/Versions/A/JavaVM
0x0000000052580000 	/System/Library/Frameworks/Carbon.framework/Versions/A/Carbon
0x00000001271ea000 	/System/Library/PrivateFrameworks/JavaLaunching.framework/Versions/A/JavaLaunching
0x0000000052580000 	/System/Library/Frameworks/Carbon.framework/Versions/A/Frameworks/CommonPanels.framework/Versions/A/CommonPanels
0x0000000052580000 	/System/Library/Frameworks/Carbon.framework/Versions/A/Frameworks/Help.framework/Versions/A/Help
0x0000000052580000 	/System/Library/Frameworks/Carbon.framework/Versions/A/Frameworks/ImageCapture.framework/Versions/A/ImageCapture
0x0000000052580000 	/System/Library/Frameworks/Carbon.framework/Versions/A/Frameworks/OpenScripting.framework/Versions/A/OpenScripting
0x0000000052580000 	/System/Library/Frameworks/Carbon.framework/Versions/A/Frameworks/Print.framework/Versions/A/Print
0x0000000052580000 	/System/Library/Frameworks/Carbon.framework/Versions/A/Frameworks/SecurityHI.framework/Versions/A/SecurityHI
0x0000000128b96000 	/Library/Java/JavaVirtualMachines/jdk1.8.0_51.jdk/Contents/Home/jre/lib/libprism_es2.dylib
0x0000000128bfc000 	/System/Library/Frameworks/OpenGL.framework/Resources/GLEngine.bundle/GLEngine
0x0000000052580000 	/System/Library/Frameworks/OpenGL.framework/Versions/A/Libraries/libGLProgrammability.dylib
0x0000000128de1000 	/System/Library/Extensions/AppleIntelHD5000GraphicsGLDriver.bundle/Contents/MacOS/AppleIntelHD5000GraphicsGLDriver
0x0000000052580000 	/System/Library/PrivateFrameworks/GPUSupport.framework/Versions/A/Libraries/libGPUSupportMercury.dylib
0x0000000052580000 	/System/Library/Extensions/GeForceGLDriver.bundle/Contents/MacOS/GeForceGLDriver
0x0000000052580000 	/System/Library/Extensions/GeForceGLDriver.bundle/Contents/MacOS/libclh.dylib
0x0000000129558000 	/System/Library/Frameworks/OpenGL.framework/Resources//GLRendererFloat.bundle/GLRendererFloat
0x0000000052580000 	/System/Library/Frameworks/OpenCL.framework/Versions/A/Libraries/libcldcpuengine.dylib
0x0000000052580000 	/usr/lib/libcrypto.0.9.8.dylib
0x0000000052580000 	/System/Library/PrivateFrameworks/TrustEvaluationAgent.framework/Versions/A/TrustEvaluationAgent
0x00000001297f4000 	/Library/Java/JavaVirtualMachines/jdk1.8.0_51.jdk/Contents/Home/jre/lib/libglass.dylib
0x0000000052580000 	/System/Library/PrivateFrameworks/CoreServicesInternal.framework/Versions/A/CoreServicesInternal
0x0000000052580000 	/System/Library/CoreServices/RawCamera.bundle/Contents/MacOS/RawCamera
0x0000000052580000 	/System/Library/Frameworks/Accelerate.framework/Versions/A/Frameworks/vImage.framework/Versions/A/Libraries/libCGInterfaces.dylib
0x0000000052580000 	/System/Library/PrivateFrameworks/FamilyControls.framework/Versions/A/FamilyControls
0x0000000052580000 	/System/Library/PrivateFrameworks/CommerceKit.framework/Versions/A/Frameworks/CommerceCore.framework/Versions/A/CommerceCore
0x0000000052580000 	/System/Library/PrivateFrameworks/SystemAdministration.framework/Versions/A/SystemAdministration
0x0000000052580000 	/System/Library/PrivateFrameworks/AppContainer.framework/Versions/A/AppContainer
0x0000000052580000 	/System/Library/PrivateFrameworks/SecCodeWrapper.framework/Versions/A/SecCodeWrapper
0x0000000052580000 	/System/Library/Frameworks/DirectoryService.framework/Versions/A/DirectoryService
0x0000000052580000 	/System/Library/PrivateFrameworks/DiskImages.framework/Versions/A/DiskImages
0x0000000052580000 	/System/Library/PrivateFrameworks/LoginUIKit.framework/Versions/A/Frameworks/LoginUICore.framework/Versions/A/LoginUICore
0x0000000052580000 	/usr/lib/libCoreStorage.dylib
0x0000000052580000 	/usr/lib/libcsfde.dylib
0x0000000052580000 	/usr/lib/libodfde.dylib
0x0000000052580000 	/System/Library/Frameworks/DiscRecording.framework/Versions/A/DiscRecording
0x0000000052580000 	/usr/lib/libcurl.4.dylib
0x0000000052580000 	/System/Library/PrivateFrameworks/MediaKit.framework/Versions/A/MediaKit
0x0000000052580000 	/System/Library/PrivateFrameworks/ProtectedCloudStorage.framework/Versions/A/ProtectedCloudStorage
0x0000000052580000 	/System/Library/PrivateFrameworks/EFILogin.framework/Versions/A/EFILogin
0x0000000052580000 	/usr/lib/libutil.dylib
0x0000000052580000 	/System/Library/Frameworks/LDAP.framework/Versions/A/LDAP
0x0000000052580000 	/usr/lib/libsasl2.2.dylib
0x0000000052580000 	/System/Library/PrivateFrameworks/CoreDaemon.framework/Versions/B/CoreDaemon
0x0000000052580000 	/System/Library/PrivateFrameworks/AppleSRP.framework/Versions/A/AppleSRP
0x0000000052580000 	/System/Library/PrivateFrameworks/APFS.framework/Versions/A/APFS
0x000000012d744000 	/Library/Java/JavaVirtualMachines/jdk1.8.0_51.jdk/Contents/Home/jre/lib/libglib-lite.dylib
0x000000012d86a000 	/Library/Java/JavaVirtualMachines/jdk1.8.0_51.jdk/Contents/Home/jre/lib/libgstreamer-lite.dylib
0x000000012d9ed000 	/Library/Java/JavaVirtualMachines/jdk1.8.0_51.jdk/Contents/Home/jre/lib/libjfxmedia.dylib
0x000000012da2e000 	/Library/Java/JavaVirtualMachines/jdk1.8.0_51.jdk/Contents/Home/jre/lib/libjfxmedia_avf.dylib
0x0000000052580000 	/System/Library/Frameworks/AVFoundation.framework/Versions/A/AVFoundation
0x0000000052580000 	/System/Library/Frameworks/CoreMedia.framework/Versions/A/CoreMedia
0x0000000052580000 	/System/Library/Frameworks/MediaToolbox.framework/Versions/A/MediaToolbox
0x0000000052580000 	/System/Library/Frameworks/AVFoundation.framework/Versions/A/Frameworks/AVFAudio.framework/Versions/A/AVFAudio
0x0000000052580000 	/System/Library/Frameworks/VideoToolbox.framework/Versions/A/VideoToolbox
0x0000000052580000 	/System/Library/PrivateFrameworks/IntlPreferences.framework/Versions/A/IntlPreferences
0x0000000052580000 	/System/Library/Frameworks/CoreMediaIO.framework/Versions/A/CoreMediaIO
0x0000000052580000 	/usr/lib/libspindump.dylib
0x0000000052580000 	/usr/lib/libdscsym.dylib
0x0000000052580000 	/System/Library/PrivateFrameworks/CoreAVCHD.framework/Versions/A/CoreAVCHD
0x0000000052580000 	/System/Library/Frameworks/MediaAccessibility.framework/Versions/A/MediaAccessibility
0x0000000052580000 	/System/Library/PrivateFrameworks/Mangrove.framework/Versions/A/Mangrove
0x0000000052580000 	/System/Library/PrivateFrameworks/CoreAUC.framework/Versions/A/CoreAUC
0x0000000052580000 	/System/Library/PrivateFrameworks/AppleVA.framework/Versions/A/AppleVA
0x0000000052580000 	/System/Library/PrivateFrameworks/XPCService.framework/Versions/A/XPCService
0x0000000052580000 	/System/Library/PrivateFrameworks/AppSandbox.framework/Versions/A/AppSandbox
0x0000000052580000 	/usr/lib/libsandbox.1.dylib
0x0000000052580000 	/usr/lib/libMatch.1.dylib
0x000000012da66000 	/Library/Java/JavaVirtualMachines/jdk1.8.0_51.jdk/Contents/Home/jre/lib/libjfxmedia_qtkit.dylib
0x0000000052580000 	/System/Library/Frameworks/QTKit.framework/Versions/A/QTKit
0x0000000052580000 	/System/Library/PrivateFrameworks/CoreMediaAuthoring.framework/Versions/A/CoreMediaAuthoring
0x000000012da75000 	/Library/Java/JavaVirtualMachines/jdk1.8.0_51.jdk/Contents/Home/jre/lib/libfxplugins.dylib
0x000000012a578000 	/System/Library/Frameworks/VideoDecodeAcceleration.framework/Versions/A/VideoDecodeAcceleration
0x000000012daa0000 	/Library/Java/JavaVirtualMachines/jdk1.8.0_51.jdk/Contents/Home/jre/lib/libnet.dylib
0x000000012daff000 	/Library/Java/JavaVirtualMachines/jdk1.8.0_51.jdk/Contents/Home/jre/lib/libnio.dylib
0x000000012db0f000 	/System/Library/Extensions/AppleHDA.kext/Contents/PlugIns/AppleHDAHALPlugIn.bundle/Contents/MacOS/AppleHDAHALPlugIn
0x000000012db40000 	/System/Library/Components/CoreAudio.component/Contents/MacOS/CoreAudio
0x0000000052580000 	/System/Library/PrivateFrameworks/AppleGVA.framework/Versions/A/AppleGVA
0x000000012de80000 	/System/Library/Components/AudioCodecs.component/Contents/MacOS/AudioCodecs
0x000000012e4d6000 	/Library/Java/JavaVirtualMachines/jdk1.8.0_51.jdk/Contents/Home/jre/lib/libjavafx_font.dylib
0x0000000052580000 	/System/Library/Frameworks/ApplicationServices.framework/Versions/A/Frameworks/ATS.framework/Versions/A/Resources/libTrueTypeScaler.dylib
0x0000000052580000 	/System/Library/Extensions/GeForceMTLDriver.bundle/Contents/MacOS/GeForceMTLDriver
0x000000013133e000 	/System/Library/Extensions/AppleIntelHD5000GraphicsMTLDriver.bundle/Contents/MacOS/AppleIntelHD5000GraphicsMTLDriver
0x0000000131319000 	/Library/Java/JavaVirtualMachines/jdk1.8.0_51.jdk/Contents/Home/jre/lib/libprism_common.dylib

VM Arguments:
jvm_args: -Dfile.encoding=UTF-8 
java_command: /Users/kaiyan/java/liang/ch16/MediaDemo/dist/run296751899/MediaDemo.jar
java_class_path (initial): /Users/kaiyan/java/liang/ch16/MediaDemo/dist/run296751899/MediaDemo.jar
Launcher Type: SUN_STANDARD

Environment Variables:
PATH=/usr/bin:/bin:/usr/sbin:/sbin
LD_LIBRARY_PATH=/Library/Java/JavaVirtualMachines/jdk1.8.0_51.jdk/Contents/Home/jre/lib/amd64:/Library/Java/JavaVirtualMachines/jdk1.8.0_51.jdk/Contents/Home/jre/lib/i386:
SHELL=/bin/bash
DISPLAY=/private/tmp/com.apple.launchd.MOdkoi3CV4/org.macosforge.xquartz:0

Signal Handlers:
SIGSEGV: [libjvm.dylib+0x58ef35], sa_mask[0]=11111111011111110111111111111111, sa_flags=SA_ONSTACK|SA_RESTART|SA_SIGINFO
SIGBUS: [libjvm.dylib+0x58ef35], sa_mask[0]=11111111011111110111111111111111, sa_flags=SA_RESTART|SA_SIGINFO
SIGFPE: [libjvm.dylib+0x46c028], sa_mask[0]=11111111011111110111111111111111, sa_flags=SA_RESTART|SA_SIGINFO
SIGPIPE: [libjvm.dylib+0x46c028], sa_mask[0]=11111111011111110111111111111111, sa_flags=SA_RESTART|SA_SIGINFO
SIGXFSZ: [libjvm.dylib+0x46c028], sa_mask[0]=11111111011111110111111111111111, sa_flags=SA_RESTART|SA_SIGINFO
SIGILL: [libjvm.dylib+0x46c028], sa_mask[0]=11111111011111110111111111111111, sa_flags=SA_RESTART|SA_SIGINFO
SIGUSR1: SIG_DFL, sa_mask[0]=00000000000000000000000000000000, sa_flags=none
SIGUSR2: [libjvm.dylib+0x46bb46], sa_mask[0]=00100000000000000000000000000000, sa_flags=SA_RESTART|SA_SIGINFO
SIGHUP: [libjvm.dylib+0x46a119], sa_mask[0]=11111111011111110111111111111111, sa_flags=SA_RESTART|SA_SIGINFO
SIGINT: SIG_IGN, sa_mask[0]=00000000000000000000000000000000, sa_flags=none
SIGTERM: [libjvm.dylib+0x46a119], sa_mask[0]=11111111011111110111111111111111, sa_flags=SA_RESTART|SA_SIGINFO
SIGQUIT: [libjvm.dylib+0x46a119], sa_mask[0]=11111111011111110111111111111111, sa_flags=SA_RESTART|SA_SIGINFO


---------------  S Y S T E M  ---------------

OS:Bsduname:Darwin 16.7.0 Darwin Kernel Version 16.7.0: Thu Jun 21 20:07:39 PDT 2018; root:xnu-3789.73.14~1/RELEASE_X86_64 x86_64
rlimit: STACK 8192k, CORE 0k, NPROC 709, NOFILE 10240, AS infinity
load average:1.70 1.84 1.72

CPU:total 8 (4 cores per cpu, 2 threads per core) family 6 model 70 stepping 1, cmov, cx8, fxsr, mmx, sse, sse2, sse3, ssse3, sse4.1, sse4.2, popcnt, avx, avx2, aes, clmul, erms, lzcnt, ht, tsc, tscinvbit, bmi1, bmi2

Memory: 4k page, physical 16777216k(1103988k free)

/proc/meminfo:


vm_info: Java HotSpot(TM) 64-Bit Server VM (25.51-b03) for bsd-amd64 JRE (1.8.0_51-b16), built on Jun  8 2015 18:01:11 by "java_re" with gcc 4.2.1 (Based on Apple Inc. build 5658) (LLVM build 2336.11.00)

time: Wed Sep 12 16:51:20 2018
elapsed time: 61 seconds (0d 0h 1m 1s)

