#
# A fatal error has been detected by the Java Runtime Environment:
#
#  SIGBUS (0xa) at pc=0x00007fffe5ebf0f0, pid=55638, tid=92675
#
# JRE version: Java(TM) SE Runtime Environment (8.0_51-b16) (build 1.8.0_51-b16)
# Java VM: Java HotSpot(TM) 64-Bit Server VM (25.51-b03 mixed mode bsd-amd64 compressed oops)
# Problematic frame:
# C  [libobjc.A.dylib+0x96a80f0]  OBJC_METACLASS_$_NSObject+0x0
#
# Failed to write core dump. Core dumps have been disabled. To enable core dumping, try "ulimit -c unlimited" before starting Java again
#
# If you would like to submit a bug report, please visit:
#   http://bugreport.java.com/bugreport/crash.jsp
#

---------------  T H R E A D  ---------------

Current thread is native thread

siginfo: si_signo: 10 (SIGBUS), si_code: 2 (BUS_ADRERR), si_addr: 0x00007fffe5ebf0f0

Registers:
RAX=0x00007fffe5ebf0f0, RBX=0x00007fa986df1230, RCX=0x00007fa986df1200, RDX=0x00007fa986df1230
RSP=0x0000700009a65788, RBP=0x0000700009a657e0, RSI=0x0000700009a65a54, RDI=0x00007fa986c8cdf0
R8 =0x0000000000001000, R9 =0x0000700009a65587, R10=0x00007fa98d510258, R11=0xffffffffffffffd0
R12=0x0000000000000000, R13=0x0000000000001000, R14=0x000000012e3952d4, R15=0x00007fa986df0b00
RIP=0x00007fffe5ebf0f0, EFLAGS=0x0000000000010206, ERR=0x0000000000000015
  TRAPNO=0x000000000000000e

Top of Stack: (sp=0x0000700009a65788)
0x0000700009a65788:   000000012e39db9b 0000000000000000
0x0000700009a65798:   0000700009a65a54 0000000000000000
0x0000700009a657a8:   0000000000000000 0000000000000000
0x0000700009a657b8:   00007fa986df0e40 0000700009a65a54
0x0000700009a657c8:   00007fa986df0b00 00007fa986df1b60
0x0000700009a657d8:   0000000000001000 0000700009a65830
0x0000700009a657e8:   000000012e398d51 0000000000000000
0x0000700009a657f8:   0000700009a65a78 0000000000000000
0x0000700009a65808:   0000000000000002 00007fa986df0e40
0x0000700009a65818:   00007fa986df1b60 00000000ffffffce
0x0000700009a65828:   0000000000001000 0000700009a658b0
0x0000700009a65838:   000000012e3973d1 00007fa986df1b60
0x0000700009a65848:   00007fffc674d0be 00009fe009a658d0
0x0000700009a65858:   0000700009a65a54 00007fa986df0b00
0x0000700009a65868:   0000700009a65a78 0000000086df1b00
0x0000700009a65878:   00009fe086df1b60 0000700000009fe0
0x0000700009a65888:   00000000ffffffce 0000700009a65a54
0x0000700009a65898:   0000000000000000 0000000000001000
0x0000700009a658a8:   0000700009a65a78 0000700009a658d0
0x0000700009a658b8:   000000012e39b210 00000000fffffffc
0x0000700009a658c8:   00007fa986df1680 0000700009a65910
0x0000700009a658d8:   000000012e39a15b 00007fa986df1680
0x0000700009a658e8:   0000700009a65a78 00000000ffffd584
0x0000700009a658f8:   0000000000001000 00007fa98d50e9b8
0x0000700009a65908:   00007fa986df12a0 0000700009a65970
0x0000700009a65918:   000000012e39daad 0000000000000000
0x0000700009a65928:   0000700009a65a54 0000000000000000
0x0000700009a65938:   0000000000000000 0000000000000000
0x0000700009a65948:   00007fa986df1770 0000700009a65a54
0x0000700009a65958:   00007fa986df12a0 00007fa98d50e9b8
0x0000700009a65968:   0000000000001000 0000700009a659c0
0x0000700009a65978:   000000012e398d51 0000000000000000 

Instructions: (pc=0x00007fffe5ebf0f0)
0x00007fffe5ebf0d0:   40 f1 eb e5 ff 7f 00 00 70 d9 83 dc ff 7f 00 00
0x00007fffe5ebf0e0:   00 00 00 00 00 00 00 00 04 20 c0 86 a9 7f 00 00
0x00007fffe5ebf0f0:   f0 f0 eb e5 ff 7f 00 00 40 f1 eb e5 ff 7f 00 00
0x00007fffe5ebf100:   f0 7f 0b 88 a9 7f 00 00 0f 00 00 00 08 00 00 00 

Register to memory mapping:

RAX=0x00007fffe5ebf0f0: OBJC_METACLASS_$_NSObject+0 in /usr/lib/libobjc.A.dylib at 0x00007fffdc817000
RBX=0x00007fa986df1230 is an unknown value
RCX=0x00007fa986df1200 is an unknown value
RDX=0x00007fa986df1230 is an unknown value
RSP=0x0000700009a65788 is an unknown value
RBP=0x0000700009a657e0 is an unknown value
RSI=0x0000700009a65a54 is an unknown value
RDI=0x00007fa986c8cdf0 is an unknown value
R8 =0x0000000000001000 is an unknown value
R9 =0x0000700009a65587 is an unknown value
R10=0x00007fa98d510258 is an unknown value
R11=0xffffffffffffffd0 is an unknown value
R12=0x0000000000000000 is an unknown value
R13=0x0000000000001000 is an unknown value
R14=0x000000012e3952d4: _ZN18AVFKernelComponent18ProcessBufferListsERjRK15AudioBufferListRS1_j+0 in /Library/Java/JavaVirtualMachines/jdk1.8.0_51.jdk/Contents/Home/jre/lib/libjfxmedia_avf.dylib at 0x000000012e38e000
R15=0x00007fa986df0b00 is an unknown value


Stack: [0x00007000099e6000,0x0000700009a66000],  sp=0x0000700009a65788,  free space=509k
Native frames: (J=compiled Java code, j=interpreted, Vv=VM code, C=native code)
C  [libobjc.A.dylib+0x96a80f0]  OBJC_METACLASS_$_NSObject+0x0
C  [libjfxmedia_avf.dylib+0xad51]  AUBase::DoRenderBus(unsigned int&, AudioTimeStamp const&, unsigned int, AUOutputElement*, unsigned int, AudioBufferList&)+0x7f
C  [libjfxmedia_avf.dylib+0x93d1]  AUBase::DoRender(unsigned int&, AudioTimeStamp const&, unsigned int, unsigned int, AudioBufferList&)+0x203
C  [libjfxmedia_avf.dylib+0xd210]  AUMethodRender(void*, unsigned int*, AudioTimeStamp const*, unsigned int, unsigned int, AudioBufferList*)+0x2e
C  [libjfxmedia_avf.dylib+0xc15b]  AUInputElement::PullInput(unsigned int&, AudioTimeStamp const&, unsigned int, unsigned int)+0x8d
C  [libjfxmedia_avf.dylib+0xfaad]  AUEffectBase::Render(unsigned int&, AudioTimeStamp const&, unsigned int)+0x63
C  [libjfxmedia_avf.dylib+0xad51]  AUBase::DoRenderBus(unsigned int&, AudioTimeStamp const&, unsigned int, AUOutputElement*, unsigned int, AudioBufferList&)+0x7f
C  [libjfxmedia_avf.dylib+0x93d1]  AUBase::DoRender(unsigned int&, AudioTimeStamp const&, unsigned int, unsigned int, AudioBufferList&)+0x203
C  [libjfxmedia_avf.dylib+0xd210]  AUMethodRender(void*, unsigned int*, AudioTimeStamp const*, unsigned int, unsigned int, AudioBufferList*)+0x2e
C  [libjfxmedia_avf.dylib+0x4ea0]  ProcessAudioTap(void const*, long, unsigned int, AudioBufferList*, long*, unsigned int*)+0x65
C  [MediaToolbox+0x3713fd]  MTAudioProcessingTapGetSourceAudio+0x852
C  [AudioToolbox+0xe4159]  AQClientCallProcessingTap(void*, unsigned int, AudioTimeStamp*, unsigned int*, unsigned int*, AudioBufferList*, int, double, unsigned int, double, unsigned int, unsigned char const*, unsigned int)+0x5d
C  [AudioToolbox+0x16ae9e]  AQProcessingTap::DoCallout(unsigned int&, AudioTimeStamp&, unsigned int&, AudioBufferList&)+0xbc
C  [AudioToolbox+0x16ac9d]  AudioQueueObject::PerformTapInternal(AudioTimeStamp&, unsigned int&, unsigned int&)+0x85
C  [AudioToolbox+0x16aba3]  AudioQueueObject::PerformProcessingTap(int (*)(void*, unsigned int&, AudioTimeStamp const&, unsigned int, AudioBufferList&, double&, unsigned int&), void*, AudioTimeStamp&, unsigned int&, AudioBufferList&, unsigned int&)+0xc5
C  [AudioToolbox+0x1761b7]  MEMixerChannel::TapDownstream(void*, unsigned int*, AudioTimeStamp const*, unsigned int, unsigned int, AudioBufferList*)+0x81
C  [CoreAudio+0x10cef5]  AUInputElement::PullInput(unsigned int&, AudioTimeStamp const&, unsigned int, unsigned int)+0xb9
C  [CoreAudio+0x5f574]  AUDeferredRenderer::Produce()+0x240
C  [CoreAudio+0x5f2ab]  AUDeferredRenderer::ProducerThreadProc()+0x31
C  [CoreAudio+0x5ecab]  AUDeferredRenderer::ProducerThreadProc(void*)+0x1f
C  [CoreAudio+0x1236e5]  CAPThread::Entry(CAPThread*)+0x55
C  [libsystem_pthread.dylib+0x393b]  _pthread_body+0xb4
C  [libsystem_pthread.dylib+0x3887]  _pthread_body+0x0
C  [libsystem_pthread.dylib+0x308d]  thread_start+0xd


---------------  P R O C E S S  ---------------

VM state:at safepoint (normal execution)

VM Mutex/Monitor currently owned by a thread:  ([mutex/lock_event])
[0x00007fa986e04340] Threads_lock - owner thread: 0x00007fa988851800
[0x00007fa986e04840] Heap_lock - owner thread: 0x00007fa987936000

Heap:
 PSYoungGen      total 76288K, used 33443K [0x000000076ab00000, 0x0000000770000000, 0x00000007c0000000)
  eden space 65536K, 44% used [0x000000076ab00000,0x000000076c783ac0,0x000000076eb00000)
  from space 10752K, 39% used [0x000000076f580000,0x000000076f9a5530,0x0000000770000000)
  to   space 10752K, 0% used [0x000000076eb00000,0x000000076eb00000,0x000000076f580000)
 ParOldGen       total 175104K, used 24K [0x00000006c0000000, 0x00000006cab00000, 0x000000076ab00000)
  object space 175104K, 0% used [0x00000006c0000000,0x00000006c0006000,0x00000006cab00000)
 Metaspace       used 15419K, capacity 16100K, committed 16256K, reserved 1062912K
  class space    used 2202K, capacity 2411K, committed 2432K, reserved 1048576K

Card table byte_map: [0x000000010cf29000,0x000000010d72a000] byte_map_base: 0x0000000109929000

Marking Bits: (ParMarkBitMap*) 0x000000010c4c27a0
 Begin Bits: [0x000000010dc80000, 0x0000000111c80000)
 End Bits:   [0x0000000111c80000, 0x0000000115c80000)

Polling page: 0x000000010aa74000

CodeCache: size=245760Kb used=5713Kb max_used=5713Kb free=240046Kb
 bounds [0x0000000119b47000, 0x000000011a0e7000, 0x0000000128b47000]
 total_blobs=2476 nmethods=1833 adapters=556
 compilation: enabled

Compilation events (10 events):
Event: 6.889 Thread 0x00007fa98882d000 1828       1       com.sun.scenario.effect.BoxShadow::getState (5 bytes)
Event: 6.889 Thread 0x00007fa98882d000 nmethod 1828 0x000000011a0dba90 code [0x000000011a0dbbe0, 0x000000011a0dbcf0]
Event: 6.889 Thread 0x00007fa98882d000 1829       1       com.sun.scenario.effect.impl.state.BoxShadowState::isShadow (2 bytes)
Event: 6.889 Thread 0x00007fa98882d000 nmethod 1829 0x000000011a0dbd50 code [0x000000011a0dbea0, 0x000000011a0dbfb0]
Event: 6.889 Thread 0x00007fa98882d000 1830       1       com.sun.scenario.effect.impl.prism.PrRenderInfo::getGraphics (5 bytes)
Event: 6.889 Thread 0x00007fa98882d000 nmethod 1830 0x000000011a0dc010 code [0x000000011a0dc160, 0x000000011a0dc270]
Event: 6.889 Thread 0x00007fa98882d000 1831  s    1       com.sun.javafx.tk.quantum.GlassScene::getDoPresent (5 bytes)
Event: 6.889 Thread 0x00007fa98882d000 nmethod 1831 0x000000011a0dc2d0 code [0x000000011a0dc420, 0x000000011a0dc690]
Event: 6.892 Thread 0x00007fa98882d000 1834       3       jdk.internal.org.objectweb.asm.MethodVisitor::visitVarInsn (17 bytes)
Event: 6.892 Thread 0x00007fa98882d000 nmethod 1834 0x000000011a0dc710 code [0x000000011a0dc880, 0x000000011a0dcae8]

GC Heap History (4 events):
Event: 0.526 GC heap before
{Heap before GC invocations=1 (full 0):
 PSYoungGen      total 76288K, used 65536K [0x000000076ab00000, 0x0000000770000000, 0x00000007c0000000)
  eden space 65536K, 100% used [0x000000076ab00000,0x000000076eb00000,0x000000076eb00000)
  from space 10752K, 0% used [0x000000076f580000,0x000000076f580000,0x0000000770000000)
  to   space 10752K, 0% used [0x000000076eb00000,0x000000076eb00000,0x000000076f580000)
 ParOldGen       total 175104K, used 0K [0x00000006c0000000, 0x00000006cab00000, 0x000000076ab00000)
  object space 175104K, 0% used [0x00000006c0000000,0x00000006c0000000,0x00000006cab00000)
 Metaspace       used 8050K, capacity 8398K, committed 8576K, reserved 1056768K
  class space    used 975K, capacity 1092K, committed 1152K, reserved 1048576K
Event: 0.528 GC heap after
Heap after GC invocations=1 (full 0):
 PSYoungGen      total 76288K, used 1920K [0x000000076ab00000, 0x0000000770000000, 0x00000007c0000000)
  eden space 65536K, 0% used [0x000000076ab00000,0x000000076ab00000,0x000000076eb00000)
  from space 10752K, 17% used [0x000000076eb00000,0x000000076ece0020,0x000000076f580000)
  to   space 10752K, 0% used [0x000000076f580000,0x000000076f580000,0x0000000770000000)
 ParOldGen       total 175104K, used 8K [0x00000006c0000000, 0x00000006cab00000, 0x000000076ab00000)
  object space 175104K, 0% used [0x00000006c0000000,0x00000006c0002000,0x00000006cab00000)
 Metaspace       used 8050K, capacity 8398K, committed 8576K, reserved 1056768K
  class space    used 975K, capacity 1092K, committed 1152K, reserved 1048576K
}
Event: 4.265 GC heap before
{Heap before GC invocations=2 (full 0):
 PSYoungGen      total 76288K, used 67456K [0x000000076ab00000, 0x0000000770000000, 0x00000007c0000000)
  eden space 65536K, 100% used [0x000000076ab00000,0x000000076eb00000,0x000000076eb00000)
  from space 10752K, 17% used [0x000000076eb00000,0x000000076ece0020,0x000000076f580000)
  to   space 10752K, 0% used [0x000000076f580000,0x000000076f580000,0x0000000770000000)
 ParOldGen       total 175104K, used 8K [0x00000006c0000000, 0x00000006cab00000, 0x000000076ab00000)
  object space 175104K, 0% used [0x00000006c0000000,0x00000006c0002000,0x00000006cab00000)
 Metaspace       used 14562K, capacity 15154K, committed 15360K, reserved 1062912K
  class space    used 2076K, capacity 2220K, committed 2304K, reserved 1048576K
Event: 4.270 GC heap after
Heap after GC invocations=2 (full 0):
 PSYoungGen      total 76288K, used 4245K [0x000000076ab00000, 0x0000000770000000, 0x00000007c0000000)
  eden space 65536K, 0% used [0x000000076ab00000,0x000000076ab00000,0x000000076eb00000)
  from space 10752K, 39% used [0x000000076f580000,0x000000076f9a5530,0x0000000770000000)
  to   space 10752K, 0% used [0x000000076eb00000,0x000000076eb00000,0x000000076f580000)
 ParOldGen       total 175104K, used 24K [0x00000006c0000000, 0x00000006cab00000, 0x000000076ab00000)
  object space 175104K, 0% used [0x00000006c0000000,0x00000006c0006000,0x00000006cab00000)
 Metaspace       used 14562K, capacity 15154K, committed 15360K, reserved 1062912K
  class space    used 2076K, capacity 2220K, committed 2304K, reserved 1048576K
}

Deoptimization events (10 events):
Event: 0.787 Thread 0x00007fa9891af800 Uncommon trap: reason=class_check action=maybe_recompile pc=0x0000000119dcc244 method=java.io.DataInputStream.readShort()S @ 4
Event: 0.787 Thread 0x00007fa9891af800 Uncommon trap: reason=class_check action=maybe_recompile pc=0x0000000119dcc244 method=java.io.DataInputStream.readShort()S @ 4
Event: 0.793 Thread 0x00007fa9891af800 Uncommon trap: reason=class_check action=maybe_recompile pc=0x0000000119c6841c method=java.lang.String.equals(Ljava/lang/Object;)Z @ 8
Event: 0.793 Thread 0x00007fa9891af800 Uncommon trap: reason=class_check action=maybe_recompile pc=0x0000000119c6841c method=java.lang.String.equals(Ljava/lang/Object;)Z @ 8
Event: 0.793 Thread 0x00007fa9891af800 Uncommon trap: reason=class_check action=maybe_recompile pc=0x0000000119c6841c method=java.lang.String.equals(Ljava/lang/Object;)Z @ 8
Event: 0.794 Thread 0x00007fa9891af800 Uncommon trap: reason=class_check action=maybe_recompile pc=0x0000000119c6841c method=java.lang.String.equals(Ljava/lang/Object;)Z @ 8
Event: 1.160 Thread 0x00007fa9891af800 Uncommon trap: reason=unstable_if action=reinterpret pc=0x0000000119d7cc20 method=java.lang.CharacterData.of(I)Ljava/lang/CharacterData; @ 4
Event: 1.199 Thread 0x00007fa9891af800 Uncommon trap: reason=unstable_if action=reinterpret pc=0x0000000119e5c938 method=java.util.HashMap.putVal(ILjava/lang/Object;Ljava/lang/Object;ZZ)Ljava/lang/Object; @ 193
Event: 1.199 Thread 0x00007fa9891af800 Uncommon trap: reason=unstable_if action=reinterpret pc=0x0000000119e5de84 method=java.util.HashMap.putVal(ILjava/lang/Object;Ljava/lang/Object;ZZ)Ljava/lang/Object; @ 193
Event: 4.877 Thread 0x00007fa9891af800 Uncommon trap: reason=unstable_if action=reinterpret pc=0x0000000119e5b5b4 method=jdk.internal.org.objectweb.asm.Type.getArgumentsAndReturnSizes(Ljava/lang/String;)I @ 47

Internal exceptions (10 events):
Event: 0.133 Thread 0x00007fa989005800 Exception <a 'java/lang/NoSuchFieldError': method resolution failed> (0x000000076af45a28) thrown at [/Users/java_re/workspace/8-2-build-macosx-x86_64/jdk8u51/3951/hotspot/src/share/vm/prims/methodHandles.cpp, line 1125]
Event: 0.134 Thread 0x00007fa989005800 Exception <a 'java/lang/NoSuchFieldError': method resolution failed> (0x000000076af540f8) thrown at [/Users/java_re/workspace/8-2-build-macosx-x86_64/jdk8u51/3951/hotspot/src/share/vm/prims/methodHandles.cpp, line 1125]
Event: 0.150 Thread 0x00007fa989005800 Exception <a 'java/security/PrivilegedActionException'> (0x000000076afe05e0) thrown at [/Users/java_re/workspace/8-2-build-macosx-x86_64/jdk8u51/3951/hotspot/src/share/vm/prims/jvm.cpp, line 1382]
Event: 0.150 Thread 0x00007fa989005800 Exception <a 'java/security/PrivilegedActionException'> (0x000000076afe0798) thrown at [/Users/java_re/workspace/8-2-build-macosx-x86_64/jdk8u51/3951/hotspot/src/share/vm/prims/jvm.cpp, line 1382]
Event: 0.150 Thread 0x00007fa989005800 Exception <a 'java/security/PrivilegedActionException'> (0x000000076afe3988) thrown at [/Users/java_re/workspace/8-2-build-macosx-x86_64/jdk8u51/3951/hotspot/src/share/vm/prims/jvm.cpp, line 1382]
Event: 0.150 Thread 0x00007fa989005800 Exception <a 'java/security/PrivilegedActionException'> (0x000000076afe3b40) thrown at [/Users/java_re/workspace/8-2-build-macosx-x86_64/jdk8u51/3951/hotspot/src/share/vm/prims/jvm.cpp, line 1382]
Event: 0.150 Thread 0x00007fa989005800 Exception <a 'java/lang/NullPointerException'> (0x000000076afe4448) thrown at [/Users/java_re/workspace/8-2-build-macosx-x86_64/jdk8u51/3951/hotspot/src/share/vm/interpreter/linkResolver.cpp, line 1178]
Event: 0.458 Thread 0x00007fa9891af800 Exception <a 'java/lang/NullPointerException'> (0x000000076baf4408) thrown at [/Users/java_re/workspace/8-2-build-macosx-x86_64/jdk8u51/3951/hotspot/src/share/vm/interpreter/linkResolver.cpp, line 1280]
Event: 0.594 Thread 0x00007fa9891af800 Exception <a 'java/lang/NullPointerException'> (0x000000076c1114f0) thrown at [/Users/java_re/workspace/8-2-build-macosx-x86_64/jdk8u51/3951/hotspot/src/share/vm/interpreter/linkResolver.cpp, line 1178]
Event: 0.594 Thread 0x00007fa9891af800 Exception <a 'java/lang/NullPointerException'> (0x000000076c1114f0) thrown at [/Users/java_re/workspace/8-2-build-macosx-x86_64/jdk8u51/3951/hotspot/src/share/vm/prims/jvm.cpp, line 1386]

Events (10 events):
Event: 6.907 Thread 0x00007fa9891af800 Thread exited: 0x00007fa9891af800
Event: 6.907 Thread 0x00007fa987936000 Thread added: 0x00007fa987936000
Event: 6.907 loading class java/util/IdentityHashMap$KeySet
Event: 6.907 loading class java/util/IdentityHashMap$KeySet done
Event: 6.907 loading class java/util/IdentityHashMap$KeyIterator
Event: 6.907 loading class java/util/IdentityHashMap$IdentityHashMapIterator
Event: 6.907 loading class java/util/IdentityHashMap$IdentityHashMapIterator done
Event: 6.907 loading class java/util/IdentityHashMap$KeyIterator done
Event: 6.907 Thread 0x00007fa987936000 Thread exited: 0x00007fa987936000
Event: 6.907 Thread 0x00007fa987824800 Thread exited: 0x00007fa987824800


Dynamic libraries:
0x0000000052580000 	/System/Library/Frameworks/Cocoa.framework/Versions/A/Cocoa
0x0000000052580000 	/System/Library/Frameworks/Security.framework/Versions/A/Security
0x0000000052580000 	/System/Library/Frameworks/ApplicationServices.framework/Versions/A/ApplicationServices
0x0000000052580000 	/usr/lib/libz.1.dylib
0x0000000052580000 	/usr/lib/libSystem.B.dylib
0x0000000052580000 	/usr/lib/libobjc.A.dylib
0x0000000052580000 	/System/Library/Frameworks/CoreFoundation.framework/Versions/A/CoreFoundation
0x0000000052580000 	/System/Library/Frameworks/Foundation.framework/Versions/C/Foundation
0x0000000052580000 	/System/Library/Frameworks/AppKit.framework/Versions/C/AppKit
0x0000000052580000 	/System/Library/Frameworks/CoreData.framework/Versions/A/CoreData
0x0000000052580000 	/System/Library/PrivateFrameworks/RemoteViewServices.framework/Versions/A/RemoteViewServices
0x0000000052580000 	/System/Library/PrivateFrameworks/UIFoundation.framework/Versions/A/UIFoundation
0x0000000052580000 	/System/Library/PrivateFrameworks/DFRFoundation.framework/Versions/A/DFRFoundation
0x0000000052580000 	/usr/lib/libenergytrace.dylib
0x0000000052580000 	/System/Library/PrivateFrameworks/SkyLight.framework/Versions/A/SkyLight
0x0000000052580000 	/System/Library/Frameworks/CoreGraphics.framework/Versions/A/CoreGraphics
0x0000000052580000 	/usr/lib/libScreenReader.dylib
0x0000000052580000 	/System/Library/Frameworks/Accelerate.framework/Versions/A/Accelerate
0x0000000052580000 	/System/Library/Frameworks/IOSurface.framework/Versions/A/IOSurface
0x0000000052580000 	/System/Library/Frameworks/AudioToolbox.framework/Versions/A/AudioToolbox
0x0000000052580000 	/System/Library/Frameworks/AudioUnit.framework/Versions/A/AudioUnit
0x0000000052580000 	/System/Library/PrivateFrameworks/DataDetectorsCore.framework/Versions/A/DataDetectorsCore
0x0000000052580000 	/System/Library/PrivateFrameworks/DesktopServicesPriv.framework/Versions/A/DesktopServicesPriv
0x0000000052580000 	/System/Library/Frameworks/Carbon.framework/Versions/A/Frameworks/HIToolbox.framework/Versions/A/HIToolbox
0x0000000052580000 	/usr/lib/libicucore.A.dylib
0x0000000052580000 	/System/Library/Frameworks/QuartzCore.framework/Versions/A/QuartzCore
0x0000000052580000 	/System/Library/Frameworks/Carbon.framework/Versions/A/Frameworks/SpeechRecognition.framework/Versions/A/SpeechRecognition
0x0000000052580000 	/usr/lib/libauto.dylib
0x0000000052580000 	/usr/lib/libxml2.2.dylib
0x0000000052580000 	/System/Library/PrivateFrameworks/CoreUI.framework/Versions/A/CoreUI
0x0000000052580000 	/System/Library/Frameworks/CoreAudio.framework/Versions/A/CoreAudio
0x0000000052580000 	/System/Library/Frameworks/DiskArbitration.framework/Versions/A/DiskArbitration
0x0000000052580000 	/usr/lib/liblangid.dylib
0x0000000052580000 	/System/Library/PrivateFrameworks/MultitouchSupport.framework/Versions/A/MultitouchSupport
0x0000000052580000 	/System/Library/Frameworks/IOKit.framework/Versions/A/IOKit
0x0000000052580000 	/usr/lib/libDiagnosticMessagesClient.dylib
0x0000000052580000 	/System/Library/Frameworks/CoreServices.framework/Versions/A/CoreServices
0x0000000052580000 	/System/Library/PrivateFrameworks/PerformanceAnalysis.framework/Versions/A/PerformanceAnalysis
0x0000000052580000 	/System/Library/PrivateFrameworks/GenerationalStorage.framework/Versions/A/GenerationalStorage
0x0000000052580000 	/System/Library/Frameworks/OpenGL.framework/Versions/A/OpenGL
0x0000000052580000 	/System/Library/Frameworks/CoreImage.framework/Versions/A/CoreImage
0x0000000052580000 	/System/Library/Frameworks/CoreText.framework/Versions/A/CoreText
0x0000000052580000 	/System/Library/Frameworks/ImageIO.framework/Versions/A/ImageIO
0x0000000052580000 	/System/Library/PrivateFrameworks/Backup.framework/Versions/A/Backup
0x0000000052580000 	/usr/lib/libarchive.2.dylib
0x0000000052580000 	/System/Library/Frameworks/CFNetwork.framework/Versions/A/CFNetwork
0x0000000052580000 	/System/Library/Frameworks/SystemConfiguration.framework/Versions/A/SystemConfiguration
0x0000000052580000 	/usr/lib/libCRFSuite.dylib
0x0000000052580000 	/usr/lib/libc++.1.dylib
0x0000000052580000 	/usr/lib/libc++abi.dylib
0x0000000052580000 	/usr/lib/system/libcache.dylib
0x0000000052580000 	/usr/lib/system/libcommonCrypto.dylib
0x0000000052580000 	/usr/lib/system/libcompiler_rt.dylib
0x0000000052580000 	/usr/lib/system/libcopyfile.dylib
0x0000000052580000 	/usr/lib/system/libcorecrypto.dylib
0x0000000052580000 	/usr/lib/system/libdispatch.dylib
0x0000000052580000 	/usr/lib/system/libdyld.dylib
0x0000000052580000 	/usr/lib/system/libkeymgr.dylib
0x0000000052580000 	/usr/lib/system/liblaunch.dylib
0x0000000052580000 	/usr/lib/system/libmacho.dylib
0x0000000052580000 	/usr/lib/system/libquarantine.dylib
0x0000000052580000 	/usr/lib/system/libremovefile.dylib
0x0000000052580000 	/usr/lib/system/libsystem_asl.dylib
0x0000000052580000 	/usr/lib/system/libsystem_blocks.dylib
0x0000000052580000 	/usr/lib/system/libsystem_c.dylib
0x0000000052580000 	/usr/lib/system/libsystem_configuration.dylib
0x0000000052580000 	/usr/lib/system/libsystem_coreservices.dylib
0x0000000052580000 	/usr/lib/system/libsystem_coretls.dylib
0x0000000052580000 	/usr/lib/system/libsystem_dnssd.dylib
0x0000000052580000 	/usr/lib/system/libsystem_info.dylib
0x0000000052580000 	/usr/lib/system/libsystem_kernel.dylib
0x0000000052580000 	/usr/lib/system/libsystem_m.dylib
0x0000000052580000 	/usr/lib/system/libsystem_malloc.dylib
0x0000000052580000 	/usr/lib/system/libsystem_network.dylib
0x0000000052580000 	/usr/lib/system/libsystem_networkextension.dylib
0x0000000052580000 	/usr/lib/system/libsystem_notify.dylib
0x0000000052580000 	/usr/lib/system/libsystem_platform.dylib
0x0000000052580000 	/usr/lib/system/libsystem_pthread.dylib
0x0000000052580000 	/usr/lib/system/libsystem_sandbox.dylib
0x0000000052580000 	/usr/lib/system/libsystem_secinit.dylib
0x0000000052580000 	/usr/lib/system/libsystem_symptoms.dylib
0x0000000052580000 	/usr/lib/system/libsystem_trace.dylib
0x0000000052580000 	/usr/lib/system/libunwind.dylib
0x0000000052580000 	/usr/lib/system/libxpc.dylib
0x0000000052580000 	/usr/lib/libbsm.0.dylib
0x0000000052580000 	/usr/lib/system/libkxld.dylib
0x0000000052580000 	/usr/lib/libcoretls.dylib
0x0000000052580000 	/usr/lib/libcoretls_cfhelpers.dylib
0x0000000052580000 	/usr/lib/libOpenScriptingUtil.dylib
0x0000000052580000 	/usr/lib/libpam.2.dylib
0x0000000052580000 	/usr/lib/libsqlite3.dylib
0x0000000052580000 	/usr/lib/libxar.1.dylib
0x0000000052580000 	/usr/lib/libbz2.1.0.dylib
0x0000000052580000 	/usr/lib/liblzma.5.dylib
0x0000000052580000 	/usr/lib/libnetwork.dylib
0x0000000052580000 	/usr/lib/libpcap.A.dylib
0x0000000052580000 	/System/Library/Frameworks/CoreServices.framework/Versions/A/Frameworks/FSEvents.framework/Versions/A/FSEvents
0x0000000052580000 	/System/Library/Frameworks/CoreServices.framework/Versions/A/Frameworks/CarbonCore.framework/Versions/A/CarbonCore
0x0000000052580000 	/System/Library/Frameworks/CoreServices.framework/Versions/A/Frameworks/Metadata.framework/Versions/A/Metadata
0x0000000052580000 	/System/Library/Frameworks/CoreServices.framework/Versions/A/Frameworks/OSServices.framework/Versions/A/OSServices
0x0000000052580000 	/System/Library/Frameworks/CoreServices.framework/Versions/A/Frameworks/SearchKit.framework/Versions/A/SearchKit
0x0000000052580000 	/System/Library/Frameworks/CoreServices.framework/Versions/A/Frameworks/AE.framework/Versions/A/AE
0x0000000052580000 	/System/Library/Frameworks/CoreServices.framework/Versions/A/Frameworks/LaunchServices.framework/Versions/A/LaunchServices
0x0000000052580000 	/System/Library/Frameworks/CoreServices.framework/Versions/A/Frameworks/DictionaryServices.framework/Versions/A/DictionaryServices
0x0000000052580000 	/System/Library/Frameworks/CoreServices.framework/Versions/A/Frameworks/SharedFileList.framework/Versions/A/SharedFileList
0x0000000052580000 	/System/Library/Frameworks/NetFS.framework/Versions/A/NetFS
0x0000000052580000 	/System/Library/PrivateFrameworks/NetAuth.framework/Versions/A/NetAuth
0x0000000052580000 	/System/Library/PrivateFrameworks/login.framework/Versions/A/Frameworks/loginsupport.framework/Versions/A/loginsupport
0x0000000052580000 	/System/Library/PrivateFrameworks/TCC.framework/Versions/A/TCC
0x0000000052580000 	/usr/lib/libmecabra.dylib
0x0000000052580000 	/System/Library/Frameworks/ApplicationServices.framework/Versions/A/Frameworks/ATS.framework/Versions/A/ATS
0x0000000052580000 	/System/Library/Frameworks/ApplicationServices.framework/Versions/A/Frameworks/ColorSync.framework/Versions/A/ColorSync
0x0000000052580000 	/System/Library/Frameworks/ApplicationServices.framework/Versions/A/Frameworks/HIServices.framework/Versions/A/HIServices
0x0000000052580000 	/System/Library/Frameworks/ApplicationServices.framework/Versions/A/Frameworks/LangAnalysis.framework/Versions/A/LangAnalysis
0x0000000052580000 	/System/Library/Frameworks/ApplicationServices.framework/Versions/A/Frameworks/PrintCore.framework/Versions/A/PrintCore
0x0000000052580000 	/System/Library/Frameworks/ApplicationServices.framework/Versions/A/Frameworks/QD.framework/Versions/A/QD
0x0000000052580000 	/System/Library/Frameworks/ApplicationServices.framework/Versions/A/Frameworks/SpeechSynthesis.framework/Versions/A/SpeechSynthesis
0x0000000052580000 	/System/Library/Frameworks/Accelerate.framework/Versions/A/Frameworks/vImage.framework/Versions/A/vImage
0x0000000052580000 	/System/Library/Frameworks/Accelerate.framework/Versions/A/Frameworks/vecLib.framework/Versions/A/vecLib
0x0000000052580000 	/System/Library/Frameworks/Accelerate.framework/Versions/A/Frameworks/vecLib.framework/Versions/A/libvDSP.dylib
0x0000000052580000 	/System/Library/Frameworks/Accelerate.framework/Versions/A/Frameworks/vecLib.framework/Versions/A/libBNNS.dylib
0x0000000052580000 	/System/Library/Frameworks/Accelerate.framework/Versions/A/Frameworks/vecLib.framework/Versions/A/libQuadrature.dylib
0x0000000052580000 	/System/Library/Frameworks/Accelerate.framework/Versions/A/Frameworks/vecLib.framework/Versions/A/libvMisc.dylib
0x0000000052580000 	/System/Library/Frameworks/Accelerate.framework/Versions/A/Frameworks/vecLib.framework/Versions/A/libLAPACK.dylib
0x0000000052580000 	/System/Library/Frameworks/Accelerate.framework/Versions/A/Frameworks/vecLib.framework/Versions/A/libBLAS.dylib
0x0000000052580000 	/System/Library/Frameworks/Accelerate.framework/Versions/A/Frameworks/vecLib.framework/Versions/A/libLinearAlgebra.dylib
0x0000000052580000 	/System/Library/Frameworks/Accelerate.framework/Versions/A/Frameworks/vecLib.framework/Versions/A/libSparseBLAS.dylib
0x0000000052580000 	/System/Library/Frameworks/ApplicationServices.framework/Versions/A/Frameworks/ATS.framework/Versions/A/Resources/libFontParser.dylib
0x0000000052580000 	/System/Library/Frameworks/ApplicationServices.framework/Versions/A/Frameworks/ATS.framework/Versions/A/Resources/libFontRegistry.dylib
0x0000000052580000 	/System/Library/Frameworks/ImageIO.framework/Versions/A/Resources/libJPEG.dylib
0x0000000052580000 	/System/Library/Frameworks/ImageIO.framework/Versions/A/Resources/libTIFF.dylib
0x0000000052580000 	/System/Library/Frameworks/ImageIO.framework/Versions/A/Resources/libPng.dylib
0x0000000052580000 	/System/Library/Frameworks/ImageIO.framework/Versions/A/Resources/libGIF.dylib
0x0000000052580000 	/System/Library/Frameworks/ImageIO.framework/Versions/A/Resources/libJP2.dylib
0x0000000052580000 	/System/Library/Frameworks/ImageIO.framework/Versions/A/Resources/libRadiance.dylib
0x0000000052580000 	/usr/lib/libcompression.dylib
0x0000000052580000 	/System/Library/PrivateFrameworks/AppleJPEG.framework/Versions/A/AppleJPEG
0x0000000052580000 	/usr/lib/libcups.2.dylib
0x0000000052580000 	/System/Library/Frameworks/Kerberos.framework/Versions/A/Kerberos
0x0000000052580000 	/System/Library/Frameworks/GSS.framework/Versions/A/GSS
0x0000000052580000 	/usr/lib/libresolv.9.dylib
0x0000000052580000 	/usr/lib/libiconv.2.dylib
0x0000000052580000 	/System/Library/PrivateFrameworks/Heimdal.framework/Versions/A/Heimdal
0x0000000052580000 	/usr/lib/libheimdal-asn1.dylib
0x0000000052580000 	/System/Library/Frameworks/OpenDirectory.framework/Versions/A/OpenDirectory
0x0000000052580000 	/System/Library/PrivateFrameworks/CommonAuth.framework/Versions/A/CommonAuth
0x0000000052580000 	/System/Library/Frameworks/OpenDirectory.framework/Versions/A/Frameworks/CFOpenDirectory.framework/Versions/A/CFOpenDirectory
0x0000000052580000 	/System/Library/Frameworks/SecurityFoundation.framework/Versions/A/SecurityFoundation
0x0000000052580000 	/System/Library/PrivateFrameworks/LanguageModeling.framework/Versions/A/LanguageModeling
0x0000000052580000 	/usr/lib/libmarisa.dylib
0x0000000052580000 	/usr/lib/libChineseTokenizer.dylib
0x0000000052580000 	/usr/lib/libcmph.dylib
0x0000000052580000 	/System/Library/PrivateFrameworks/CoreEmoji.framework/Versions/A/CoreEmoji
0x0000000052580000 	/System/Library/Frameworks/ServiceManagement.framework/Versions/A/ServiceManagement
0x0000000052580000 	/usr/lib/libxslt.1.dylib
0x0000000052580000 	/System/Library/Frameworks/Carbon.framework/Versions/A/Frameworks/Ink.framework/Versions/A/Ink
0x0000000052580000 	/System/Library/PrivateFrameworks/TextureIO.framework/Versions/A/TextureIO
0x0000000052580000 	/System/Library/Frameworks/Metal.framework/Versions/A/Metal
0x0000000052580000 	/usr/lib/libate.dylib
0x0000000052580000 	/System/Library/PrivateFrameworks/GPUCompiler.framework/libmetal_timestamp.dylib
0x0000000052580000 	/System/Library/Frameworks/OpenGL.framework/Versions/A/Libraries/libCoreFSCache.dylib
0x0000000052580000 	/System/Library/PrivateFrameworks/IOAccelerator.framework/Versions/A/IOAccelerator
0x0000000052580000 	/System/Library/Frameworks/CoreVideo.framework/Versions/A/CoreVideo
0x0000000052580000 	/usr/lib/libFosl_dynamic.dylib
0x0000000052580000 	/System/Library/PrivateFrameworks/MetalPerformanceShaders.framework/Versions/A/MetalPerformanceShaders
0x0000000052580000 	/System/Library/PrivateFrameworks/FaceCore.framework/Versions/A/FaceCore
0x0000000052580000 	/System/Library/Frameworks/OpenCL.framework/Versions/A/OpenCL
0x0000000052580000 	/System/Library/Frameworks/OpenGL.framework/Versions/A/Libraries/libGLU.dylib
0x0000000052580000 	/System/Library/Frameworks/OpenGL.framework/Versions/A/Libraries/libGFXShared.dylib
0x0000000052580000 	/System/Library/Frameworks/OpenGL.framework/Versions/A/Libraries/libGL.dylib
0x0000000052580000 	/System/Library/Frameworks/OpenGL.framework/Versions/A/Libraries/libGLImage.dylib
0x0000000052580000 	/System/Library/Frameworks/OpenGL.framework/Versions/A/Libraries/libCVMSPluginSupport.dylib
0x0000000052580000 	/System/Library/Frameworks/OpenGL.framework/Versions/A/Libraries/libCoreVMClient.dylib
0x0000000052580000 	/System/Library/PrivateFrameworks/CrashReporterSupport.framework/Versions/A/CrashReporterSupport
0x0000000052580000 	/System/Library/PrivateFrameworks/Sharing.framework/Versions/A/Sharing
0x0000000052580000 	/System/Library/PrivateFrameworks/IconServices.framework/Versions/A/IconServices
0x0000000052580000 	/System/Library/PrivateFrameworks/ProtocolBuffer.framework/Versions/A/ProtocolBuffer
0x0000000052580000 	/System/Library/PrivateFrameworks/Apple80211.framework/Versions/A/Apple80211
0x0000000052580000 	/System/Library/Frameworks/CoreWLAN.framework/Versions/A/CoreWLAN
0x0000000052580000 	/System/Library/PrivateFrameworks/CoreUtils.framework/Versions/A/CoreUtils
0x0000000052580000 	/System/Library/Frameworks/IOBluetooth.framework/Versions/A/IOBluetooth
0x0000000052580000 	/System/Library/PrivateFrameworks/CoreWiFi.framework/Versions/A/CoreWiFi
0x0000000052580000 	/System/Library/Frameworks/CoreBluetooth.framework/Versions/A/CoreBluetooth
0x0000000052580000 	/System/Library/Frameworks/CoreDisplay.framework/Versions/A/CoreDisplay
0x0000000052580000 	/System/Library/PrivateFrameworks/IOPresentment.framework/Versions/A/IOPresentment
0x0000000052580000 	/System/Library/PrivateFrameworks/DSExternalDisplay.framework/Versions/A/DSExternalDisplay
0x0000000052580000 	/System/Library/PrivateFrameworks/DebugSymbols.framework/Versions/A/DebugSymbols
0x0000000052580000 	/System/Library/PrivateFrameworks/CoreSymbolication.framework/Versions/A/CoreSymbolication
0x0000000052580000 	/System/Library/PrivateFrameworks/Symbolication.framework/Versions/A/Symbolication
0x0000000052580000 	/System/Library/PrivateFrameworks/AppleFSCompression.framework/Versions/A/AppleFSCompression
0x0000000052580000 	/System/Library/PrivateFrameworks/SpeechRecognitionCore.framework/Versions/A/SpeechRecognitionCore
0x0000000052580000 	/System/Library/PrivateFrameworks/ChunkingLibrary.framework/Versions/A/ChunkingLibrary
0x000000010a9bb000 	/System/Library/CoreServices/Encodings/libSimplifiedChineseConverter.dylib
0x000000010bc00000 	/Library/Java/JavaVirtualMachines/jdk1.8.0_51.jdk/Contents/Home/jre/lib/server/libjvm.dylib
0x0000000052580000 	/usr/lib/libstdc++.6.dylib
0x000000010aa31000 	/Library/Java/JavaVirtualMachines/jdk1.8.0_51.jdk/Contents/Home/jre/lib/libverify.dylib
0x000000010aa3f000 	/Library/Java/JavaVirtualMachines/jdk1.8.0_51.jdk/Contents/Home/jre/lib/libjava.dylib
0x000000010aa7e000 	/Library/Java/JavaVirtualMachines/jdk1.8.0_51.jdk/Contents/Home/jre/lib/libzip.dylib
0x0000000118a85000 	/System/Library/Frameworks/JavaVM.framework/Frameworks/JavaRuntimeSupport.framework/JavaRuntimeSupport
0x0000000118a9f000 	/System/Library/Frameworks/JavaVM.framework/Versions/A/Frameworks/JavaNativeFoundation.framework/Versions/A/JavaNativeFoundation
0x0000000118ab4000 	/System/Library/Frameworks/JavaVM.framework/Versions/A/JavaVM
0x0000000052580000 	/System/Library/Frameworks/Carbon.framework/Versions/A/Carbon
0x0000000118ac1000 	/System/Library/PrivateFrameworks/JavaLaunching.framework/Versions/A/JavaLaunching
0x0000000052580000 	/System/Library/Frameworks/Carbon.framework/Versions/A/Frameworks/CommonPanels.framework/Versions/A/CommonPanels
0x0000000052580000 	/System/Library/Frameworks/Carbon.framework/Versions/A/Frameworks/Help.framework/Versions/A/Help
0x0000000052580000 	/System/Library/Frameworks/Carbon.framework/Versions/A/Frameworks/ImageCapture.framework/Versions/A/ImageCapture
0x0000000052580000 	/System/Library/Frameworks/Carbon.framework/Versions/A/Frameworks/OpenScripting.framework/Versions/A/OpenScripting
0x0000000052580000 	/System/Library/Frameworks/Carbon.framework/Versions/A/Frameworks/Print.framework/Versions/A/Print
0x0000000052580000 	/System/Library/Frameworks/Carbon.framework/Versions/A/Frameworks/SecurityHI.framework/Versions/A/SecurityHI
0x0000000118bb2000 	/Library/Java/JavaVirtualMachines/jdk1.8.0_51.jdk/Contents/Home/jre/lib/libprism_es2.dylib
0x0000000118c18000 	/System/Library/Frameworks/OpenGL.framework/Resources/GLEngine.bundle/GLEngine
0x0000000052580000 	/System/Library/Frameworks/OpenGL.framework/Versions/A/Libraries/libGLProgrammability.dylib
0x0000000118dfd000 	/System/Library/Extensions/AppleIntelHD5000GraphicsGLDriver.bundle/Contents/MacOS/AppleIntelHD5000GraphicsGLDriver
0x0000000052580000 	/System/Library/PrivateFrameworks/GPUSupport.framework/Versions/A/Libraries/libGPUSupportMercury.dylib
0x0000000052580000 	/System/Library/Extensions/GeForceGLDriver.bundle/Contents/MacOS/GeForceGLDriver
0x0000000052580000 	/System/Library/Extensions/GeForceGLDriver.bundle/Contents/MacOS/libclh.dylib
0x0000000119574000 	/System/Library/Frameworks/OpenGL.framework/Resources//GLRendererFloat.bundle/GLRendererFloat
0x0000000052580000 	/System/Library/Frameworks/OpenCL.framework/Versions/A/Libraries/libcldcpuengine.dylib
0x0000000052580000 	/usr/lib/libcrypto.0.9.8.dylib
0x0000000052580000 	/System/Library/PrivateFrameworks/TrustEvaluationAgent.framework/Versions/A/TrustEvaluationAgent
0x0000000119810000 	/Library/Java/JavaVirtualMachines/jdk1.8.0_51.jdk/Contents/Home/jre/lib/libglass.dylib
0x0000000052580000 	/System/Library/PrivateFrameworks/CoreServicesInternal.framework/Versions/A/CoreServicesInternal
0x0000000052580000 	/System/Library/CoreServices/RawCamera.bundle/Contents/MacOS/RawCamera
0x0000000052580000 	/System/Library/Frameworks/Accelerate.framework/Versions/A/Frameworks/vImage.framework/Versions/A/Libraries/libCGInterfaces.dylib
0x0000000052580000 	/System/Library/PrivateFrameworks/FamilyControls.framework/Versions/A/FamilyControls
0x0000000052580000 	/System/Library/PrivateFrameworks/CommerceKit.framework/Versions/A/Frameworks/CommerceCore.framework/Versions/A/CommerceCore
0x0000000052580000 	/System/Library/PrivateFrameworks/SystemAdministration.framework/Versions/A/SystemAdministration
0x0000000052580000 	/System/Library/PrivateFrameworks/AppContainer.framework/Versions/A/AppContainer
0x0000000052580000 	/System/Library/PrivateFrameworks/SecCodeWrapper.framework/Versions/A/SecCodeWrapper
0x0000000052580000 	/System/Library/Frameworks/DirectoryService.framework/Versions/A/DirectoryService
0x0000000052580000 	/System/Library/PrivateFrameworks/DiskImages.framework/Versions/A/DiskImages
0x0000000052580000 	/System/Library/PrivateFrameworks/LoginUIKit.framework/Versions/A/Frameworks/LoginUICore.framework/Versions/A/LoginUICore
0x0000000052580000 	/usr/lib/libCoreStorage.dylib
0x0000000052580000 	/usr/lib/libcsfde.dylib
0x0000000052580000 	/usr/lib/libodfde.dylib
0x0000000052580000 	/System/Library/Frameworks/DiscRecording.framework/Versions/A/DiscRecording
0x0000000052580000 	/usr/lib/libcurl.4.dylib
0x0000000052580000 	/System/Library/PrivateFrameworks/MediaKit.framework/Versions/A/MediaKit
0x0000000052580000 	/System/Library/PrivateFrameworks/ProtectedCloudStorage.framework/Versions/A/ProtectedCloudStorage
0x0000000052580000 	/System/Library/PrivateFrameworks/EFILogin.framework/Versions/A/EFILogin
0x0000000052580000 	/usr/lib/libutil.dylib
0x0000000052580000 	/System/Library/Frameworks/LDAP.framework/Versions/A/LDAP
0x0000000052580000 	/usr/lib/libsasl2.2.dylib
0x0000000052580000 	/System/Library/PrivateFrameworks/CoreDaemon.framework/Versions/B/CoreDaemon
0x0000000052580000 	/System/Library/PrivateFrameworks/AppleSRP.framework/Versions/A/AppleSRP
0x0000000052580000 	/System/Library/PrivateFrameworks/APFS.framework/Versions/A/APFS
0x000000012b001000 	/Library/Java/JavaVirtualMachines/jdk1.8.0_51.jdk/Contents/Home/jre/lib/libglib-lite.dylib
0x000000012e1ca000 	/Library/Java/JavaVirtualMachines/jdk1.8.0_51.jdk/Contents/Home/jre/lib/libgstreamer-lite.dylib
0x000000012e34d000 	/Library/Java/JavaVirtualMachines/jdk1.8.0_51.jdk/Contents/Home/jre/lib/libjfxmedia.dylib
0x000000012e38e000 	/Library/Java/JavaVirtualMachines/jdk1.8.0_51.jdk/Contents/Home/jre/lib/libjfxmedia_avf.dylib
0x0000000052580000 	/System/Library/Frameworks/AVFoundation.framework/Versions/A/AVFoundation
0x0000000052580000 	/System/Library/Frameworks/CoreMedia.framework/Versions/A/CoreMedia
0x0000000052580000 	/System/Library/Frameworks/MediaToolbox.framework/Versions/A/MediaToolbox
0x0000000052580000 	/System/Library/Frameworks/AVFoundation.framework/Versions/A/Frameworks/AVFAudio.framework/Versions/A/AVFAudio
0x0000000052580000 	/System/Library/Frameworks/VideoToolbox.framework/Versions/A/VideoToolbox
0x0000000052580000 	/System/Library/PrivateFrameworks/IntlPreferences.framework/Versions/A/IntlPreferences
0x0000000052580000 	/System/Library/Frameworks/CoreMediaIO.framework/Versions/A/CoreMediaIO
0x0000000052580000 	/usr/lib/libspindump.dylib
0x0000000052580000 	/usr/lib/libdscsym.dylib
0x0000000052580000 	/System/Library/PrivateFrameworks/CoreAVCHD.framework/Versions/A/CoreAVCHD
0x0000000052580000 	/System/Library/Frameworks/MediaAccessibility.framework/Versions/A/MediaAccessibility
0x0000000052580000 	/System/Library/PrivateFrameworks/Mangrove.framework/Versions/A/Mangrove
0x0000000052580000 	/System/Library/PrivateFrameworks/CoreAUC.framework/Versions/A/CoreAUC
0x0000000052580000 	/System/Library/PrivateFrameworks/AppleVA.framework/Versions/A/AppleVA
0x0000000052580000 	/System/Library/PrivateFrameworks/XPCService.framework/Versions/A/XPCService
0x0000000052580000 	/System/Library/PrivateFrameworks/AppSandbox.framework/Versions/A/AppSandbox
0x0000000052580000 	/usr/lib/libsandbox.1.dylib
0x0000000052580000 	/usr/lib/libMatch.1.dylib
0x000000012e3c6000 	/Library/Java/JavaVirtualMachines/jdk1.8.0_51.jdk/Contents/Home/jre/lib/libjfxmedia_qtkit.dylib
0x0000000052580000 	/System/Library/Frameworks/QTKit.framework/Versions/A/QTKit
0x0000000052580000 	/System/Library/PrivateFrameworks/CoreMediaAuthoring.framework/Versions/A/CoreMediaAuthoring
0x000000012e3d5000 	/Library/Java/JavaVirtualMachines/jdk1.8.0_51.jdk/Contents/Home/jre/lib/libfxplugins.dylib
0x000000012b127000 	/System/Library/Frameworks/VideoDecodeAcceleration.framework/Versions/A/VideoDecodeAcceleration
0x000000012e400000 	/Library/Java/JavaVirtualMachines/jdk1.8.0_51.jdk/Contents/Home/jre/lib/libnet.dylib
0x000000012e45f000 	/Library/Java/JavaVirtualMachines/jdk1.8.0_51.jdk/Contents/Home/jre/lib/libnio.dylib
0x000000012e46f000 	/System/Library/Extensions/AppleHDA.kext/Contents/PlugIns/AppleHDAHALPlugIn.bundle/Contents/MacOS/AppleHDAHALPlugIn
0x000000012e4a0000 	/System/Library/Components/CoreAudio.component/Contents/MacOS/CoreAudio
0x0000000052580000 	/System/Library/PrivateFrameworks/AppleGVA.framework/Versions/A/AppleGVA
0x000000012e7e0000 	/System/Library/Components/AudioCodecs.component/Contents/MacOS/AudioCodecs
0x000000012ee36000 	/Library/Java/JavaVirtualMachines/jdk1.8.0_51.jdk/Contents/Home/jre/lib/libjavafx_font.dylib
0x0000000052580000 	/System/Library/Frameworks/ApplicationServices.framework/Versions/A/Frameworks/ATS.framework/Versions/A/Resources/libTrueTypeScaler.dylib
0x0000000052580000 	/System/Library/Extensions/GeForceMTLDriver.bundle/Contents/MacOS/GeForceMTLDriver
0x0000000130e99000 	/System/Library/Extensions/AppleIntelHD5000GraphicsMTLDriver.bundle/Contents/MacOS/AppleIntelHD5000GraphicsMTLDriver
0x0000000131259000 	/Library/Java/JavaVirtualMachines/jdk1.8.0_51.jdk/Contents/Home/jre/lib/libprism_common.dylib

VM Arguments:
jvm_args: -Dfile.encoding=UTF-8 
java_command: /Users/kaiyan/java/liang/ch16/MediaDemo/dist/run527665143/MediaDemo.jar
java_class_path (initial): /Users/kaiyan/java/liang/ch16/MediaDemo/dist/run527665143/MediaDemo.jar
Launcher Type: SUN_STANDARD

Environment Variables:
PATH=/usr/bin:/bin:/usr/sbin:/sbin
LD_LIBRARY_PATH=/Library/Java/JavaVirtualMachines/jdk1.8.0_51.jdk/Contents/Home/jre/lib/amd64:/Library/Java/JavaVirtualMachines/jdk1.8.0_51.jdk/Contents/Home/jre/lib/i386:
SHELL=/bin/bash
DISPLAY=/private/tmp/com.apple.launchd.MOdkoi3CV4/org.macosforge.xquartz:0

Signal Handlers:
SIGSEGV: [libjvm.dylib+0x58ef35], sa_mask[0]=11111111011111110111111111111111, sa_flags=SA_ONSTACK|SA_RESTART|SA_SIGINFO
SIGBUS: [libjvm.dylib+0x58ef35], sa_mask[0]=11111111011111110111111111111111, sa_flags=SA_RESTART|SA_SIGINFO
SIGFPE: [libjvm.dylib+0x46c028], sa_mask[0]=11111111011111110111111111111111, sa_flags=SA_RESTART|SA_SIGINFO
SIGPIPE: [libjvm.dylib+0x46c028], sa_mask[0]=11111111011111110111111111111111, sa_flags=SA_RESTART|SA_SIGINFO
SIGXFSZ: [libjvm.dylib+0x46c028], sa_mask[0]=11111111011111110111111111111111, sa_flags=SA_RESTART|SA_SIGINFO
SIGILL: [libjvm.dylib+0x46c028], sa_mask[0]=11111111011111110111111111111111, sa_flags=SA_RESTART|SA_SIGINFO
SIGUSR1: SIG_DFL, sa_mask[0]=00000000000000000000000000000000, sa_flags=none
SIGUSR2: [libjvm.dylib+0x46bb46], sa_mask[0]=00100000000000000000000000000000, sa_flags=SA_RESTART|SA_SIGINFO
SIGHUP: [libjvm.dylib+0x46a119], sa_mask[0]=11111111011111110111111111111111, sa_flags=SA_RESTART|SA_SIGINFO
SIGINT: SIG_IGN, sa_mask[0]=00000000000000000000000000000000, sa_flags=none
SIGTERM: [libjvm.dylib+0x46a119], sa_mask[0]=11111111011111110111111111111111, sa_flags=SA_RESTART|SA_SIGINFO
SIGQUIT: [libjvm.dylib+0x46a119], sa_mask[0]=11111111011111110111111111111111, sa_flags=SA_RESTART|SA_SIGINFO


---------------  S Y S T E M  ---------------

OS:Bsduname:Darwin 16.7.0 Darwin Kernel Version 16.7.0: Thu Jun 21 20:07:39 PDT 2018; root:xnu-3789.73.14~1/RELEASE_X86_64 x86_64
rlimit: STACK 8192k, CORE 0k, NPROC 709, NOFILE 10240, AS infinity
load average:1.53 1.69 1.65

CPU:total 8 (4 cores per cpu, 2 threads per core) family 6 model 70 stepping 1, cmov, cx8, fxsr, mmx, sse, sse2, sse3, ssse3, sse4.1, sse4.2, popcnt, avx, avx2, aes, clmul, erms, lzcnt, ht, tsc, tscinvbit, bmi1, bmi2

Memory: 4k page, physical 16777216k(4120156k free)

/proc/meminfo:


vm_info: Java HotSpot(TM) 64-Bit Server VM (25.51-b03) for bsd-amd64 JRE (1.8.0_51-b16), built on Jun  8 2015 18:01:11 by "java_re" with gcc 4.2.1 (Based on Apple Inc. build 5658) (LLVM build 2336.11.00)

time: Wed Sep 12 18:51:55 2018
elapsed time: 6 seconds (0d 0h 0m 6s)

